#
# There is insufficient memory for the Java Runtime Environment to continue.
# Native memory allocation (malloc) failed to allocate 1278416 bytes. Error detail: Chunk::new
# Possible reasons:
#   The system is out of physical RAM or swap space
#   This process is running with CompressedOops enabled, and the Java Heap may be blocking the growth of the native heap
# Possible solutions:
#   Reduce memory load on the system
#   Increase physical memory or swap space
#   Check if swap backing store is full
#   Decrease Java heap size (-Xmx/-Xms)
#   Decrease number of Java threads
#   Decrease Java thread stack sizes (-Xss)
#   Set larger code cache with -XX:ReservedCodeCacheSize=
#   JVM is running with Unscaled Compressed Oops mode in which the Java heap is
#     placed in the first 4GB address space. The Java Heap base address is the
#     maximum limit for the native heap growth. Please use -XX:HeapBaseMinAddress
#     to set the Java Heap base and to place the Java Heap above 4GB virtual address.
# This output file may be truncated or incomplete.
#
#  Out of Memory Error (arena.cpp:168), pid=32740, tid=30964
#
# JRE version: OpenJDK Runtime Environment Temurin-21.0.6+7 (21.0.6+7) (build 21.0.6+7-LTS)
# Java VM: OpenJDK 64-Bit Server VM Temurin-21.0.6+7 (21.0.6+7-LTS, mixed mode, sharing, tiered, compressed oops, compressed class ptrs, g1 gc, windows-amd64)
# No core dump will be written. Minidumps are not enabled by default on client versions of Windows
#

---------------  S U M M A R Y ------------

Command Line: --add-opens=java.base/java.util=ALL-UNNAMED --add-opens=java.base/java.lang=ALL-UNNAMED --add-opens=java.base/java.lang.invoke=ALL-UNNAMED --add-opens=java.prefs/java.util.prefs=ALL-UNNAMED --add-exports=jdk.compiler/com.sun.tools.javac.api=ALL-UNNAMED --add-exports=jdk.compiler/com.sun.tools.javac.util=ALL-UNNAMED --add-opens=java.base/java.nio.charset=ALL-UNNAMED --add-opens=java.base/java.net=ALL-UNNAMED --add-opens=java.base/java.util.concurrent.atomic=ALL-UNNAMED -Xmx2048m -Dfile.encoding=UTF-8 -Duser.country=TR -Duser.language=tr -Duser.variant -javaagent:C:\Users\eray_\.gradle\wrapper\dists\gradle-8.9-bin\90cnw93cvbtalezasaz0blq0a\gradle-8.9\lib\agents\gradle-instrumentation-agent-8.9.jar org.gradle.launcher.daemon.bootstrap.GradleDaemon 8.9

Host: AMD Ryzen 5 7535HS with Radeon Graphics        , 12 cores, 7G,  Windows 11 , 64 bit Build 26100 (10.0.26100.3323)
Time: Tue Apr  8 14:25:40 2025 Türkiye Standart Saati elapsed time: 21.339739 seconds (0d 0h 0m 21s)

---------------  T H R E A D  ---------------

Current thread (0x000001d7efbf0bc0):  JavaThread "C2 CompilerThread0" daemon [_thread_in_native, id=30964, stack(0x000000797dd00000,0x000000797de00000) (1024K)]


Current CompileTask:
C2:21340 6128       4       org.objectweb.asm.MethodWriter::computeAllFrames (510 bytes)

Stack: [0x000000797dd00000,0x000000797de00000]
Native frames: (J=compiled Java code, j=interpreted, Vv=VM code, C=native code)
V  [jvm.dll+0x6cdee9]
V  [jvm.dll+0x8a83d1]
V  [jvm.dll+0x8aa8fe]
V  [jvm.dll+0x8aafe3]
V  [jvm.dll+0x27f706]
V  [jvm.dll+0xc500d]
V  [jvm.dll+0xc5543]
V  [jvm.dll+0x3b6752]
V  [jvm.dll+0x382935]
V  [jvm.dll+0x381d9a]
V  [jvm.dll+0x2479f0]
V  [jvm.dll+0x246fcf]
V  [jvm.dll+0x1c75ee]
V  [jvm.dll+0x25685a]
V  [jvm.dll+0x254dfa]
V  [jvm.dll+0x3f0256]
V  [jvm.dll+0x851f8b]
V  [jvm.dll+0x6cc5ed]
C  [ucrtbase.dll+0x37b0]
C  [KERNEL32.DLL+0x2e8d7]
C  [ntdll.dll+0xbbf6c]


---------------  P R O C E S S  ---------------

Threads class SMR info:
_java_thread_list=0x000001d7f57261d0, length=43, elements={
0x000001d7d2b1df80, 0x000001d7efbd3d10, 0x000001d7efbd4760, 0x000001d7efbd9830,
0x000001d7efbda5e0, 0x000001d7efbdb7d0, 0x000001d7efbdc350, 0x000001d7efbf0bc0,
0x000001d7efbf14c0, 0x000001d7efca9e60, 0x000001d7efe048c0, 0x000001d7f578d8a0,
0x000001d7f5975e90, 0x000001d7f58d23e0, 0x000001d7f56d8310, 0x000001d7f56d8970,
0x000001d7f5aea220, 0x000001d7f59cc010, 0x000001d7f587a770, 0x000001d7f587bb20,
0x000001d7f587ae00, 0x000001d7f587ced0, 0x000001d7f587b490, 0x000001d7f5879a50,
0x000001d7f587c1b0, 0x000001d7f587a0e0, 0x000001d7f79449a0, 0x000001d7f7942f60,
0x000001d7f79456c0, 0x000001d7f79428d0, 0x000001d7f7943c80, 0x000001d7f79463e0,
0x000001d7f7946a70, 0x000001d7f79435f0, 0x000001d7f7944310, 0x000001d7f79484b0,
0x000001d7f7945d50, 0x000001d7f7945030, 0x000001d7f7947790, 0x000001d7f7949860,
0x000001d7f7947e20, 0x000001d7f7948b40, 0x000001d7f7f7e6b0
}

Java Threads: ( => current thread )
  0x000001d7d2b1df80 JavaThread "main"                              [_thread_blocked, id=16924, stack(0x000000797cf00000,0x000000797d000000) (1024K)]
  0x000001d7efbd3d10 JavaThread "Reference Handler"          daemon [_thread_blocked, id=18236, stack(0x000000797d700000,0x000000797d800000) (1024K)]
  0x000001d7efbd4760 JavaThread "Finalizer"                  daemon [_thread_blocked, id=31292, stack(0x000000797d800000,0x000000797d900000) (1024K)]
  0x000001d7efbd9830 JavaThread "Signal Dispatcher"          daemon [_thread_blocked, id=30296, stack(0x000000797d900000,0x000000797da00000) (1024K)]
  0x000001d7efbda5e0 JavaThread "Attach Listener"            daemon [_thread_blocked, id=17776, stack(0x000000797da00000,0x000000797db00000) (1024K)]
  0x000001d7efbdb7d0 JavaThread "Service Thread"             daemon [_thread_blocked, id=30700, stack(0x000000797db00000,0x000000797dc00000) (1024K)]
  0x000001d7efbdc350 JavaThread "Monitor Deflation Thread"   daemon [_thread_blocked, id=27476, stack(0x000000797dc00000,0x000000797dd00000) (1024K)]
=>0x000001d7efbf0bc0 JavaThread "C2 CompilerThread0"         daemon [_thread_in_native, id=30964, stack(0x000000797dd00000,0x000000797de00000) (1024K)]
  0x000001d7efbf14c0 JavaThread "C1 CompilerThread0"         daemon [_thread_blocked, id=18056, stack(0x000000797de00000,0x000000797df00000) (1024K)]
  0x000001d7efca9e60 JavaThread "Common-Cleaner"             daemon [_thread_blocked, id=31348, stack(0x000000797df00000,0x000000797e000000) (1024K)]
  0x000001d7efe048c0 JavaThread "Notification Thread"        daemon [_thread_blocked, id=31752, stack(0x000000797e000000,0x000000797e100000) (1024K)]
  0x000001d7f578d8a0 JavaThread "Daemon health stats"               [_thread_blocked, id=32028, stack(0x000000797e600000,0x000000797e700000) (1024K)]
  0x000001d7f5975e90 JavaThread "Incoming local TCP Connector on port 63964"        [_thread_in_native, id=32352, stack(0x000000797e700000,0x000000797e800000) (1024K)]
  0x000001d7f58d23e0 JavaThread "Daemon periodic checks"            [_thread_blocked, id=32536, stack(0x000000797e800000,0x000000797e900000) (1024K)]
  0x000001d7f56d8310 JavaThread "Daemon"                            [_thread_blocked, id=32424, stack(0x000000797e900000,0x000000797ea00000) (1024K)]
  0x000001d7f56d8970 JavaThread "Handler for socket connection from /127.0.0.1:63964 to /127.0.0.1:63965"        [_thread_in_native, id=20232, stack(0x000000797ea00000,0x000000797eb00000) (1024K)]
  0x000001d7f5aea220 JavaThread "Cancel handler"                    [_thread_blocked, id=32624, stack(0x000000797eb00000,0x000000797ec00000) (1024K)]
  0x000001d7f59cc010 JavaThread "Daemon worker"                     [_thread_in_native, id=32628, stack(0x000000797ec00000,0x000000797ed00000) (1024K)]
  0x000001d7f587a770 JavaThread "Asynchronous log dispatcher for DefaultDaemonConnection: socket connection from /127.0.0.1:63964 to /127.0.0.1:63965"        [_thread_blocked, id=32636, stack(0x000000797ed00000,0x000000797ee00000) (1024K)]
  0x000001d7f587bb20 JavaThread "Stdin handler"                     [_thread_blocked, id=32640, stack(0x000000797ee00000,0x000000797ef00000) (1024K)]
  0x000001d7f587ae00 JavaThread "Daemon client event forwarder"        [_thread_blocked, id=32644, stack(0x000000797ef00000,0x000000797f000000) (1024K)]
  0x000001d7f587ced0 JavaThread "Cache worker for journal cache (C:\Users\eray_\.gradle\caches\journal-1)"        [_thread_blocked, id=32580, stack(0x000000797e100000,0x000000797e200000) (1024K)]
  0x000001d7f587b490 JavaThread "File lock request listener"        [_thread_in_native, id=32608, stack(0x000000797f500000,0x000000797f600000) (1024K)]
  0x000001d7f5879a50 JavaThread "Cache worker for file hash cache (C:\Users\eray_\.gradle\caches\8.9\fileHashes)"        [_thread_blocked, id=31792, stack(0x000000797f600000,0x000000797f700000) (1024K)]
  0x000001d7f587c1b0 JavaThread "File lock release action executor"        [_thread_blocked, id=31760, stack(0x000000797f700000,0x000000797f800000) (1024K)]
  0x000001d7f587a0e0 JavaThread "Cache worker for file hash cache (C:\projeler\SaleApp\.gradle\8.9\fileHashes)"        [_thread_blocked, id=32080, stack(0x000000797fa00000,0x000000797fb00000) (1024K)]
  0x000001d7f79449a0 JavaThread "Cache worker for Build Output Cleanup Cache (C:\projeler\SaleApp\.gradle\buildOutputCleanup)"        [_thread_blocked, id=28960, stack(0x000000797fb00000,0x000000797fc00000) (1024K)]
  0x000001d7f7942f60 JavaThread "File watcher server"        daemon [_thread_in_native, id=32332, stack(0x000000797fc00000,0x000000797fd00000) (1024K)]
  0x000001d7f79456c0 JavaThread "File watcher consumer"      daemon [_thread_blocked, id=32308, stack(0x000000797fd00000,0x000000797fe00000) (1024K)]
  0x000001d7f79428d0 JavaThread "jar transforms"                    [_thread_blocked, id=32416, stack(0x000000797fe00000,0x000000797ff00000) (1024K)]
  0x000001d7f7943c80 JavaThread "jar transforms Thread 2"           [_thread_blocked, id=32420, stack(0x000000797ff00000,0x0000007980000000) (1024K)]
  0x000001d7f79463e0 JavaThread "jar transforms Thread 3"           [_thread_blocked, id=32220, stack(0x0000007900000000,0x0000007900100000) (1024K)]
  0x000001d7f7946a70 JavaThread "Cache worker for checksums cache (C:\projeler\SaleApp\.gradle\8.9\checksums)"        [_thread_blocked, id=32032, stack(0x0000007900300000,0x0000007900400000) (1024K)]
  0x000001d7f79435f0 JavaThread "Cache worker for file content cache (C:\Users\eray_\.gradle\caches\8.9\fileContent)"        [_thread_blocked, id=31660, stack(0x0000007900400000,0x0000007900500000) (1024K)]
  0x000001d7f7944310 JavaThread "Cache worker for cache directory md-rule (C:\Users\eray_\.gradle\caches\8.9\md-rule)"        [_thread_blocked, id=31636, stack(0x0000007900200000,0x0000007900300000) (1024K)]
  0x000001d7f79484b0 JavaThread "Cache worker for cache directory md-supplier (C:\Users\eray_\.gradle\caches\8.9\md-supplier)"        [_thread_blocked, id=29872, stack(0x0000007900500000,0x0000007900600000) (1024K)]
  0x000001d7f7945d50 JavaThread "jar transforms Thread 4"           [_thread_blocked, id=29024, stack(0x0000007900600000,0x0000007900700000) (1024K)]
  0x000001d7f7945030 JavaThread "jar transforms Thread 5"           [_thread_blocked, id=32044, stack(0x0000007900700000,0x0000007900800000) (1024K)]
  0x000001d7f7947790 JavaThread "jar transforms Thread 6"           [_thread_blocked, id=32316, stack(0x0000007900900000,0x0000007900a00000) (1024K)]
  0x000001d7f7949860 JavaThread "jar transforms Thread 7"           [_thread_blocked, id=32404, stack(0x0000007900a00000,0x0000007900b00000) (1024K)]
  0x000001d7f7947e20 JavaThread "jar transforms Thread 8"           [_thread_blocked, id=32408, stack(0x0000007900b00000,0x0000007900c00000) (1024K)]
  0x000001d7f7948b40 JavaThread "jar transforms Thread 9"           [_thread_blocked, id=32368, stack(0x0000007900800000,0x0000007900900000) (1024K)]
  0x000001d7f7f7e6b0 JavaThread "C2 CompilerThread1"         daemon [_thread_blocked, id=32544, stack(0x0000007900100000,0x0000007900200000) (1024K)]
Total: 43

Other Threads:
  0x000001d7efbacfa0 VMThread "VM Thread"                           [id=31028, stack(0x000000797d600000,0x000000797d700000) (1024K)]
  0x000001d7efb9bb10 WatcherThread "VM Periodic Task Thread"        [id=30592, stack(0x000000797d500000,0x000000797d600000) (1024K)]
  0x000001d7d2b78bd0 WorkerThread "GC Thread#0"                     [id=30904, stack(0x000000797d000000,0x000000797d100000) (1024K)]
  0x000001d7f41ddbd0 WorkerThread "GC Thread#1"                     [id=31076, stack(0x000000797e200000,0x000000797e300000) (1024K)]
  0x000001d7f4242e90 WorkerThread "GC Thread#2"                     [id=29392, stack(0x000000797e300000,0x000000797e400000) (1024K)]
  0x000001d7f4243230 WorkerThread "GC Thread#3"                     [id=15176, stack(0x000000797e400000,0x000000797e500000) (1024K)]
  0x000001d7f47486d0 WorkerThread "GC Thread#4"                     [id=31772, stack(0x000000797e500000,0x000000797e600000) (1024K)]
  0x000001d7f572c240 WorkerThread "GC Thread#5"                     [id=32704, stack(0x000000797f000000,0x000000797f100000) (1024K)]
  0x000001d7f5aa72e0 WorkerThread "GC Thread#6"                     [id=32656, stack(0x000000797f100000,0x000000797f200000) (1024K)]
  0x000001d7f5aa7680 WorkerThread "GC Thread#7"                     [id=32660, stack(0x000000797f200000,0x000000797f300000) (1024K)]
  0x000001d7f5aa7a20 WorkerThread "GC Thread#8"                     [id=32664, stack(0x000000797f300000,0x000000797f400000) (1024K)]
  0x000001d7f59befd0 WorkerThread "GC Thread#9"                     [id=32668, stack(0x000000797f400000,0x000000797f500000) (1024K)]
  0x000001d7d2b8a940 ConcurrentGCThread "G1 Main Marker"            [id=31340, stack(0x000000797d100000,0x000000797d200000) (1024K)]
  0x000001d7d2b8baf0 WorkerThread "G1 Conc#0"                       [id=31344, stack(0x000000797d200000,0x000000797d300000) (1024K)]
  0x000001d7f5a06060 WorkerThread "G1 Conc#1"                       [id=32052, stack(0x000000797f800000,0x000000797f900000) (1024K)]
  0x000001d7f5a06400 WorkerThread "G1 Conc#2"                       [id=32196, stack(0x000000797f900000,0x000000797fa00000) (1024K)]
  0x000001d7efa6cec0 ConcurrentGCThread "G1 Refine#0"               [id=16232, stack(0x000000797d300000,0x000000797d400000) (1024K)]
  0x000001d7efa6e7f0 ConcurrentGCThread "G1 Service"                [id=31084, stack(0x000000797d400000,0x000000797d500000) (1024K)]
Total: 18

Threads with active compile tasks:
C2 CompilerThread0  22363 6128       4       org.objectweb.asm.MethodWriter::computeAllFrames (510 bytes)
Total: 1

VM state: not at safepoint (normal execution)

VM Mutex/Monitor currently owned by a thread: None

Heap address: 0x0000000080000000, size: 2048 MB, Compressed Oops mode: 32-bit

CDS archive(s) mapped at: [0x000001d780000000-0x000001d780c80000-0x000001d780c80000), size 13107200, SharedBaseAddress: 0x000001d780000000, ArchiveRelocationMode: 1.
Compressed class space mapped at: 0x000001d781000000-0x000001d7c1000000, reserved size: 1073741824
Narrow klass base: 0x000001d780000000, Narrow klass shift: 0, Narrow klass range: 0x100000000

GC Precious Log:
 CardTable entry size: 512
 Card Set container configuration: InlinePtr #cards 5 size 8 Array Of Cards #cards 12 size 40 Howl #buckets 4 coarsen threshold 1843 Howl Bitmap #cards 512 size 80 coarsen threshold 460 Card regions per heap region 1 cards per card region 2048
 CPUs: 12 total, 12 available
 Memory: 7365M
 Large Page Support: Disabled
 NUMA Support: Disabled
 Compressed Oops: Enabled (32-bit)
 Heap Region Size: 1M
 Heap Min Capacity: 8M
 Heap Initial Capacity: 116M
 Heap Max Capacity: 2G
 Pre-touch: Disabled
 Parallel Workers: 10
 Concurrent Workers: 3
 Concurrent Refinement Workers: 10
 Periodic GC: Disabled

Heap:
 garbage-first heap   total 114688K, used 84756K [0x0000000080000000, 0x0000000100000000)
  region size 1024K, 48 young (49152K), 6 survivors (6144K)
 Metaspace       used 56150K, committed 57984K, reserved 1114112K
  class space    used 7872K, committed 8768K, reserved 1048576K

Heap Regions: E=young(eden), S=young(survivor), O=old, HS=humongous(starts), HC=humongous(continues), CS=collection set, F=free, TAMS=top-at-mark-start, PB=parsable bottom
|   0|0x0000000080000000, 0x0000000080100000, 0x0000000080100000|100%|HS|  |TAMS 0x0000000080000000| PB 0x0000000080000000| Complete 
|   1|0x0000000080100000, 0x0000000080200000, 0x0000000080200000|100%|HC|  |TAMS 0x0000000080100000| PB 0x0000000080100000| Complete 
|   2|0x0000000080200000, 0x0000000080300000, 0x0000000080300000|100%|HC|  |TAMS 0x0000000080200000| PB 0x0000000080200000| Complete 
|   3|0x0000000080300000, 0x0000000080400000, 0x0000000080400000|100%|HC|  |TAMS 0x0000000080300000| PB 0x0000000080300000| Complete 
|   4|0x0000000080400000, 0x0000000080500000, 0x0000000080500000|100%| O|  |TAMS 0x0000000080400000| PB 0x0000000080400000| Untracked 
|   5|0x0000000080500000, 0x0000000080600000, 0x0000000080600000|100%| O|  |TAMS 0x0000000080500000| PB 0x0000000080500000| Untracked 
|   6|0x0000000080600000, 0x0000000080700000, 0x0000000080700000|100%| O|  |TAMS 0x0000000080600000| PB 0x0000000080600000| Untracked 
|   7|0x0000000080700000, 0x0000000080800000, 0x0000000080800000|100%| O|  |TAMS 0x0000000080700000| PB 0x0000000080700000| Untracked 
|   8|0x0000000080800000, 0x0000000080900000, 0x0000000080900000|100%| O|  |TAMS 0x0000000080800000| PB 0x0000000080800000| Untracked 
|   9|0x0000000080900000, 0x0000000080a00000, 0x0000000080a00000|100%| O|  |TAMS 0x0000000080900000| PB 0x0000000080900000| Untracked 
|  10|0x0000000080a00000, 0x0000000080b00000, 0x0000000080b00000|100%| O|  |TAMS 0x0000000080a00000| PB 0x0000000080a00000| Untracked 
|  11|0x0000000080b00000, 0x0000000080c00000, 0x0000000080c00000|100%|HS|  |TAMS 0x0000000080b00000| PB 0x0000000080b00000| Complete 
|  12|0x0000000080c00000, 0x0000000080d00000, 0x0000000080d00000|100%| O|  |TAMS 0x0000000080c00000| PB 0x0000000080c00000| Untracked 
|  13|0x0000000080d00000, 0x0000000080e00000, 0x0000000080e00000|100%| O|  |TAMS 0x0000000080d00000| PB 0x0000000080d00000| Untracked 
|  14|0x0000000080e00000, 0x0000000080f00000, 0x0000000080f00000|100%| O|  |TAMS 0x0000000080e00000| PB 0x0000000080e00000| Untracked 
|  15|0x0000000080f00000, 0x0000000081000000, 0x0000000081000000|100%| O|  |TAMS 0x0000000080f00000| PB 0x0000000080f00000| Untracked 
|  16|0x0000000081000000, 0x0000000081100000, 0x0000000081100000|100%| O|  |TAMS 0x0000000081000000| PB 0x0000000081000000| Untracked 
|  17|0x0000000081100000, 0x0000000081200000, 0x0000000081200000|100%| O|  |TAMS 0x0000000081100000| PB 0x0000000081100000| Untracked 
|  18|0x0000000081200000, 0x0000000081300000, 0x0000000081300000|100%| O|  |TAMS 0x0000000081200000| PB 0x0000000081200000| Untracked 
|  19|0x0000000081300000, 0x0000000081400000, 0x0000000081400000|100%| O|  |TAMS 0x0000000081300000| PB 0x0000000081300000| Untracked 
|  20|0x0000000081400000, 0x0000000081400000, 0x0000000081500000|  0%| F|  |TAMS 0x0000000081400000| PB 0x0000000081400000| Untracked 
|  21|0x0000000081500000, 0x0000000081600000, 0x0000000081600000|100%| O|  |TAMS 0x0000000081500000| PB 0x0000000081500000| Untracked 
|  22|0x0000000081600000, 0x0000000081700000, 0x0000000081700000|100%| O|  |TAMS 0x0000000081600000| PB 0x0000000081600000| Untracked 
|  23|0x0000000081700000, 0x0000000081800000, 0x0000000081800000|100%| O|  |TAMS 0x0000000081700000| PB 0x0000000081700000| Untracked 
|  24|0x0000000081800000, 0x0000000081900000, 0x0000000081900000|100%| O|  |TAMS 0x0000000081800000| PB 0x0000000081800000| Untracked 
|  25|0x0000000081900000, 0x0000000081a00000, 0x0000000081a00000|100%| O|  |TAMS 0x0000000081900000| PB 0x0000000081900000| Untracked 
|  26|0x0000000081a00000, 0x0000000081b00000, 0x0000000081b00000|100%| O|  |TAMS 0x0000000081a00000| PB 0x0000000081a00000| Untracked 
|  27|0x0000000081b00000, 0x0000000081c00000, 0x0000000081c00000|100%| O|  |TAMS 0x0000000081b00000| PB 0x0000000081b00000| Untracked 
|  28|0x0000000081c00000, 0x0000000081d00000, 0x0000000081d00000|100%| O|  |TAMS 0x0000000081c00000| PB 0x0000000081c00000| Untracked 
|  29|0x0000000081d00000, 0x0000000081e00000, 0x0000000081e00000|100%| O|  |TAMS 0x0000000081d00000| PB 0x0000000081d00000| Untracked 
|  30|0x0000000081e00000, 0x0000000081f00000, 0x0000000081f00000|100%| O|  |TAMS 0x0000000081e00000| PB 0x0000000081e00000| Untracked 
|  31|0x0000000081f00000, 0x0000000082000000, 0x0000000082000000|100%| O|  |TAMS 0x0000000081f00000| PB 0x0000000081f00000| Untracked 
|  32|0x0000000082000000, 0x0000000082100000, 0x0000000082100000|100%| O|  |TAMS 0x0000000082000000| PB 0x0000000082000000| Untracked 
|  33|0x0000000082100000, 0x0000000082200000, 0x0000000082200000|100%| O|  |TAMS 0x0000000082100000| PB 0x0000000082100000| Untracked 
|  34|0x0000000082200000, 0x0000000082300000, 0x0000000082300000|100%| O|  |TAMS 0x0000000082200000| PB 0x0000000082200000| Untracked 
|  35|0x0000000082300000, 0x0000000082400000, 0x0000000082400000|100%| O|  |TAMS 0x0000000082300000| PB 0x0000000082300000| Untracked 
|  36|0x0000000082400000, 0x0000000082500000, 0x0000000082500000|100%| O|  |TAMS 0x0000000082400000| PB 0x0000000082400000| Untracked 
|  37|0x0000000082500000, 0x00000000825a15e0, 0x0000000082600000| 63%| O|  |TAMS 0x0000000082500000| PB 0x0000000082500000| Untracked 
|  38|0x0000000082600000, 0x0000000082600000, 0x0000000082700000|  0%| F|  |TAMS 0x0000000082600000| PB 0x0000000082600000| Untracked 
|  39|0x0000000082700000, 0x0000000082700000, 0x0000000082800000|  0%| F|  |TAMS 0x0000000082700000| PB 0x0000000082700000| Untracked 
|  40|0x0000000082800000, 0x0000000082800000, 0x0000000082900000|  0%| F|  |TAMS 0x0000000082800000| PB 0x0000000082800000| Untracked 
|  41|0x0000000082900000, 0x0000000082900000, 0x0000000082a00000|  0%| F|  |TAMS 0x0000000082900000| PB 0x0000000082900000| Untracked 
|  42|0x0000000082a00000, 0x0000000082a00000, 0x0000000082b00000|  0%| F|  |TAMS 0x0000000082a00000| PB 0x0000000082a00000| Untracked 
|  43|0x0000000082b00000, 0x0000000082b00000, 0x0000000082c00000|  0%| F|  |TAMS 0x0000000082b00000| PB 0x0000000082b00000| Untracked 
|  44|0x0000000082c00000, 0x0000000082c00000, 0x0000000082d00000|  0%| F|  |TAMS 0x0000000082c00000| PB 0x0000000082c00000| Untracked 
|  45|0x0000000082d00000, 0x0000000082d00000, 0x0000000082e00000|  0%| F|  |TAMS 0x0000000082d00000| PB 0x0000000082d00000| Untracked 
|  46|0x0000000082e00000, 0x0000000082e00000, 0x0000000082f00000|  0%| F|  |TAMS 0x0000000082e00000| PB 0x0000000082e00000| Untracked 
|  47|0x0000000082f00000, 0x0000000082f23d78, 0x0000000083000000| 14%| S|CS|TAMS 0x0000000082f00000| PB 0x0000000082f00000| Complete 
|  48|0x0000000083000000, 0x0000000083100000, 0x0000000083100000|100%| S|CS|TAMS 0x0000000083000000| PB 0x0000000083000000| Complete 
|  49|0x0000000083100000, 0x0000000083200000, 0x0000000083200000|100%| S|CS|TAMS 0x0000000083100000| PB 0x0000000083100000| Complete 
|  50|0x0000000083200000, 0x0000000083300000, 0x0000000083300000|100%| S|CS|TAMS 0x0000000083200000| PB 0x0000000083200000| Complete 
|  51|0x0000000083300000, 0x0000000083400000, 0x0000000083400000|100%| S|CS|TAMS 0x0000000083300000| PB 0x0000000083300000| Complete 
|  52|0x0000000083400000, 0x0000000083500000, 0x0000000083500000|100%| S|CS|TAMS 0x0000000083400000| PB 0x0000000083400000| Complete 
|  53|0x0000000083500000, 0x0000000083500000, 0x0000000083600000|  0%| F|  |TAMS 0x0000000083500000| PB 0x0000000083500000| Untracked 
|  54|0x0000000083600000, 0x0000000083600000, 0x0000000083700000|  0%| F|  |TAMS 0x0000000083600000| PB 0x0000000083600000| Untracked 
|  55|0x0000000083700000, 0x0000000083700000, 0x0000000083800000|  0%| F|  |TAMS 0x0000000083700000| PB 0x0000000083700000| Untracked 
|  56|0x0000000083800000, 0x0000000083800000, 0x0000000083900000|  0%| F|  |TAMS 0x0000000083800000| PB 0x0000000083800000| Untracked 
|  57|0x0000000083900000, 0x0000000083900000, 0x0000000083a00000|  0%| F|  |TAMS 0x0000000083900000| PB 0x0000000083900000| Untracked 
|  58|0x0000000083a00000, 0x0000000083a00000, 0x0000000083b00000|  0%| F|  |TAMS 0x0000000083a00000| PB 0x0000000083a00000| Untracked 
|  59|0x0000000083b00000, 0x0000000083b00000, 0x0000000083c00000|  0%| F|  |TAMS 0x0000000083b00000| PB 0x0000000083b00000| Untracked 
|  60|0x0000000083c00000, 0x0000000083c00000, 0x0000000083d00000|  0%| F|  |TAMS 0x0000000083c00000| PB 0x0000000083c00000| Untracked 
|  61|0x0000000083d00000, 0x0000000083d00000, 0x0000000083e00000|  0%| F|  |TAMS 0x0000000083d00000| PB 0x0000000083d00000| Untracked 
|  62|0x0000000083e00000, 0x0000000083e00000, 0x0000000083f00000|  0%| F|  |TAMS 0x0000000083e00000| PB 0x0000000083e00000| Untracked 
|  63|0x0000000083f00000, 0x0000000083f00000, 0x0000000084000000|  0%| F|  |TAMS 0x0000000083f00000| PB 0x0000000083f00000| Untracked 
|  64|0x0000000084000000, 0x0000000084000000, 0x0000000084100000|  0%| F|  |TAMS 0x0000000084000000| PB 0x0000000084000000| Untracked 
|  65|0x0000000084100000, 0x0000000084100000, 0x0000000084200000|  0%| F|  |TAMS 0x0000000084100000| PB 0x0000000084100000| Untracked 
|  66|0x0000000084200000, 0x0000000084200000, 0x0000000084300000|  0%| F|  |TAMS 0x0000000084200000| PB 0x0000000084200000| Untracked 
|  67|0x0000000084300000, 0x0000000084300000, 0x0000000084400000|  0%| F|  |TAMS 0x0000000084300000| PB 0x0000000084300000| Untracked 
|  68|0x0000000084400000, 0x0000000084400000, 0x0000000084500000|  0%| F|  |TAMS 0x0000000084400000| PB 0x0000000084400000| Untracked 
|  69|0x0000000084500000, 0x0000000084500000, 0x0000000084600000|  0%| F|  |TAMS 0x0000000084500000| PB 0x0000000084500000| Untracked 
|  70|0x0000000084600000, 0x00000000846b7ed8, 0x0000000084700000| 71%| E|  |TAMS 0x0000000084600000| PB 0x0000000084600000| Complete 
|  71|0x0000000084700000, 0x0000000084800000, 0x0000000084800000|100%| E|CS|TAMS 0x0000000084700000| PB 0x0000000084700000| Complete 
|  72|0x0000000084800000, 0x0000000084900000, 0x0000000084900000|100%| E|CS|TAMS 0x0000000084800000| PB 0x0000000084800000| Complete 
|  73|0x0000000084900000, 0x0000000084a00000, 0x0000000084a00000|100%| E|CS|TAMS 0x0000000084900000| PB 0x0000000084900000| Complete 
|  74|0x0000000084a00000, 0x0000000084b00000, 0x0000000084b00000|100%| E|CS|TAMS 0x0000000084a00000| PB 0x0000000084a00000| Complete 
|  75|0x0000000084b00000, 0x0000000084c00000, 0x0000000084c00000|100%| E|CS|TAMS 0x0000000084b00000| PB 0x0000000084b00000| Complete 
|  76|0x0000000084c00000, 0x0000000084d00000, 0x0000000084d00000|100%| E|CS|TAMS 0x0000000084c00000| PB 0x0000000084c00000| Complete 
|  77|0x0000000084d00000, 0x0000000084e00000, 0x0000000084e00000|100%| E|CS|TAMS 0x0000000084d00000| PB 0x0000000084d00000| Complete 
|  78|0x0000000084e00000, 0x0000000084f00000, 0x0000000084f00000|100%| E|CS|TAMS 0x0000000084e00000| PB 0x0000000084e00000| Complete 
|  79|0x0000000084f00000, 0x0000000085000000, 0x0000000085000000|100%| E|CS|TAMS 0x0000000084f00000| PB 0x0000000084f00000| Complete 
|  80|0x0000000085000000, 0x0000000085100000, 0x0000000085100000|100%| E|CS|TAMS 0x0000000085000000| PB 0x0000000085000000| Complete 
|  81|0x0000000085100000, 0x0000000085200000, 0x0000000085200000|100%| E|CS|TAMS 0x0000000085100000| PB 0x0000000085100000| Complete 
|  82|0x0000000085200000, 0x0000000085300000, 0x0000000085300000|100%| E|CS|TAMS 0x0000000085200000| PB 0x0000000085200000| Complete 
|  83|0x0000000085300000, 0x0000000085400000, 0x0000000085400000|100%| E|CS|TAMS 0x0000000085300000| PB 0x0000000085300000| Complete 
|  84|0x0000000085400000, 0x0000000085500000, 0x0000000085500000|100%| E|CS|TAMS 0x0000000085400000| PB 0x0000000085400000| Complete 
|  85|0x0000000085500000, 0x0000000085600000, 0x0000000085600000|100%| E|CS|TAMS 0x0000000085500000| PB 0x0000000085500000| Complete 
|  86|0x0000000085600000, 0x0000000085700000, 0x0000000085700000|100%| E|CS|TAMS 0x0000000085600000| PB 0x0000000085600000| Complete 
|  87|0x0000000085700000, 0x0000000085800000, 0x0000000085800000|100%| E|CS|TAMS 0x0000000085700000| PB 0x0000000085700000| Complete 
|  88|0x0000000085800000, 0x0000000085900000, 0x0000000085900000|100%| E|CS|TAMS 0x0000000085800000| PB 0x0000000085800000| Complete 
|  89|0x0000000085900000, 0x0000000085a00000, 0x0000000085a00000|100%| E|CS|TAMS 0x0000000085900000| PB 0x0000000085900000| Complete 
|  90|0x0000000085a00000, 0x0000000085b00000, 0x0000000085b00000|100%| E|CS|TAMS 0x0000000085a00000| PB 0x0000000085a00000| Complete 
|  91|0x0000000085b00000, 0x0000000085c00000, 0x0000000085c00000|100%| E|CS|TAMS 0x0000000085b00000| PB 0x0000000085b00000| Complete 
|  92|0x0000000085c00000, 0x0000000085d00000, 0x0000000085d00000|100%| E|CS|TAMS 0x0000000085c00000| PB 0x0000000085c00000| Complete 
|  93|0x0000000085d00000, 0x0000000085e00000, 0x0000000085e00000|100%| E|CS|TAMS 0x0000000085d00000| PB 0x0000000085d00000| Complete 
|  94|0x0000000085e00000, 0x0000000085f00000, 0x0000000085f00000|100%| E|CS|TAMS 0x0000000085e00000| PB 0x0000000085e00000| Complete 
|  95|0x0000000085f00000, 0x0000000086000000, 0x0000000086000000|100%| E|CS|TAMS 0x0000000085f00000| PB 0x0000000085f00000| Complete 
|  96|0x0000000086000000, 0x0000000086100000, 0x0000000086100000|100%| E|CS|TAMS 0x0000000086000000| PB 0x0000000086000000| Complete 
|  97|0x0000000086100000, 0x0000000086200000, 0x0000000086200000|100%| E|CS|TAMS 0x0000000086100000| PB 0x0000000086100000| Complete 
|  98|0x0000000086200000, 0x0000000086300000, 0x0000000086300000|100%| E|CS|TAMS 0x0000000086200000| PB 0x0000000086200000| Complete 
|  99|0x0000000086300000, 0x0000000086400000, 0x0000000086400000|100%| E|CS|TAMS 0x0000000086300000| PB 0x0000000086300000| Complete 
| 100|0x0000000086400000, 0x0000000086500000, 0x0000000086500000|100%| E|CS|TAMS 0x0000000086400000| PB 0x0000000086400000| Complete 
| 101|0x0000000086500000, 0x0000000086600000, 0x0000000086600000|100%| E|CS|TAMS 0x0000000086500000| PB 0x0000000086500000| Complete 
| 102|0x0000000086600000, 0x0000000086700000, 0x0000000086700000|100%| E|CS|TAMS 0x0000000086600000| PB 0x0000000086600000| Complete 
| 103|0x0000000086700000, 0x0000000086800000, 0x0000000086800000|100%| E|CS|TAMS 0x0000000086700000| PB 0x0000000086700000| Complete 
| 104|0x0000000086800000, 0x0000000086900000, 0x0000000086900000|100%| E|CS|TAMS 0x0000000086800000| PB 0x0000000086800000| Complete 
| 105|0x0000000086900000, 0x0000000086a00000, 0x0000000086a00000|100%| E|CS|TAMS 0x0000000086900000| PB 0x0000000086900000| Complete 
| 106|0x0000000086a00000, 0x0000000086b00000, 0x0000000086b00000|100%| E|CS|TAMS 0x0000000086a00000| PB 0x0000000086a00000| Complete 
| 107|0x0000000086b00000, 0x0000000086c00000, 0x0000000086c00000|100%| E|CS|TAMS 0x0000000086b00000| PB 0x0000000086b00000| Complete 
| 108|0x0000000086c00000, 0x0000000086d00000, 0x0000000086d00000|100%| E|CS|TAMS 0x0000000086c00000| PB 0x0000000086c00000| Complete 
| 109|0x0000000086d00000, 0x0000000086e00000, 0x0000000086e00000|100%| E|CS|TAMS 0x0000000086d00000| PB 0x0000000086d00000| Complete 
| 110|0x0000000086e00000, 0x0000000086f00000, 0x0000000086f00000|100%| E|CS|TAMS 0x0000000086e00000| PB 0x0000000086e00000| Complete 
| 115|0x0000000087300000, 0x0000000087400000, 0x0000000087400000|100%| E|CS|TAMS 0x0000000087300000| PB 0x0000000087300000| Complete 

Card table byte_map: [0x000001d7eab60000,0x000001d7eaf60000] _byte_map_base: 0x000001d7ea760000

Marking Bits: (CMBitMap*) 0x000001d7d2b791e0
 Bits: [0x000001d7eaf60000, 0x000001d7ecf60000)

Polling page: 0x000001d7d21b0000

Metaspace:

Usage:
  Non-class:     47.15 MB used.
      Class:      7.69 MB used.
       Both:     54.84 MB used.

Virtual space:
  Non-class space:       64.00 MB reserved,      48.06 MB ( 75%) committed,  1 nodes.
      Class space:        1.00 GB reserved,       8.56 MB ( <1%) committed,  1 nodes.
             Both:        1.06 GB reserved,      56.62 MB (  5%) committed. 

Chunk freelists:
   Non-Class:  15.98 MB
       Class:  7.45 MB
        Both:  23.43 MB

MaxMetaspaceSize: unlimited
CompressedClassSpaceSize: 1.00 GB
Initial GC threshold: 21.00 MB
Current GC threshold: 59.50 MB
CDS: on
 - commit_granule_bytes: 65536.
 - commit_granule_words: 8192.
 - virtual_space_node_default_size: 8388608.
 - enlarge_chunks_in_place: 1.
 - use_allocation_guard: 0.


Internal statistics:

num_allocs_failed_limit: 9.
num_arena_births: 3114.
num_arena_deaths: 0.
num_vsnodes_births: 2.
num_vsnodes_deaths: 0.
num_space_committed: 906.
num_space_uncommitted: 0.
num_chunks_returned_to_freelist: 9.
num_chunks_taken_from_freelist: 5695.
num_chunk_merges: 6.
num_chunk_splits: 3697.
num_chunks_enlarged: 2295.
num_inconsistent_stats: 0.

CodeHeap 'non-profiled nmethods': size=120000Kb used=3409Kb max_used=3409Kb free=116590Kb
 bounds [0x000001d7e2cd0000, 0x000001d7e3030000, 0x000001d7ea200000]
CodeHeap 'profiled nmethods': size=120000Kb used=11275Kb max_used=11275Kb free=108725Kb
 bounds [0x000001d7db200000, 0x000001d7dbd10000, 0x000001d7e2730000]
CodeHeap 'non-nmethods': size=5760Kb used=2746Kb max_used=2769Kb free=3013Kb
 bounds [0x000001d7e2730000, 0x000001d7e29f0000, 0x000001d7e2cd0000]
 total_blobs=6571 nmethods=5696 adapters=779
 compilation: enabled
              stopped_count=0, restarted_count=0
 full_count=0

Compilation events (20 events):
Event: 20.299 Thread 0x000001d7efbf14c0 6177       3       java.util.ArrayDeque$DeqIterator::next (62 bytes)
Event: 20.299 Thread 0x000001d7efbf14c0 nmethod 6177 0x000001d7dbcf8990 code [0x000001d7dbcf8b80, 0x000001d7dbcf8fe8]
Event: 20.299 Thread 0x000001d7efbf14c0 6175       3       sun.security.provider.MD5::implReset (33 bytes)
Event: 20.300 Thread 0x000001d7efbf14c0 nmethod 6175 0x000001d7dbcf9210 code [0x000001d7dbcf93c0, 0x000001d7dbcf9568]
Event: 20.300 Thread 0x000001d7efbf14c0 6178       3       org.gradle.cache.internal.btree.BTreePersistentIndexedCache$DataBlock::read (23 bytes)
Event: 20.301 Thread 0x000001d7efbf14c0 nmethod 6178 0x000001d7dbcf9690 code [0x000001d7dbcf9980, 0x000001d7dbcfa910]
Event: 20.301 Thread 0x000001d7efbf14c0 6179       3       java.util.concurrent.FutureTask::get (23 bytes)
Event: 20.301 Thread 0x000001d7efbf14c0 nmethod 6179 0x000001d7dbcfaf10 code [0x000001d7dbcfb0c0, 0x000001d7dbcfb290]
Event: 20.301 Thread 0x000001d7efbf14c0 6180       3       java.util.concurrent.FutureTask::report (37 bytes)
Event: 20.301 Thread 0x000001d7efbf14c0 nmethod 6180 0x000001d7dbcfb390 code [0x000001d7dbcfb560, 0x000001d7dbcfb980]
Event: 20.301 Thread 0x000001d7efbf14c0 6181       3       org.gradle.internal.snapshot.RelativePathTracker::isRoot (10 bytes)
Event: 20.301 Thread 0x000001d7efbf14c0 nmethod 6181 0x000001d7dbcfbb10 code [0x000001d7dbcfbcc0, 0x000001d7dbcfbe98]
Event: 20.301 Thread 0x000001d7efbf14c0 6182       3       org.gradle.internal.hash.HashCode::access$100 (7 bytes)
Event: 20.301 Thread 0x000001d7efbf14c0 nmethod 6182 0x000001d7dbcfbf90 code [0x000001d7dbcfc140, 0x000001d7dbcfc258]
Event: 20.301 Thread 0x000001d7efbf14c0 6183       3       org.gradle.internal.hash.HashCode::longToBytes (118 bytes)
Event: 20.301 Thread 0x000001d7efbf14c0 nmethod 6183 0x000001d7dbcfc310 code [0x000001d7dbcfc4c0, 0x000001d7dbcfc758]
Event: 20.301 Thread 0x000001d7efbf14c0 6184       3       java.util.concurrent.FutureTask::<init> (27 bytes)
Event: 20.301 Thread 0x000001d7efbf14c0 nmethod 6184 0x000001d7dbcfc910 code [0x000001d7dbcfcae0, 0x000001d7dbcfcda8]
Event: 20.301 Thread 0x000001d7efbf14c0 6185   !   3       java.util.concurrent.FutureTask::run (123 bytes)
Event: 21.336 Thread 0x000001d7efbf14c0 nmethod 6185 0x000001d7dbcfce90 code [0x000001d7dbcfd440, 0x000001d7dbd009a8]

GC Heap History (20 events):
Event: 0.577 GC heap before
{Heap before GC invocations=0 (full 0):
 garbage-first heap   total 118784K, used 26624K [0x0000000080000000, 0x0000000100000000)
  region size 1024K, 23 young (23552K), 0 survivors (0K)
 Metaspace       used 1171K, committed 1280K, reserved 1114112K
  class space    used 88K, committed 128K, reserved 1048576K
}
Event: 0.584 GC heap after
{Heap after GC invocations=1 (full 0):
 garbage-first heap   total 118784K, used 10800K [0x0000000080000000, 0x0000000100000000)
  region size 1024K, 3 young (3072K), 3 survivors (3072K)
 Metaspace       used 1171K, committed 1280K, reserved 1114112K
  class space    used 88K, committed 128K, reserved 1048576K
}
Event: 1.354 GC heap before
{Heap before GC invocations=1 (full 0):
 garbage-first heap   total 118784K, used 41520K [0x0000000080000000, 0x0000000100000000)
  region size 1024K, 33 young (33792K), 3 survivors (3072K)
 Metaspace       used 4321K, committed 4544K, reserved 1114112K
  class space    used 528K, committed 640K, reserved 1048576K
}
Event: 1.363 GC heap after
{Heap after GC invocations=2 (full 0):
 garbage-first heap   total 118784K, used 12395K [0x0000000080000000, 0x0000000100000000)
  region size 1024K, 2 young (2048K), 2 survivors (2048K)
 Metaspace       used 4321K, committed 4544K, reserved 1114112K
  class space    used 528K, committed 640K, reserved 1048576K
}
Event: 4.522 GC heap before
{Heap before GC invocations=2 (full 0):
 garbage-first heap   total 118784K, used 83051K [0x0000000080000000, 0x0000000100000000)
  region size 1024K, 69 young (70656K), 2 survivors (2048K)
 Metaspace       used 12194K, committed 12480K, reserved 1114112K
  class space    used 1585K, committed 1728K, reserved 1048576K
}
Event: 4.539 GC heap after
{Heap after GC invocations=3 (full 0):
 garbage-first heap   total 118784K, used 21371K [0x0000000080000000, 0x0000000100000000)
  region size 1024K, 9 young (9216K), 9 survivors (9216K)
 Metaspace       used 12194K, committed 12480K, reserved 1114112K
  class space    used 1585K, committed 1728K, reserved 1048576K
}
Event: 8.098 GC heap before
{Heap before GC invocations=3 (full 0):
 garbage-first heap   total 118784K, used 77691K [0x0000000080000000, 0x0000000100000000)
  region size 1024K, 66 young (67584K), 9 survivors (9216K)
 Metaspace       used 20875K, committed 21504K, reserved 1114112K
  class space    used 2961K, committed 3264K, reserved 1048576K
}
Event: 8.107 GC heap after
{Heap after GC invocations=4 (full 0):
 garbage-first heap   total 118784K, used 25476K [0x0000000080000000, 0x0000000100000000)
  region size 1024K, 4 young (4096K), 4 survivors (4096K)
 Metaspace       used 20875K, committed 21504K, reserved 1114112K
  class space    used 2961K, committed 3264K, reserved 1048576K
}
Event: 10.980 GC heap before
{Heap before GC invocations=5 (full 0):
 garbage-first heap   total 86016K, used 84868K [0x0000000080000000, 0x0000000100000000)
  region size 1024K, 63 young (64512K), 4 survivors (4096K)
 Metaspace       used 28527K, committed 29568K, reserved 1114112K
  class space    used 4144K, committed 4672K, reserved 1048576K
}
Event: 10.987 GC heap after
{Heap after GC invocations=6 (full 0):
 garbage-first heap   total 95232K, used 30195K [0x0000000080000000, 0x0000000100000000)
  region size 1024K, 9 young (9216K), 9 survivors (9216K)
 Metaspace       used 28527K, committed 29568K, reserved 1114112K
  class space    used 4144K, committed 4672K, reserved 1048576K
}
Event: 12.486 GC heap before
{Heap before GC invocations=6 (full 0):
 garbage-first heap   total 95232K, used 73203K [0x0000000080000000, 0x0000000100000000)
  region size 1024K, 53 young (54272K), 9 survivors (9216K)
 Metaspace       used 34587K, committed 35968K, reserved 1114112K
  class space    used 5046K, committed 5760K, reserved 1048576K
}
Event: 12.493 GC heap after
{Heap after GC invocations=7 (full 0):
 garbage-first heap   total 95232K, used 33021K [0x0000000080000000, 0x0000000100000000)
  region size 1024K, 4 young (4096K), 4 survivors (4096K)
 Metaspace       used 34587K, committed 35968K, reserved 1114112K
  class space    used 5046K, committed 5760K, reserved 1048576K
}
Event: 12.589 GC heap before
{Heap before GC invocations=7 (full 0):
 garbage-first heap   total 95232K, used 34045K [0x0000000080000000, 0x0000000100000000)
  region size 1024K, 6 young (6144K), 4 survivors (4096K)
 Metaspace       used 34954K, committed 36288K, reserved 1114112K
  class space    used 5080K, committed 5760K, reserved 1048576K
}
Event: 12.594 GC heap after
{Heap after GC invocations=8 (full 0):
 garbage-first heap   total 95232K, used 33590K [0x0000000080000000, 0x0000000100000000)
  region size 1024K, 1 young (1024K), 1 survivors (1024K)
 Metaspace       used 34954K, committed 36288K, reserved 1114112K
  class space    used 5080K, committed 5760K, reserved 1048576K
}
Event: 13.764 GC heap before
{Heap before GC invocations=9 (full 0):
 garbage-first heap   total 95232K, used 81718K [0x0000000080000000, 0x0000000100000000)
  region size 1024K, 44 young (45056K), 1 survivors (1024K)
 Metaspace       used 39997K, committed 41344K, reserved 1114112K
  class space    used 5563K, committed 6208K, reserved 1048576K
}
Event: 13.769 GC heap after
{Heap after GC invocations=10 (full 0):
 garbage-first heap   total 114688K, used 38610K [0x0000000080000000, 0x0000000100000000)
  region size 1024K, 6 young (6144K), 6 survivors (6144K)
 Metaspace       used 39997K, committed 41344K, reserved 1114112K
  class space    used 5563K, committed 6208K, reserved 1048576K
}
Event: 15.214 GC heap before
{Heap before GC invocations=10 (full 0):
 garbage-first heap   total 114688K, used 93906K [0x0000000080000000, 0x0000000100000000)
  region size 1024K, 60 young (61440K), 6 survivors (6144K)
 Metaspace       used 44383K, committed 45952K, reserved 1114112K
  class space    used 6239K, committed 6976K, reserved 1048576K
}
Event: 15.221 GC heap after
{Heap after GC invocations=11 (full 0):
 garbage-first heap   total 114688K, used 39860K [0x0000000080000000, 0x0000000100000000)
  region size 1024K, 3 young (3072K), 3 survivors (3072K)
 Metaspace       used 44383K, committed 45952K, reserved 1114112K
  class space    used 6239K, committed 6976K, reserved 1048576K
}
Event: 17.728 GC heap before
{Heap before GC invocations=11 (full 0):
 garbage-first heap   total 114688K, used 98228K [0x0000000080000000, 0x0000000100000000)
  region size 1024K, 59 young (60416K), 3 survivors (3072K)
 Metaspace       used 52531K, committed 54272K, reserved 1114112K
  class space    used 7293K, committed 8128K, reserved 1048576K
}
Event: 17.731 GC heap after
{Heap after GC invocations=12 (full 0):
 garbage-first heap   total 114688K, used 42772K [0x0000000080000000, 0x0000000100000000)
  region size 1024K, 6 young (6144K), 6 survivors (6144K)
 Metaspace       used 52531K, committed 54272K, reserved 1114112K
  class space    used 7293K, committed 8128K, reserved 1048576K
}

Dll operation events (15 events):
Event: 0.015 Loaded shared library C:\Program Files\Eclipse Adoptium\jdk-21.0.6.7-hotspot\bin\java.dll
Event: 0.055 Loaded shared library C:\Program Files\Eclipse Adoptium\jdk-21.0.6.7-hotspot\bin\jsvml.dll
Event: 0.112 Loaded shared library C:\Program Files\Eclipse Adoptium\jdk-21.0.6.7-hotspot\bin\zip.dll
Event: 0.121 Loaded shared library C:\Program Files\Eclipse Adoptium\jdk-21.0.6.7-hotspot\bin\instrument.dll
Event: 0.128 Loaded shared library C:\Program Files\Eclipse Adoptium\jdk-21.0.6.7-hotspot\bin\net.dll
Event: 0.132 Loaded shared library C:\Program Files\Eclipse Adoptium\jdk-21.0.6.7-hotspot\bin\nio.dll
Event: 0.136 Loaded shared library C:\Program Files\Eclipse Adoptium\jdk-21.0.6.7-hotspot\bin\zip.dll
Event: 0.426 Loaded shared library C:\Program Files\Eclipse Adoptium\jdk-21.0.6.7-hotspot\bin\jimage.dll
Event: 0.571 Loaded shared library C:\Program Files\Eclipse Adoptium\jdk-21.0.6.7-hotspot\bin\verify.dll
Event: 0.769 Loaded shared library C:\Users\eray_\.gradle\native\c067742578af261105cb4f569cf0c3c89f3d7b1fecec35dd04571415982c5e48\windows-amd64\native-platform.dll
Event: 0.777 Loaded shared library C:\Users\eray_\.gradle\native\100fb08df4bc3b14c8652ba06237920a3bd2aa13389f12d3474272988ae205f9\windows-amd64\native-platform-file-events.dll
Event: 2.764 Loaded shared library C:\Program Files\Eclipse Adoptium\jdk-21.0.6.7-hotspot\bin\management.dll
Event: 2.780 Loaded shared library C:\Program Files\Eclipse Adoptium\jdk-21.0.6.7-hotspot\bin\management_ext.dll
Event: 3.478 Loaded shared library C:\Program Files\Eclipse Adoptium\jdk-21.0.6.7-hotspot\bin\extnet.dll
Event: 3.945 Loaded shared library C:\Program Files\Eclipse Adoptium\jdk-21.0.6.7-hotspot\bin\sunmscapi.dll

Deoptimization events (20 events):
Event: 19.197 Thread 0x000001d7f59cc010 Uncommon trap: trap_request=0xffffffde fr.pc=0x000001d7e2d25994 relative=0x0000000000002874
Event: 19.197 Thread 0x000001d7f59cc010 Uncommon trap: reason=class_check action=maybe_recompile pc=0x000001d7e2d25994 method=java.util.regex.Pattern$CharProperty.study(Ljava/util/regex/Pattern$TreeInfo;)Z @ 25 c2
Event: 19.197 Thread 0x000001d7f59cc010 DEOPT PACKING pc=0x000001d7e2d25994 sp=0x000000797ecf9c60
Event: 19.197 Thread 0x000001d7f59cc010 DEOPT UNPACKING pc=0x000001d7e27846a2 sp=0x000000797ecf9b58 mode 2
Event: 19.198 Thread 0x000001d7f59cc010 Uncommon trap: trap_request=0xffffffde fr.pc=0x000001d7e2d25994 relative=0x0000000000002874
Event: 19.198 Thread 0x000001d7f59cc010 Uncommon trap: reason=class_check action=maybe_recompile pc=0x000001d7e2d25994 method=java.util.regex.Pattern$CharProperty.study(Ljava/util/regex/Pattern$TreeInfo;)Z @ 25 c2
Event: 19.198 Thread 0x000001d7f59cc010 DEOPT PACKING pc=0x000001d7e2d25994 sp=0x000000797ecf9c60
Event: 19.198 Thread 0x000001d7f59cc010 DEOPT UNPACKING pc=0x000001d7e27846a2 sp=0x000000797ecf9b58 mode 2
Event: 20.169 Thread 0x000001d7f59cc010 Uncommon trap: trap_request=0xffffff45 fr.pc=0x000001d7e2f36570 relative=0x0000000000001910
Event: 20.169 Thread 0x000001d7f59cc010 Uncommon trap: reason=unstable_if action=reinterpret pc=0x000001d7e2f36570 method=java.net.URLClassLoader.getAndVerifyPackage(Ljava/lang/String;Ljava/util/jar/Manifest;Ljava/net/URL;)Ljava/lang/Package; @ 62 c2
Event: 20.169 Thread 0x000001d7f59cc010 DEOPT PACKING pc=0x000001d7e2f36570 sp=0x000000797ecf7e50
Event: 20.169 Thread 0x000001d7f59cc010 DEOPT UNPACKING pc=0x000001d7e27846a2 sp=0x000000797ecf7e48 mode 2
Event: 20.200 Thread 0x000001d7f59cc010 Uncommon trap: trap_request=0xffffff45 fr.pc=0x000001d7e2d347cc relative=0x000000000000154c
Event: 20.200 Thread 0x000001d7f59cc010 Uncommon trap: reason=unstable_if action=reinterpret pc=0x000001d7e2d347cc method=java.util.concurrent.ConcurrentHashMap.computeIfAbsent(Ljava/lang/Object;Ljava/util/function/Function;)Ljava/lang/Object; @ 123 c2
Event: 20.200 Thread 0x000001d7f59cc010 DEOPT PACKING pc=0x000001d7e2d347cc sp=0x000000797ecf9910
Event: 20.200 Thread 0x000001d7f59cc010 DEOPT UNPACKING pc=0x000001d7e27846a2 sp=0x000000797ecf98a0 mode 2
Event: 20.212 Thread 0x000001d7f59cc010 Uncommon trap: trap_request=0xffffffc6 fr.pc=0x000001d7e2f470cc relative=0x000000000000026c
Event: 20.212 Thread 0x000001d7f59cc010 Uncommon trap: reason=bimorphic_or_optimized_type_check action=maybe_recompile pc=0x000001d7e2f470cc method=java.util.Spliterators$IteratorSpliterator.tryAdvance(Ljava/util/function/Consumer;)Z @ 50 c2
Event: 20.212 Thread 0x000001d7f59cc010 DEOPT PACKING pc=0x000001d7e2f470cc sp=0x000000797ecf9730
Event: 20.212 Thread 0x000001d7f59cc010 DEOPT UNPACKING pc=0x000001d7e27846a2 sp=0x000000797ecf96d0 mode 2

Classes loaded (20 events):
Event: 19.023 Loading class java/util/DualPivotQuicksort
Event: 19.023 Loading class java/util/DualPivotQuicksort done
Event: 19.104 Loading class java/util/function/LongUnaryOperator
Event: 19.104 Loading class java/util/function/LongUnaryOperator done
Event: 19.180 Loading class java/lang/StringBeanInfo
Event: 19.180 Loading class java/lang/StringBeanInfo done
Event: 19.180 Loading class java/lang/StringBeanInfo
Event: 19.180 Loading class java/lang/StringBeanInfo done
Event: 19.180 Loading class java/lang/StringCustomizer
Event: 19.180 Loading class java/lang/StringCustomizer done
Event: 19.180 Loading class java/lang/StringCustomizer
Event: 19.180 Loading class java/lang/StringCustomizer done
Event: 19.183 Loading class java/io/FileBeanInfo
Event: 19.183 Loading class java/io/FileBeanInfo done
Event: 19.184 Loading class java/io/FileBeanInfo
Event: 19.184 Loading class java/io/FileBeanInfo done
Event: 19.184 Loading class java/io/FileCustomizer
Event: 19.184 Loading class java/io/FileCustomizer done
Event: 19.184 Loading class java/io/FileCustomizer
Event: 19.184 Loading class java/io/FileCustomizer done

Classes unloaded (0 events):
No events

Classes redefined (0 events):
No events

Internal exceptions (20 events):
Event: 19.010 Thread 0x000001d7f59cc010 Exception <a 'java/lang/ClassNotFoundException'{0x0000000085dab690}: org/gradle/api/internal/DefaultDomainObjectCollectionCustomizer> (0x0000000085dab690) 
thrown [s\src\hotspot\share\classfile\systemDictionary.cpp, line 312]
Event: 19.011 Thread 0x000001d7f59cc010 Exception <a 'java/lang/ClassNotFoundException'{0x0000000085ddec28}: org/gradle/api/internal/DefaultDomainObjectSetCustomizer> (0x0000000085ddec28) 
thrown [s\src\hotspot\share\classfile\systemDictionary.cpp, line 312]
Event: 19.012 Thread 0x000001d7f59cc010 Exception <a 'java/lang/ClassNotFoundException'{0x0000000085c04b08}: org/gradle/api/internal/plugins/DefaultPluginCollectionCustomizer> (0x0000000085c04b08) 
thrown [s\src\hotspot\share\classfile\systemDictionary.cpp, line 312]
Event: 19.014 Thread 0x000001d7f59cc010 Exception <a 'java/lang/ClassNotFoundException'{0x0000000085c48db0}: org/gradle/api/internal/plugins/DefaultPluginContainerCustomizer> (0x0000000085c48db0) 
thrown [s\src\hotspot\share\classfile\systemDictionary.cpp, line 312]
Event: 19.034 Thread 0x000001d7f59cc010 Exception <a 'java/lang/ClassNotFoundException'{0x0000000085b437d8}: org/gradle/configuration/internal/DefaultListenerBuildOperationDecorator$BuildOperationEmittingClosureBeanInfo> (0x0000000085b437d8) 
thrown [s\src\hotspot\share\classfile\systemDictionary.cpp, line 312]
Event: 19.034 Thread 0x000001d7f59cc010 Exception <a 'java/lang/ClassNotFoundException'{0x0000000085b4fb68}: org/gradle/configuration/internal/DefaultListenerBuildOperationDecorator$BuildOperationEmittingClosureCustomizer> (0x0000000085b4fb68) 
thrown [s\src\hotspot\share\classfile\systemDictionary.cpp, line 312]
Event: 19.044 Thread 0x000001d7f59cc010 Exception <a 'java/lang/ClassNotFoundException'{0x0000000085baa578}: org/gradle/api/internal/plugins/DefaultObjectConfigurationActionBeanInfo> (0x0000000085baa578) 
thrown [s\src\hotspot\share\classfile\systemDictionary.cpp, line 312]
Event: 19.044 Thread 0x000001d7f59cc010 Exception <a 'java/lang/ClassNotFoundException'{0x0000000085bb63c0}: org/gradle/api/internal/plugins/DefaultObjectConfigurationActionCustomizer> (0x0000000085bb63c0) 
thrown [s\src\hotspot\share\classfile\systemDictionary.cpp, line 312]
Event: 19.077 Thread 0x000001d7f59cc010 Exception <a 'java/lang/NoSuchMethodError'{0x0000000085952d10}: 'java.lang.Object java.lang.invoke.DirectMethodHandle$Holder.invokeVirtual(java.lang.Object, java.lang.Object, java.lang.Object, java.lang.Object, java.lang.Object, java.lang.Object, java.lang.Object, java.lang.Object, java.lang.Object, java.lang.Object, java.lang.Object, java.lang.Object, java.lang.Object, java.lang.Object, java.lang.Object, java.lang.Object, java.lang.Object)'> (0x0000000085952d10) 
thrown [s\src\hotspot\share\interpreter\li
Event: 19.077 Thread 0x000001d7f59cc010 Exception <a 'java/lang/NoSuchMethodError'{0x0000000085959528}: 'java.lang.Object java.lang.invoke.DirectMethodHandle$Holder.invokeSpecial(java.lang.Object, java.lang.Object, java.lang.Object, java.lang.Object, java.lang.Object, java.lang.Object, java.lang.Object, java.lang.Object, java.lang.Object, java.lang.Object, java.lang.Object, java.lang.Object, java.lang.Object, java.lang.Object, java.lang.Object, java.lang.Object, java.lang.Object, java.lang.Object)'> (0x0000000085959528) 
thrown [s\src\hotspot\sh
Event: 19.077 Thread 0x000001d7f59cc010 Exception <a 'java/lang/NoSuchMethodError'{0x000000008595f540}: 'java.lang.Object java.lang.invoke.DelegatingMethodHandle$Holder.reinvoke_L(java.lang.Object, java.lang.Object, java.lang.Object, java.lang.Object, java.lang.Object, java.lang.Object, java.lang.Object, java.lang.Object, java.lang.Object, java.lang.Object, java.lang.Object, java.lang.Object, java.lang.Object, java.lang.Object, java.lang.Object, java.lang.Object, java.lang.Object)'> (0x000000008595f540) 
thrown [s\src\hotspot\share\interpreter\l
Event: 19.105 Thread 0x000001d7f59cc010 Exception <a 'java/lang/NoSuchMethodError'{0x00000000857993f0}: 'long java.lang.invoke.DirectMethodHandle$Holder.invokeStatic(java.lang.Object, long)'> (0x00000000857993f0) 
thrown [s\src\hotspot\share\interpreter\linkResolver.cpp, line 773]
Event: 19.180 Thread 0x000001d7f59cc010 Exception <a 'java/lang/ClassNotFoundException'{0x00000000850754d8}: java/lang/StringBeanInfo> (0x00000000850754d8) 
thrown [s\src\hotspot\share\classfile\systemDictionary.cpp, line 312]
Event: 19.180 Thread 0x000001d7f59cc010 Exception <a 'java/lang/ClassNotFoundException'{0x000000008507fbc0}: java/lang/StringCustomizer> (0x000000008507fbc0) 
thrown [s\src\hotspot\share\classfile\systemDictionary.cpp, line 312]
Event: 19.182 Thread 0x000001d7f59cc010 Implicit null exception at 0x000001d7e2db9d57 to 0x000001d7e2dbc7b4
Event: 19.182 Thread 0x000001d7f59cc010 Implicit null exception at 0x000001d7e2d18b7e to 0x000001d7e2d18be8
Event: 19.184 Thread 0x000001d7f59cc010 Exception <a 'java/lang/ClassNotFoundException'{0x00000000850da220}: java/io/FileBeanInfo> (0x00000000850da220) 
thrown [s\src\hotspot\share\classfile\systemDictionary.cpp, line 312]
Event: 19.184 Thread 0x000001d7f59cc010 Exception <a 'java/lang/ClassNotFoundException'{0x00000000850e4830}: java/io/FileCustomizer> (0x00000000850e4830) 
thrown [s\src\hotspot\share\classfile\systemDictionary.cpp, line 312]
Event: 20.161 Thread 0x000001d7f587ae00 Exception <a 'java/lang/NoSuchMethodError'{0x0000000084e0a390}: static Lorg/gradle/internal/build/event/types/DefaultProjectConfigurationDescriptor;.<clinit>()V> (0x0000000084e0a390) 
thrown [s\src\hotspot\share\prims\jni.cpp, line 1111]
Event: 20.262 Thread 0x000001d7f59cc010 Exception <a 'java/lang/NoSuchMethodError'{0x00000000849f4900}: 'void java.lang.invoke.DirectMethodHandle$Holder.invokeStatic(java.lang.Object, java.lang.Object, java.lang.Object, java.lang.Object, java.lang.Object, java.lang.Object)'> (0x00000000849f4900) 
thrown [s\src\hotspot\share\interpreter\linkResolver.cpp, line 773]

ZGC Phase Switch (0 events):
No events

VM Operations (20 events):
Event: 14.701 Executing VM operation: HandshakeAllThreads (Deoptimize)
Event: 14.701 Executing VM operation: HandshakeAllThreads (Deoptimize) done
Event: 15.214 Executing VM operation: G1CollectForAllocation (G1 Evacuation Pause)
Event: 15.221 Executing VM operation: G1CollectForAllocation (G1 Evacuation Pause) done
Event: 16.232 Executing VM operation: Cleanup
Event: 16.233 Executing VM operation: Cleanup done
Event: 16.389 Executing VM operation: HandshakeAllThreads (Deoptimize)
Event: 16.389 Executing VM operation: HandshakeAllThreads (Deoptimize) done
Event: 17.401 Executing VM operation: Cleanup
Event: 17.401 Executing VM operation: Cleanup done
Event: 17.728 Executing VM operation: G1CollectForAllocation (G1 Evacuation Pause)
Event: 17.731 Executing VM operation: G1CollectForAllocation (G1 Evacuation Pause) done
Event: 17.785 Executing VM operation: HandshakeAllThreads (Deoptimize)
Event: 17.786 Executing VM operation: HandshakeAllThreads (Deoptimize) done
Event: 18.786 Executing VM operation: Cleanup
Event: 18.849 Executing VM operation: Cleanup done
Event: 18.887 Executing VM operation: HandshakeAllThreads (Deoptimize)
Event: 18.887 Executing VM operation: HandshakeAllThreads (Deoptimize) done
Event: 19.200 Executing VM operation: ICBufferFull
Event: 20.152 Executing VM operation: ICBufferFull done

Memory protections (0 events):
No events

Nmethod flushes (20 events):
Event: 12.614 Thread 0x000001d7efbacfa0 flushing  nmethod 0x000001d7db531d10
Event: 12.614 Thread 0x000001d7efbacfa0 flushing  nmethod 0x000001d7db57de10
Event: 12.614 Thread 0x000001d7efbacfa0 flushing  nmethod 0x000001d7db583610
Event: 12.614 Thread 0x000001d7efbacfa0 flushing  nmethod 0x000001d7db584810
Event: 12.614 Thread 0x000001d7efbacfa0 flushing  nmethod 0x000001d7db5fb910
Event: 12.614 Thread 0x000001d7efbacfa0 flushing  nmethod 0x000001d7db5fbc10
Event: 12.614 Thread 0x000001d7efbacfa0 flushing  nmethod 0x000001d7db5fe210
Event: 12.614 Thread 0x000001d7efbacfa0 flushing  nmethod 0x000001d7db623810
Event: 12.614 Thread 0x000001d7efbacfa0 flushing  nmethod 0x000001d7db64e310
Event: 12.614 Thread 0x000001d7efbacfa0 flushing  nmethod 0x000001d7db654b90
Event: 12.614 Thread 0x000001d7efbacfa0 flushing  nmethod 0x000001d7db655490
Event: 12.614 Thread 0x000001d7efbacfa0 flushing  nmethod 0x000001d7db655a10
Event: 12.614 Thread 0x000001d7efbacfa0 flushing  nmethod 0x000001d7db656390
Event: 12.614 Thread 0x000001d7efbacfa0 flushing  nmethod 0x000001d7db659190
Event: 12.614 Thread 0x000001d7efbacfa0 flushing  nmethod 0x000001d7db56ac90
Event: 12.614 Thread 0x000001d7efbacfa0 flushing  nmethod 0x000001d7db56b910
Event: 12.614 Thread 0x000001d7efbacfa0 flushing  nmethod 0x000001d7db56d790
Event: 12.614 Thread 0x000001d7efbacfa0 flushing  nmethod 0x000001d7db56fa10
Event: 12.614 Thread 0x000001d7efbacfa0 flushing  nmethod 0x000001d7db5a6e10
Event: 12.614 Thread 0x000001d7efbacfa0 flushing  nmethod 0x000001d7db5a9290

Events (20 events):
Event: 9.183 Thread 0x000001d7f59cc010 Thread added: 0x000001d7f79428d0
Event: 9.183 Thread 0x000001d7f59cc010 Thread added: 0x000001d7f7943c80
Event: 9.183 Thread 0x000001d7f59cc010 Thread added: 0x000001d7f79463e0
Event: 9.431 Thread 0x000001d7efbf14c0 Thread added: 0x000001d7f637cd20
Event: 9.720 Thread 0x000001d7f637cd20 Thread added: 0x000001d7f65387a0
Event: 10.860 Thread 0x000001d7f59cc010 Thread added: 0x000001d7f7946a70
Event: 11.003 Thread 0x000001d7f59cc010 Thread added: 0x000001d7f79435f0
Event: 11.172 Thread 0x000001d7f65387a0 Thread exited: 0x000001d7f65387a0
Event: 11.323 Thread 0x000001d7f59cc010 Thread added: 0x000001d7f7944310
Event: 11.594 Thread 0x000001d7f59cc010 Thread added: 0x000001d7f79484b0
Event: 11.946 Thread 0x000001d7f59cc010 Thread added: 0x000001d7f7945d50
Event: 12.002 Thread 0x000001d7f59cc010 Thread added: 0x000001d7f7945030
Event: 12.271 Thread 0x000001d7efbf0bc0 Thread added: 0x000001d7f7382840
Event: 13.644 Thread 0x000001d7f59cc010 Thread added: 0x000001d7f7947790
Event: 13.704 Thread 0x000001d7f59cc010 Thread added: 0x000001d7f7949860
Event: 13.804 Thread 0x000001d7f59cc010 Thread added: 0x000001d7f7947e20
Event: 13.997 Thread 0x000001d7f7382840 Thread exited: 0x000001d7f7382840
Event: 14.023 Thread 0x000001d7f59cc010 Thread added: 0x000001d7f7948b40
Event: 16.493 Thread 0x000001d7f637cd20 Thread exited: 0x000001d7f637cd20
Event: 18.936 Thread 0x000001d7efbf0bc0 Thread added: 0x000001d7f7f7e6b0


Dynamic libraries:
0x00007ff7bd640000 - 0x00007ff7bd64e000 	C:\Program Files\Eclipse Adoptium\jdk-21.0.6.7-hotspot\bin\java.exe
0x00007ffd0d480000 - 0x00007ffd0d6e3000 	C:\WINDOWS\SYSTEM32\ntdll.dll
0x00007ffd0b300000 - 0x00007ffd0b3c7000 	C:\WINDOWS\System32\KERNEL32.DLL
0x00007ffd0ab90000 - 0x00007ffd0af59000 	C:\WINDOWS\System32\KERNELBASE.dll
0x00007ffd0a720000 - 0x00007ffd0a86c000 	C:\WINDOWS\System32\ucrtbase.dll
0x00007ffd00820000 - 0x00007ffd00838000 	C:\Program Files\Eclipse Adoptium\jdk-21.0.6.7-hotspot\bin\jli.dll
0x00007ffcffc40000 - 0x00007ffcffc5e000 	C:\Program Files\Eclipse Adoptium\jdk-21.0.6.7-hotspot\bin\VCRUNTIME140.dll
0x00007ffd0c730000 - 0x00007ffd0c8fa000 	C:\WINDOWS\System32\USER32.dll
0x00007ffd0a920000 - 0x00007ffd0a947000 	C:\WINDOWS\System32\win32u.dll
0x00007ffcf8650000 - 0x00007ffcf88e0000 	C:\WINDOWS\WinSxS\amd64_microsoft.windows.common-controls_6595b64144ccf1df_6.0.26100.3323_none_3e088096e3344490\COMCTL32.dll
0x00007ffd0d240000 - 0x00007ffd0d26a000 	C:\WINDOWS\System32\GDI32.dll
0x00007ffd0cae0000 - 0x00007ffd0cb89000 	C:\WINDOWS\System32\msvcrt.dll
0x00007ffd0b160000 - 0x00007ffd0b291000 	C:\WINDOWS\System32\gdi32full.dll
0x00007ffd0a870000 - 0x00007ffd0a913000 	C:\WINDOWS\System32\msvcp_win.dll
0x00007ffd0bcd0000 - 0x00007ffd0bcff000 	C:\WINDOWS\System32\IMM32.DLL
0x00007ffd022e0000 - 0x00007ffd022ec000 	C:\Program Files\Eclipse Adoptium\jdk-21.0.6.7-hotspot\bin\vcruntime140_1.dll
0x00007ffcae450000 - 0x00007ffcae4dd000 	C:\Program Files\Eclipse Adoptium\jdk-21.0.6.7-hotspot\bin\msvcp140.dll
0x00007ffc5f690000 - 0x00007ffc60420000 	C:\Program Files\Eclipse Adoptium\jdk-21.0.6.7-hotspot\bin\server\jvm.dll
0x00007ffd0c4b0000 - 0x00007ffd0c562000 	C:\WINDOWS\System32\ADVAPI32.dll
0x00007ffd0c380000 - 0x00007ffd0c426000 	C:\WINDOWS\System32\sechost.dll
0x00007ffd0cb90000 - 0x00007ffd0cca6000 	C:\WINDOWS\System32\RPCRT4.dll
0x00007ffd0c900000 - 0x00007ffd0c974000 	C:\WINDOWS\System32\WS2_32.dll
0x00007ffd092d0000 - 0x00007ffd0931e000 	C:\WINDOWS\SYSTEM32\POWRPROF.dll
0x00007ffd02930000 - 0x00007ffd02966000 	C:\WINDOWS\SYSTEM32\WINMM.dll
0x00007ffd029d0000 - 0x00007ffd029db000 	C:\WINDOWS\SYSTEM32\VERSION.dll
0x00007ffd092b0000 - 0x00007ffd092c4000 	C:\WINDOWS\SYSTEM32\UMPDC.dll
0x00007ffd09570000 - 0x00007ffd0958a000 	C:\WINDOWS\SYSTEM32\kernel.appcore.dll
0x00007ffcfc320000 - 0x00007ffcfc32a000 	C:\Program Files\Eclipse Adoptium\jdk-21.0.6.7-hotspot\bin\jimage.dll
0x00007ffcfcfd0000 - 0x00007ffcfd211000 	C:\WINDOWS\SYSTEM32\DBGHELP.DLL
0x00007ffd0ccc0000 - 0x00007ffd0d042000 	C:\WINDOWS\System32\combase.dll
0x00007ffd0d050000 - 0x00007ffd0d126000 	C:\WINDOWS\System32\OLEAUT32.dll
0x00007ffceb150000 - 0x00007ffceb189000 	C:\WINDOWS\SYSTEM32\dbgcore.DLL
0x00007ffd0a680000 - 0x00007ffd0a719000 	C:\WINDOWS\System32\bcryptPrimitives.dll
0x00007ffcc9b70000 - 0x00007ffcc9b7f000 	C:\Program Files\Eclipse Adoptium\jdk-21.0.6.7-hotspot\bin\instrument.dll
0x00007ffcd89b0000 - 0x00007ffcd89cf000 	C:\Program Files\Eclipse Adoptium\jdk-21.0.6.7-hotspot\bin\java.dll
0x00007ffd0b5b0000 - 0x00007ffd0bcc5000 	C:\WINDOWS\System32\SHELL32.dll
0x00007ffd0aff0000 - 0x00007ffd0b158000 	C:\WINDOWS\System32\wintypes.dll
0x00007ffd08340000 - 0x00007ffd08b85000 	C:\WINDOWS\SYSTEM32\windows.storage.dll
0x00007ffd0bd10000 - 0x00007ffd0bdfb000 	C:\WINDOWS\System32\SHCORE.dll
0x00007ffd0b2a0000 - 0x00007ffd0b2fd000 	C:\WINDOWS\System32\shlwapi.dll
0x00007ffd0a590000 - 0x00007ffd0a5bf000 	C:\WINDOWS\SYSTEM32\profapi.dll
0x00007ffc9f650000 - 0x00007ffc9f727000 	C:\Program Files\Eclipse Adoptium\jdk-21.0.6.7-hotspot\bin\jsvml.dll
0x00007ffcd88d0000 - 0x00007ffcd88e8000 	C:\Program Files\Eclipse Adoptium\jdk-21.0.6.7-hotspot\bin\zip.dll
0x00007ffce0eb0000 - 0x00007ffce0ec0000 	C:\Program Files\Eclipse Adoptium\jdk-21.0.6.7-hotspot\bin\net.dll
0x00007ffd041a0000 - 0x00007ffd042be000 	C:\WINDOWS\SYSTEM32\WINHTTP.dll
0x00007ffd09a70000 - 0x00007ffd09ada000 	C:\WINDOWS\system32\mswsock.dll
0x00007ffcd6530000 - 0x00007ffcd6546000 	C:\Program Files\Eclipse Adoptium\jdk-21.0.6.7-hotspot\bin\nio.dll
0x00007ffce0380000 - 0x00007ffce0390000 	C:\Program Files\Eclipse Adoptium\jdk-21.0.6.7-hotspot\bin\verify.dll
0x00007ffcd6050000 - 0x00007ffcd6077000 	C:\Users\eray_\.gradle\native\c067742578af261105cb4f569cf0c3c89f3d7b1fecec35dd04571415982c5e48\windows-amd64\native-platform.dll
0x00007ffc65620000 - 0x00007ffc65764000 	C:\Users\eray_\.gradle\native\100fb08df4bc3b14c8652ba06237920a3bd2aa13389f12d3474272988ae205f9\windows-amd64\native-platform-file-events.dll
0x00007ffcd9320000 - 0x00007ffcd932a000 	C:\Program Files\Eclipse Adoptium\jdk-21.0.6.7-hotspot\bin\management.dll
0x00007ffcd5f60000 - 0x00007ffcd5f6b000 	C:\Program Files\Eclipse Adoptium\jdk-21.0.6.7-hotspot\bin\management_ext.dll
0x00007ffd0ccb0000 - 0x00007ffd0ccb8000 	C:\WINDOWS\System32\PSAPI.DLL
0x00007ffd09e20000 - 0x00007ffd09e3c000 	C:\WINDOWS\SYSTEM32\CRYPTSP.dll
0x00007ffd094d0000 - 0x00007ffd0950a000 	C:\WINDOWS\system32\rsaenh.dll
0x00007ffd09b10000 - 0x00007ffd09b3b000 	C:\WINDOWS\SYSTEM32\USERENV.dll
0x00007ffd09fb0000 - 0x00007ffd09fd6000 	C:\WINDOWS\SYSTEM32\bcrypt.dll
0x00007ffd09ca0000 - 0x00007ffd09cac000 	C:\WINDOWS\SYSTEM32\CRYPTBASE.dll
0x00007ffd08f10000 - 0x00007ffd08f43000 	C:\WINDOWS\SYSTEM32\IPHLPAPI.DLL
0x00007ffd0d330000 - 0x00007ffd0d33a000 	C:\WINDOWS\System32\NSI.dll
0x00007ffcd5f50000 - 0x00007ffcd5f59000 	C:\Program Files\Eclipse Adoptium\jdk-21.0.6.7-hotspot\bin\extnet.dll
0x00007ffcd56c0000 - 0x00007ffcd56ce000 	C:\Program Files\Eclipse Adoptium\jdk-21.0.6.7-hotspot\bin\sunmscapi.dll
0x00007ffd0a950000 - 0x00007ffd0aac7000 	C:\WINDOWS\System32\CRYPT32.dll
0x00007ffd09f70000 - 0x00007ffd09fa0000 	C:\WINDOWS\SYSTEM32\ncrypt.dll
0x00007ffd09f20000 - 0x00007ffd09f5f000 	C:\WINDOWS\SYSTEM32\NTASN1.dll
0x00007ffcd7a40000 - 0x00007ffcd7a48000 	C:\WINDOWS\system32\wshunix.dll

dbghelp: loaded successfully - version: 4.0.5 - missing functions: none
symbol engine: initialized successfully - sym options: 0x614 - pdb path: .;C:\Program Files\Eclipse Adoptium\jdk-21.0.6.7-hotspot\bin;C:\WINDOWS\SYSTEM32;C:\WINDOWS\WinSxS\amd64_microsoft.windows.common-controls_6595b64144ccf1df_6.0.26100.3323_none_3e088096e3344490;C:\Program Files\Eclipse Adoptium\jdk-21.0.6.7-hotspot\bin\server;C:\Users\eray_\.gradle\native\c067742578af261105cb4f569cf0c3c89f3d7b1fecec35dd04571415982c5e48\windows-amd64;C:\Users\eray_\.gradle\native\100fb08df4bc3b14c8652ba06237920a3bd2aa13389f12d3474272988ae205f9\windows-amd64

VM Arguments:
jvm_args: --add-opens=java.base/java.util=ALL-UNNAMED --add-opens=java.base/java.lang=ALL-UNNAMED --add-opens=java.base/java.lang.invoke=ALL-UNNAMED --add-opens=java.prefs/java.util.prefs=ALL-UNNAMED --add-exports=jdk.compiler/com.sun.tools.javac.api=ALL-UNNAMED --add-exports=jdk.compiler/com.sun.tools.javac.util=ALL-UNNAMED --add-opens=java.base/java.nio.charset=ALL-UNNAMED --add-opens=java.base/java.net=ALL-UNNAMED --add-opens=java.base/java.util.concurrent.atomic=ALL-UNNAMED -Xmx2048m -Dfile.encoding=UTF-8 -Duser.country=TR -Duser.language=tr -Duser.variant -javaagent:C:\Users\eray_\.gradle\wrapper\dists\gradle-8.9-bin\90cnw93cvbtalezasaz0blq0a\gradle-8.9\lib\agents\gradle-instrumentation-agent-8.9.jar 
java_command: org.gradle.launcher.daemon.bootstrap.GradleDaemon 8.9
java_class_path (initial): C:\Users\eray_\.gradle\wrapper\dists\gradle-8.9-bin\90cnw93cvbtalezasaz0blq0a\gradle-8.9\lib\gradle-daemon-main-8.9.jar
Launcher Type: SUN_STANDARD

[Global flags]
     intx CICompilerCount                          = 4                                         {product} {ergonomic}
     uint ConcGCThreads                            = 3                                         {product} {ergonomic}
     uint G1ConcRefinementThreads                  = 10                                        {product} {ergonomic}
   size_t G1HeapRegionSize                         = 1048576                                   {product} {ergonomic}
    uintx GCDrainStackTargetSize                   = 64                                        {product} {ergonomic}
   size_t InitialHeapSize                          = 121634816                                 {product} {ergonomic}
   size_t MarkStackSize                            = 4194304                                   {product} {ergonomic}
   size_t MaxHeapSize                              = 2147483648                                {product} {command line}
   size_t MaxNewSize                               = 1287651328                                {product} {ergonomic}
   size_t MinHeapDeltaBytes                        = 1048576                                   {product} {ergonomic}
   size_t MinHeapSize                              = 8388608                                   {product} {ergonomic}
    uintx NonNMethodCodeHeapSize                   = 5839372                                {pd product} {ergonomic}
    uintx NonProfiledCodeHeapSize                  = 122909434                              {pd product} {ergonomic}
    uintx ProfiledCodeHeapSize                     = 122909434                              {pd product} {ergonomic}
    uintx ReservedCodeCacheSize                    = 251658240                              {pd product} {ergonomic}
     bool SegmentedCodeCache                       = true                                      {product} {ergonomic}
   size_t SoftMaxHeapSize                          = 2147483648                             {manageable} {ergonomic}
     bool UseCompressedOops                        = true                           {product lp64_product} {ergonomic}
     bool UseG1GC                                  = true                                      {product} {ergonomic}
     bool UseLargePagesIndividualAllocation        = false                                  {pd product} {ergonomic}

Logging:
Log output configuration:
 #0: stdout all=warning uptime,level,tags foldmultilines=false
 #1: stderr all=off uptime,level,tags foldmultilines=false

Environment Variables:
JAVA_HOME=C:\Program Files\Eclipse Adoptium\jdk-21.0.6.7-hotspot
PATH=C:\Program Files\Eclipse Adoptium\jdk-21.0.6.7-hotspot\bin;c:\Users\eray_\AppData\Local\Programs\cursor\resources\app\bin;C:\Program Files\Common Files\Oracle\Java\javapath;C:\WINDOWS\system32;C:\WINDOWS;C:\WINDOWS\System32\Wbem;C:\WINDOWS\System32\WindowsPowerShell\v1.0\;C:\WINDOWS\System32\OpenSSH\;C:\Program Files\Microsoft SQL Server\150\Tools\Binn\;C:\Program Files\Microsoft SQL Server\Client SDK\ODBC\170\Tools\Binn\;C:\Program Files\dotnet\;C:\Program Files\NVIDIA Corporation\NVIDIA app\NvDLISR;C:\Users\eray_\AppData\Local\Programs\Python\Python313\Scripts\;C:\Users\eray_\AppData\Local\Programs\Python\Python313\;C:\Users\eray_\AppData\Local\Microsoft\WindowsApps;C:\Users\eray_\.dotnet\tools;c:\Users\eray_\AppData\Local\Programs\cursor\resources\app\bin;c:\Users\eray_\AppData\Local\Programs\cursor\resources\app\bin;C:\Program Files (x86)\NVIDIA Corporation\PhysX\Common;C:\Program Files\Git\cmd;C:\Program Files\nodejs\;C:\Users\eray_\AppData\Local\Android\Sdk\platform-tools;C:\Program Files\MySQL\MySQL Shell 8.0\bin\;C:\Users\eray_\AppData\Local\Programs\Python\Python313\Scripts\;C:\Users\eray_\AppData\Local\Programs\Python\Python313\;C:\Users\eray_\AppData\Local\Microsoft\WindowsApps;C:\Users\eray_\.dotnet\tools;C:\Users\eray_\AppData\Local\Programs\Microsoft VS Code\bin;C:\Users\eray_\AppData\Local\gitkraken\bin;C:\Users\eray_\AppData\Local\Programs\Windsurf\bin;C:\Users\eray_\AppData\Local\GitHubDesktop\bin;C:\apache-maven-3.9.9\bin;C:\Program Files\Eclipse Adoptium\jdk-21.0.6.7-hotspot\bin;C:\Users\eray_\AppData\Roaming\npm;C:\Users\eray_\AppData\Local\Programs\Microsoft VS Code Insiders\bin;C:\Users\eray_\AppData\Local\JetBrains\Toolbox\scripts;C:\Users\eray_\AppData\Local\Programs\cursor\resources\app\bin
USERNAME=eray_
OS=Windows_NT
PROCESSOR_IDENTIFIER=AMD64 Family 25 Model 68 Stepping 1, AuthenticAMD
TMP=C:\Users\eray_\AppData\Local\Temp
TEMP=C:\Users\eray_\AppData\Local\Temp




Periodic native trim disabled

---------------  S Y S T E M  ---------------

OS:
 Windows 11 , 64 bit Build 26100 (10.0.26100.3323)
OS uptime: 0 days 16:19 hours
Hyper-V role detected

CPU: total 12 (initial active 12) (12 cores per cpu, 2 threads per core) family 25 model 68 stepping 1 microcode 0xa404102, cx8, cmov, fxsr, ht, mmx, 3dnowpref, sse, sse2, sse3, ssse3, sse4a, sse4.1, sse4.2, popcnt, lzcnt, tsc, tscinvbit, avx, avx2, aes, erms, clmul, bmi1, bmi2, adx, sha, fma, vzeroupper, clflush, clflushopt, hv, rdtscp, rdpid, fsrm, f16c, cet_ss
Processor Information for processor 0
  Max Mhz: 3301, Current Mhz: 2635, Mhz Limit: 3301
Processor Information for processor 1
  Max Mhz: 3301, Current Mhz: 3301, Mhz Limit: 3301
Processor Information for processor 2
  Max Mhz: 3301, Current Mhz: 3301, Mhz Limit: 3301
Processor Information for processor 3
  Max Mhz: 3301, Current Mhz: 2635, Mhz Limit: 3301
Processor Information for processor 4
  Max Mhz: 3301, Current Mhz: 2635, Mhz Limit: 3301
Processor Information for processor 5
  Max Mhz: 3301, Current Mhz: 2635, Mhz Limit: 3301
Processor Information for processor 6
  Max Mhz: 3301, Current Mhz: 2635, Mhz Limit: 3301
Processor Information for processor 7
  Max Mhz: 3301, Current Mhz: 3301, Mhz Limit: 3301
Processor Information for processor 8
  Max Mhz: 3301, Current Mhz: 2635, Mhz Limit: 3301
Processor Information for processor 9
  Max Mhz: 3301, Current Mhz: 2635, Mhz Limit: 3301
Processor Information for processor 10
  Max Mhz: 3301, Current Mhz: 2635, Mhz Limit: 3301
Processor Information for processor 11
  Max Mhz: 3301, Current Mhz: 2635, Mhz Limit: 3301

Memory: 4k page, system-wide physical 7365M (1698M free)
TotalPageFile size 29893M (AvailPageFile size 11M)
current process WorkingSet (physical memory assigned to process): 259M, peak: 269M
current process commit charge ("private bytes"): 332M, peak: 343M

vm_info: OpenJDK 64-Bit Server VM (21.0.6+7-LTS) for windows-amd64 JRE (21.0.6+7-LTS), built on 2025-01-21T00:00:00Z by "admin" with MS VC++ 17.7 (VS2022)

END.
