#
# There is insufficient memory for the Java Runtime Environment to continue.
# Native memory allocation (malloc) failed to allocate 1081536 bytes. Error detail: Chunk::new
# Possible reasons:
#   The system is out of physical RAM or swap space
#   This process is running with CompressedOops enabled, and the Java Heap may be blocking the growth of the native heap
# Possible solutions:
#   Reduce memory load on the system
#   Increase physical memory or swap space
#   Check if swap backing store is full
#   Decrease Java heap size (-Xmx/-Xms)
#   Decrease number of Java threads
#   Decrease Java thread stack sizes (-Xss)
#   Set larger code cache with -XX:ReservedCodeCacheSize=
#   JVM is running with Unscaled Compressed Oops mode in which the Java heap is
#     placed in the first 4GB address space. The Java Heap base address is the
#     maximum limit for the native heap growth. Please use -XX:HeapBaseMinAddress
#     to set the Java Heap base and to place the Java Heap above 4GB virtual address.
# This output file may be truncated or incomplete.
#
#  Out of Memory Error (arena.cpp:168), pid=24580, tid=28904
#
# JRE version: OpenJDK Runtime Environment Temurin-21.0.6+7 (21.0.6+7) (build 21.0.6+7-LTS)
# Java VM: OpenJDK 64-Bit Server VM Temurin-21.0.6+7 (21.0.6+7-LTS, mixed mode, sharing, tiered, compressed oops, compressed class ptrs, parallel gc, windows-amd64)
# No core dump will be written. Minidumps are not enabled by default on client versions of Windows
#

---------------  S U M M A R Y ------------

Command Line: --add-modules=ALL-SYSTEM --add-opens=java.base/java.util=ALL-UNNAMED --add-opens=java.base/java.lang=ALL-UNNAMED --add-opens=java.base/sun.nio.fs=ALL-UNNAMED -Declipse.application=org.eclipse.jdt.ls.core.id1 -Dosgi.bundles.defaultStartLevel=4 -Declipse.product=org.eclipse.jdt.ls.core.product -Djava.import.generatesMetadataFilesAtProjectRoot=false -DDetectVMInstallationsJob.disabled=true -Dfile.encoding=utf8 -XX:+UseParallelGC -XX:GCTimeRatio=4 -XX:AdaptiveSizePolicyWeight=90 -Dsun.zip.disableMemoryMapping=true -Xmx1G -Xms100m -Xlog:disable -javaagent:c:\Users\eray_\.cursor\extensions\redhat.java-1.41.1-win32-x64\lombok\lombok-1.18.36.jar -XX:+HeapDumpOnOutOfMemoryError -XX:HeapDumpPath=c:\Users\eray_\AppData\Roaming\Cursor\User\workspaceStorage\a0323e11517aca798884cffd2dc08409\redhat.java -Daether.dependencyCollector.impl=bf c:\Users\eray_\.cursor\extensions\redhat.java-1.41.1-win32-x64\server\plugins\org.eclipse.equinox.launcher_1.7.0.v20250331-1702.jar -configuration c:\Users\eray_\AppData\Roaming\Cursor\User\globalStorage\redhat.java\1.41.1\config_win -data c:\Users\eray_\AppData\Roaming\Cursor\User\workspaceStorage\a0323e11517aca798884cffd2dc08409\redhat.java\jdt_ws --pipe=\\.\pipe\lsp-f433e80a381eab12880455f35514214e-sock

Host: AMD Ryzen 5 7535HS with Radeon Graphics        , 12 cores, 7G,  Windows 11 , 64 bit Build 26100 (10.0.26100.3323)
Time: Tue Apr  8 14:25:56 2025 Türkiye Standart Saati elapsed time: 54.310673 seconds (0d 0h 0m 54s)

---------------  T H R E A D  ---------------

Current thread (0x0000014add64fd80):  JavaThread "C2 CompilerThread0" daemon [_thread_in_native, id=28904, stack(0x0000002dc8e00000,0x0000002dc8f00000) (1024K)]


Current CompileTask:
C2:54310 8746   !   4       java.io.ObjectInputStream::readSerialData (474 bytes)

Stack: [0x0000002dc8e00000,0x0000002dc8f00000]
Native frames: (J=compiled Java code, j=interpreted, Vv=VM code, C=native code)
V  [jvm.dll+0x6cdee9]
V  [jvm.dll+0x8a83d1]
V  [jvm.dll+0x8aa8fe]
V  [jvm.dll+0x8aafe3]
V  [jvm.dll+0x27f706]
V  [jvm.dll+0xc500d]
V  [jvm.dll+0xc5543]
V  [jvm.dll+0x3b678c]
V  [jvm.dll+0x382935]
V  [jvm.dll+0x381d9a]
V  [jvm.dll+0x2479f0]
V  [jvm.dll+0x246fcf]
V  [jvm.dll+0x1c75ee]
V  [jvm.dll+0x25685a]
V  [jvm.dll+0x254dfa]
V  [jvm.dll+0x3f0256]
V  [jvm.dll+0x851f8b]
V  [jvm.dll+0x6cc5ed]
C  [ucrtbase.dll+0x37b0]
C  [KERNEL32.DLL+0x2e8d7]
C  [ntdll.dll+0xbbf6c]


---------------  P R O C E S S  ---------------

Threads class SMR info:
_java_thread_list=0x0000014add6cb410, length=54, elements={
0x0000014ac720ca40, 0x0000014adb5fe090, 0x0000014add616010, 0x0000014add619710,
0x0000014add61b370, 0x0000014add624200, 0x0000014add64a420, 0x0000014add64fd80,
0x0000014add6640b0, 0x0000014add64be60, 0x0000014add64aab0, 0x0000014add64c4f0,
0x0000014add64d210, 0x0000014add64d8a0, 0x0000014add64b140, 0x0000014add64b7d0,
0x0000014ae2c12e50, 0x0000014ae2c11410, 0x0000014ae2c127c0, 0x0000014ae2c13b70,
0x0000014ae2c14200, 0x0000014ae2c11aa0, 0x0000014ae2c10d80, 0x0000014ae2c15c40,
0x0000014ae2c17680, 0x0000014ae2c162d0, 0x0000014ae2c14890, 0x0000014ae2c155b0,
0x0000014ae2c16960, 0x0000014ae2c16ff0, 0x0000014ae2c14f20, 0x0000014ae4f5c650,
0x0000014ae4f5b930, 0x0000014ae4f5da00, 0x0000014ae4f5ac10, 0x0000014ae4f5bfc0,
0x0000014ae4f5b2a0, 0x0000014ae4f5d370, 0x0000014ae4f5e720, 0x0000014ae4f5edb0,
0x0000014ae4f5cce0, 0x0000014ae4f5f440, 0x0000014ae4f5fad0, 0x0000014ae4f61510,
0x0000014ae2c134e0, 0x0000014ae2c10060, 0x0000014ae4f61ba0, 0x0000014ae4358f30,
0x0000014ae43588a0, 0x0000014ae435ca40, 0x0000014ae435a970, 0x0000014ae435bd20,
0x0000014ae435c3b0, 0x0000014ae43595c0
}

Java Threads: ( => current thread )
  0x0000014ac720ca40 JavaThread "main"                              [_thread_blocked, id=28184, stack(0x0000002dc8400000,0x0000002dc8500000) (1024K)]
  0x0000014adb5fe090 JavaThread "Reference Handler"          daemon [_thread_blocked, id=31720, stack(0x0000002dc8800000,0x0000002dc8900000) (1024K)]
  0x0000014add616010 JavaThread "Finalizer"                  daemon [_thread_blocked, id=15968, stack(0x0000002dc8900000,0x0000002dc8a00000) (1024K)]
  0x0000014add619710 JavaThread "Signal Dispatcher"          daemon [_thread_blocked, id=21036, stack(0x0000002dc8a00000,0x0000002dc8b00000) (1024K)]
  0x0000014add61b370 JavaThread "Attach Listener"            daemon [_thread_blocked, id=31172, stack(0x0000002dc8b00000,0x0000002dc8c00000) (1024K)]
  0x0000014add624200 JavaThread "Service Thread"             daemon [_thread_blocked, id=28132, stack(0x0000002dc8c00000,0x0000002dc8d00000) (1024K)]
  0x0000014add64a420 JavaThread "Monitor Deflation Thread"   daemon [_thread_blocked, id=31356, stack(0x0000002dc8d00000,0x0000002dc8e00000) (1024K)]
=>0x0000014add64fd80 JavaThread "C2 CompilerThread0"         daemon [_thread_in_native, id=28904, stack(0x0000002dc8e00000,0x0000002dc8f00000) (1024K)]
  0x0000014add6640b0 JavaThread "C1 CompilerThread0"         daemon [_thread_blocked, id=31332, stack(0x0000002dc8f00000,0x0000002dc9000000) (1024K)]
  0x0000014add64be60 JavaThread "Common-Cleaner"             daemon [_thread_blocked, id=31148, stack(0x0000002dc9000000,0x0000002dc9100000) (1024K)]
  0x0000014add64aab0 JavaThread "Notification Thread"        daemon [_thread_blocked, id=30928, stack(0x0000002dc9200000,0x0000002dc9300000) (1024K)]
  0x0000014add64c4f0 JavaThread "Active Thread: Equinox Container: b3b2cbc8-f8d6-4cfe-9fc6-f3adf0fd76b7"        [_thread_blocked, id=2000, stack(0x0000002dc9900000,0x0000002dc9a00000) (1024K)]
  0x0000014add64d210 JavaThread "Refresh Thread: Equinox Container: b3b2cbc8-f8d6-4cfe-9fc6-f3adf0fd76b7" daemon [_thread_blocked, id=31572, stack(0x0000002dc9a00000,0x0000002dc9b00000) (1024K)]
  0x0000014add64d8a0 JavaThread "Framework Event Dispatcher: Equinox Container: b3b2cbc8-f8d6-4cfe-9fc6-f3adf0fd76b7" daemon [_thread_blocked, id=31696, stack(0x0000002dc9c00000,0x0000002dc9d00000) (1024K)]
  0x0000014add64b140 JavaThread "Start Level: Equinox Container: b3b2cbc8-f8d6-4cfe-9fc6-f3adf0fd76b7" daemon [_thread_blocked, id=31492, stack(0x0000002dc9d00000,0x0000002dc9e00000) (1024K)]
  0x0000014add64b7d0 JavaThread "Bundle File Closer"         daemon [_thread_blocked, id=30728, stack(0x0000002dc9e00000,0x0000002dc9f00000) (1024K)]
  0x0000014ae2c12e50 JavaThread "SCR Component Actor"        daemon [_thread_blocked, id=17856, stack(0x0000002dca100000,0x0000002dca200000) (1024K)]
  0x0000014ae2c11410 JavaThread "Worker-JM"                         [_thread_blocked, id=31600, stack(0x0000002dca200000,0x0000002dca300000) (1024K)]
  0x0000014ae2c127c0 JavaThread "Worker-0"                          [_thread_blocked, id=31052, stack(0x0000002dca400000,0x0000002dca500000) (1024K)]
  0x0000014ae2c13b70 JavaThread "Worker-1"                          [_thread_blocked, id=16728, stack(0x0000002dca500000,0x0000002dca600000) (1024K)]
  0x0000014ae2c14200 JavaThread "Java indexing"              daemon [_thread_blocked, id=30480, stack(0x0000002dca700000,0x0000002dca800000) (1024K)]
  0x0000014ae2c11aa0 JavaThread "Worker-2"                          [_thread_blocked, id=18476, stack(0x0000002dca800000,0x0000002dca900000) (1024K)]
  0x0000014ae2c10d80 JavaThread "JNA Cleaner"                daemon [_thread_blocked, id=26784, stack(0x0000002dca900000,0x0000002dcaa00000) (1024K)]
  0x0000014ae2c15c40 JavaThread "Worker-3"                          [_thread_blocked, id=31520, stack(0x0000002dcad00000,0x0000002dcae00000) (1024K)]
  0x0000014ae2c17680 JavaThread "Worker-4"                          [_thread_blocked, id=29656, stack(0x0000002dcae00000,0x0000002dcaf00000) (1024K)]
  0x0000014ae2c162d0 JavaThread "Worker-5: Initialize Workspace"        [_thread_blocked, id=30912, stack(0x0000002dcaf00000,0x0000002dcb000000) (1024K)]
  0x0000014ae2c14890 JavaThread "Thread-2"                   daemon [_thread_in_native, id=11916, stack(0x0000002dcb000000,0x0000002dcb100000) (1024K)]
  0x0000014ae2c155b0 JavaThread "Thread-3"                   daemon [_thread_in_native, id=31272, stack(0x0000002dcb100000,0x0000002dcb200000) (1024K)]
  0x0000014ae2c16960 JavaThread "Thread-4"                   daemon [_thread_in_native, id=30512, stack(0x0000002dcb200000,0x0000002dcb300000) (1024K)]
  0x0000014ae2c16ff0 JavaThread "Thread-5"                   daemon [_thread_in_native, id=26020, stack(0x0000002dcb300000,0x0000002dcb400000) (1024K)]
  0x0000014ae2c14f20 JavaThread "Thread-6"                   daemon [_thread_in_native, id=24180, stack(0x0000002dcb400000,0x0000002dcb500000) (1024K)]
  0x0000014ae4f5c650 JavaThread "Thread-7"                   daemon [_thread_in_native, id=31408, stack(0x0000002dcb500000,0x0000002dcb600000) (1024K)]
  0x0000014ae4f5b930 JavaThread "Thread-8"                   daemon [_thread_in_native, id=25908, stack(0x0000002dcb600000,0x0000002dcb700000) (1024K)]
  0x0000014ae4f5da00 JavaThread "Thread-9"                   daemon [_thread_in_native, id=30148, stack(0x0000002dcb700000,0x0000002dcb800000) (1024K)]
  0x0000014ae4f5ac10 JavaThread "Thread-10"                  daemon [_thread_in_native, id=31632, stack(0x0000002dcb800000,0x0000002dcb900000) (1024K)]
  0x0000014ae4f5bfc0 JavaThread "Thread-11"                  daemon [_thread_in_native, id=26396, stack(0x0000002dcb900000,0x0000002dcba00000) (1024K)]
  0x0000014ae4f5b2a0 JavaThread "Thread-12"                  daemon [_thread_in_native, id=30900, stack(0x0000002dcba00000,0x0000002dcbb00000) (1024K)]
  0x0000014ae4f5d370 JavaThread "Thread-13"                  daemon [_thread_in_native, id=16100, stack(0x0000002dcbb00000,0x0000002dcbc00000) (1024K)]
  0x0000014ae4f5e720 JavaThread "Thread-14"                  daemon [_thread_in_native, id=30884, stack(0x0000002dcbc00000,0x0000002dcbd00000) (1024K)]
  0x0000014ae4f5edb0 JavaThread "pool-2-thread-1"                   [_thread_blocked, id=31012, stack(0x0000002dcbd00000,0x0000002dcbe00000) (1024K)]
  0x0000014ae4f5cce0 JavaThread "WorkspaceEventsHandler"            [_thread_blocked, id=30572, stack(0x0000002dcbf00000,0x0000002dcc000000) (1024K)]
  0x0000014ae4f5f440 JavaThread "pool-1-thread-1"                   [_thread_blocked, id=16856, stack(0x0000002dcc000000,0x0000002dcc100000) (1024K)]
  0x0000014ae4f5fad0 JavaThread "Timer-0"                           [_thread_blocked, id=2428, stack(0x0000002dcc200000,0x0000002dcc300000) (1024K)]
  0x0000014ae4f61510 JavaThread "Exec process"                      [_thread_blocked, id=31920, stack(0x0000002dc9100000,0x0000002dc9200000) (1024K)]
  0x0000014ae2c134e0 JavaThread "Exec process Thread 2"             [_thread_blocked, id=31944, stack(0x0000002dca300000,0x0000002dca400000) (1024K)]
  0x0000014ae2c10060 JavaThread "Exec process Thread 3"             [_thread_blocked, id=31948, stack(0x0000002dca600000,0x0000002dca700000) (1024K)]
  0x0000014ae4f61ba0 JavaThread "Timer-1"                           [_thread_blocked, id=32076, stack(0x0000002dcc300000,0x0000002dcc400000) (1024K)]
  0x0000014ae4358f30 JavaThread "Timer-2"                           [_thread_blocked, id=32084, stack(0x0000002dcc400000,0x0000002dcc500000) (1024K)]
  0x0000014ae43588a0 JavaThread "Timer-3"                           [_thread_blocked, id=32164, stack(0x0000002dcc600000,0x0000002dcc700000) (1024K)]
  0x0000014ae435ca40 JavaThread "Timer-4"                           [_thread_blocked, id=32172, stack(0x0000002dcc500000,0x0000002dcc600000) (1024K)]
  0x0000014ae435a970 JavaThread "Timer-5"                           [_thread_blocked, id=32396, stack(0x0000002dc8200000,0x0000002dc8300000) (1024K)]
  0x0000014ae435bd20 JavaThread "Timer-6"                           [_thread_blocked, id=32312, stack(0x0000002dcc700000,0x0000002dcc800000) (1024K)]
  0x0000014ae435c3b0 JavaThread "Connection worker"                 [_thread_in_native, id=32548, stack(0x0000002dcc800000,0x0000002dcc900000) (1024K)]
  0x0000014ae43595c0 JavaThread "pool-4-thread-1"                   [_thread_blocked, id=9936, stack(0x0000002dcc900000,0x0000002dcca00000) (1024K)]
Total: 54

Other Threads:
  0x0000014adb5e4810 VMThread "VM Thread"                           [id=30252, stack(0x0000002dc8700000,0x0000002dc8800000) (1024K)]
  0x0000014adb4dca00 WatcherThread "VM Periodic Task Thread"        [id=28008, stack(0x0000002dc8600000,0x0000002dc8700000) (1024K)]
  0x0000014ac722bf20 WorkerThread "GC Thread#0"                     [id=31016, stack(0x0000002dc8500000,0x0000002dc8600000) (1024K)]
  0x0000014ae26319e0 WorkerThread "GC Thread#1"                     [id=22816, stack(0x0000002dc9300000,0x0000002dc9400000) (1024K)]
  0x0000014ae2631d80 WorkerThread "GC Thread#2"                     [id=28636, stack(0x0000002dc9400000,0x0000002dc9500000) (1024K)]
  0x0000014ae2632120 WorkerThread "GC Thread#3"                     [id=3540, stack(0x0000002dc9500000,0x0000002dc9600000) (1024K)]
  0x0000014ae26324c0 WorkerThread "GC Thread#4"                     [id=10524, stack(0x0000002dc9600000,0x0000002dc9700000) (1024K)]
  0x0000014ae2632860 WorkerThread "GC Thread#5"                     [id=24360, stack(0x0000002dc9700000,0x0000002dc9800000) (1024K)]
  0x0000014ae2632c00 WorkerThread "GC Thread#6"                     [id=31160, stack(0x0000002dc9800000,0x0000002dc9900000) (1024K)]
  0x0000014ae2631640 WorkerThread "GC Thread#7"                     [id=31360, stack(0x0000002dc9b00000,0x0000002dc9c00000) (1024K)]
  0x0000014ae2a5e7c0 WorkerThread "GC Thread#8"                     [id=30232, stack(0x0000002dc9f00000,0x0000002dca000000) (1024K)]
  0x0000014ae2a5eb60 WorkerThread "GC Thread#9"                     [id=7732, stack(0x0000002dca000000,0x0000002dca100000) (1024K)]
Total: 12

Threads with active compile tasks:
C2 CompilerThread0  54359 8746   !   4       java.io.ObjectInputStream::readSerialData (474 bytes)
Total: 1

VM state: not at safepoint (normal execution)

VM Mutex/Monitor currently owned by a thread: None

Heap address: 0x00000000c0000000, size: 1024 MB, Compressed Oops mode: 32-bit

CDS archive(s) mapped at: [0x0000014a80000000-0x0000014a80ba0000-0x0000014a80ba0000), size 12189696, SharedBaseAddress: 0x0000014a80000000, ArchiveRelocationMode: 1.
Compressed class space mapped at: 0x0000014a81000000-0x0000014ac1000000, reserved size: 1073741824
Narrow klass base: 0x0000014a80000000, Narrow klass shift: 0, Narrow klass range: 0x100000000

GC Precious Log:
 CardTable entry size: 512
 CPUs: 12 total, 12 available
 Memory: 7365M
 Large Page Support: Disabled
 NUMA Support: Disabled
 Compressed Oops: Enabled (32-bit)
 Alignments: Space 512K, Generation 512K, Heap 2M
 Heap Min Capacity: 100M
 Heap Initial Capacity: 100M
 Heap Max Capacity: 1G
 Pre-touch: Disabled
 Parallel Workers: 10

Heap:
 PSYoungGen      total 13312K, used 6476K [0x00000000eab00000, 0x00000000eba00000, 0x0000000100000000)
  eden space 12800K, 48% used [0x00000000eab00000,0x00000000eb106b10,0x00000000eb780000)
  from space 512K, 81% used [0x00000000eb980000,0x00000000eb9e8000,0x00000000eba00000)
  to   space 512K, 0% used [0x00000000eb900000,0x00000000eb900000,0x00000000eb980000)
 ParOldGen       total 68608K, used 47895K [0x00000000c0000000, 0x00000000c4300000, 0x00000000eab00000)
  object space 68608K, 69% used [0x00000000c0000000,0x00000000c2ec5e90,0x00000000c4300000)
 Metaspace       used 68199K, committed 69504K, reserved 1114112K
  class space    used 8321K, committed 8896K, reserved 1048576K

Card table byte_map: [0x0000014ac6bb0000,0x0000014ac6dc0000] _byte_map_base: 0x0000014ac65b0000

Marking Bits: (ParMarkBitMap*) 0x00007ffc518b3260
 Begin Bits: [0x0000014ad9400000, 0x0000014ada400000)
 End Bits:   [0x0000014ada400000, 0x0000014adb400000)

Polling page: 0x0000014ac5080000

Metaspace:

Usage:
  Non-class:     58.47 MB used.
      Class:      8.13 MB used.
       Both:     66.60 MB used.

Virtual space:
  Non-class space:       64.00 MB reserved,      59.19 MB ( 92%) committed,  1 nodes.
      Class space:        1.00 GB reserved,       8.69 MB ( <1%) committed,  1 nodes.
             Both:        1.06 GB reserved,      67.88 MB (  6%) committed. 

Chunk freelists:
   Non-Class:  4.86 MB
       Class:  7.28 MB
        Both:  12.13 MB

MaxMetaspaceSize: unlimited
CompressedClassSpaceSize: 1.00 GB
Initial GC threshold: 21.00 MB
Current GC threshold: 97.31 MB
CDS: on
 - commit_granule_bytes: 65536.
 - commit_granule_words: 8192.
 - virtual_space_node_default_size: 8388608.
 - enlarge_chunks_in_place: 1.
 - use_allocation_guard: 0.


Internal statistics:

num_allocs_failed_limit: 9.
num_arena_births: 1104.
num_arena_deaths: 24.
num_vsnodes_births: 2.
num_vsnodes_deaths: 0.
num_space_committed: 1086.
num_space_uncommitted: 0.
num_chunks_returned_to_freelist: 36.
num_chunks_taken_from_freelist: 3882.
num_chunk_merges: 7.
num_chunk_splits: 2512.
num_chunks_enlarged: 1610.
num_inconsistent_stats: 0.

CodeHeap 'non-profiled nmethods': size=120000Kb used=5146Kb max_used=5146Kb free=114853Kb
 bounds [0x0000014ad1ed0000, 0x0000014ad23e0000, 0x0000014ad9400000]
CodeHeap 'profiled nmethods': size=120000Kb used=16150Kb max_used=16150Kb free=103849Kb
 bounds [0x0000014aca400000, 0x0000014acb3d0000, 0x0000014ad1930000]
CodeHeap 'non-nmethods': size=5760Kb used=1423Kb max_used=1481Kb free=4336Kb
 bounds [0x0000014ad1930000, 0x0000014ad1ba0000, 0x0000014ad1ed0000]
 total_blobs=8736 nmethods=8006 adapters=636
 compilation: enabled
              stopped_count=0, restarted_count=0
 full_count=0

Compilation events (20 events):
Event: 53.859 Thread 0x0000014add6640b0 8741       3       sun.nio.ch.SocketChannelImpl::translateReadyOps (173 bytes)
Event: 53.860 Thread 0x0000014add6640b0 nmethod 8741 0x0000014acb3c0c90 code [0x0000014acb3c0e80, 0x0000014acb3c14b8]
Event: 53.888 Thread 0x0000014add64fd80 nmethod 8703 0x0000014ad23c6b90 code [0x0000014ad23c73e0, 0x0000014ad23d1230]
Event: 53.889 Thread 0x0000014add64fd80 8710       4       java.io.ObjectStreamClass::getSerialVersionUID (42 bytes)
Event: 53.892 Thread 0x0000014add64fd80 nmethod 8710 0x0000014ad23d5f90 code [0x0000014ad23d6140, 0x0000014ad23d62e8]
Event: 53.892 Thread 0x0000014add64fd80 8722       4       org.gradle.internal.operations.OperationIdentifier::hashCode (14 bytes)
Event: 53.892 Thread 0x0000014add64fd80 nmethod 8722 0x0000014ad23d6490 code [0x0000014ad23d6620, 0x0000014ad23d66b8]
Event: 53.892 Thread 0x0000014add64fd80 8704   !   4       java.io.ObjectInputStream::filterCheck (359 bytes)
Event: 53.894 Thread 0x0000014add64fd80 nmethod 8704 0x0000014ad23d6790 code [0x0000014ad23d6920, 0x0000014ad23d6a28]
Event: 53.899 Thread 0x0000014add6640b0 8742  s    3       org.gradle.tooling.internal.consumer.parameters.BuildProgressListenerAdapter::removeDescriptor (52 bytes)
Event: 53.900 Thread 0x0000014add6640b0 nmethod 8742 0x0000014acb3c1610 code [0x0000014acb3c18c0, 0x0000014acb3c2820]
Event: 53.900 Thread 0x0000014add6640b0 8743       3       org.gradle.internal.build.event.types.DefaultOperationFinishedProgressEvent::getDisplayName (39 bytes)
Event: 53.900 Thread 0x0000014add6640b0 nmethod 8743 0x0000014acb3c2d90 code [0x0000014acb3c2fc0, 0x0000014acb3c3808]
Event: 53.900 Thread 0x0000014add6640b0 8744       3       org.gradle.tooling.internal.consumer.parameters.BuildProgressListenerAdapter::toResult (65 bytes)
Event: 53.901 Thread 0x0000014add6640b0 nmethod 8744 0x0000014acb3c3b10 code [0x0000014acb3c3d40, 0x0000014acb3c4820]
Event: 53.901 Thread 0x0000014add6640b0 8745       3       org.gradle.tooling.events.internal.DefaultFinishEvent::<init> (15 bytes)
Event: 53.901 Thread 0x0000014add6640b0 nmethod 8745 0x0000014acb3c4b10 code [0x0000014acb3c4cc0, 0x0000014acb3c4ec8]
Event: 53.923 Thread 0x0000014add64fd80 8746   !   4       java.io.ObjectInputStream::readSerialData (474 bytes)
Event: 54.162 Thread 0x0000014add6640b0 8750       3       java.util.concurrent.locks.AbstractQueuedSynchronizer$ConditionObject::enableWait (84 bytes)
Event: 54.163 Thread 0x0000014add6640b0 nmethod 8750 0x0000014acb3c5010 code [0x0000014acb3c5220, 0x0000014acb3c5858]

GC Heap History (20 events):
Event: 16.705 GC heap before
{Heap before GC invocations=50 (full 3):
 PSYoungGen      total 13312K, used 13109K [0x00000000eab00000, 0x00000000ebc00000, 0x0000000100000000)
  eden space 12800K, 100% used [0x00000000eab00000,0x00000000eb780000,0x00000000eb780000)
  from space 512K, 60% used [0x00000000ebb80000,0x00000000ebbcd4b8,0x00000000ebc00000)
  to   space 1024K, 0% used [0x00000000eba00000,0x00000000eba00000,0x00000000ebb00000)
 ParOldGen       total 68608K, used 45534K [0x00000000c0000000, 0x00000000c4300000, 0x00000000eab00000)
  object space 68608K, 66% used [0x00000000c0000000,0x00000000c2c77ae8,0x00000000c4300000)
 Metaspace       used 66083K, committed 67392K, reserved 1114112K
  class space    used 8069K, committed 8640K, reserved 1048576K
}
Event: 16.705 GC heap after
{Heap after GC invocations=50 (full 3):
 PSYoungGen      total 13824K, used 1007K [0x00000000eab00000, 0x00000000ebc00000, 0x0000000100000000)
  eden space 12800K, 0% used [0x00000000eab00000,0x00000000eab00000,0x00000000eb780000)
  from space 1024K, 98% used [0x00000000eba00000,0x00000000ebafbcd8,0x00000000ebb00000)
  to   space 1024K, 0% used [0x00000000ebb00000,0x00000000ebb00000,0x00000000ebc00000)
 ParOldGen       total 68608K, used 45750K [0x00000000c0000000, 0x00000000c4300000, 0x00000000eab00000)
  object space 68608K, 66% used [0x00000000c0000000,0x00000000c2cad8f0,0x00000000c4300000)
 Metaspace       used 66083K, committed 67392K, reserved 1114112K
  class space    used 8069K, committed 8640K, reserved 1048576K
}
Event: 16.777 GC heap before
{Heap before GC invocations=51 (full 3):
 PSYoungGen      total 13824K, used 13807K [0x00000000eab00000, 0x00000000ebc00000, 0x0000000100000000)
  eden space 12800K, 100% used [0x00000000eab00000,0x00000000eb780000,0x00000000eb780000)
  from space 1024K, 98% used [0x00000000eba00000,0x00000000ebafbcd8,0x00000000ebb00000)
  to   space 1024K, 0% used [0x00000000ebb00000,0x00000000ebb00000,0x00000000ebc00000)
 ParOldGen       total 68608K, used 45750K [0x00000000c0000000, 0x00000000c4300000, 0x00000000eab00000)
  object space 68608K, 66% used [0x00000000c0000000,0x00000000c2cad8f0,0x00000000c4300000)
 Metaspace       used 66083K, committed 67392K, reserved 1114112K
  class space    used 8069K, committed 8640K, reserved 1048576K
}
Event: 16.778 GC heap after
{Heap after GC invocations=51 (full 3):
 PSYoungGen      total 13312K, used 461K [0x00000000eab00000, 0x00000000ebb80000, 0x0000000100000000)
  eden space 12800K, 0% used [0x00000000eab00000,0x00000000eab00000,0x00000000eb780000)
  from space 512K, 90% used [0x00000000ebb00000,0x00000000ebb73420,0x00000000ebb80000)
  to   space 1024K, 0% used [0x00000000eb980000,0x00000000eb980000,0x00000000eba80000)
 ParOldGen       total 68608K, used 45814K [0x00000000c0000000, 0x00000000c4300000, 0x00000000eab00000)
  object space 68608K, 66% used [0x00000000c0000000,0x00000000c2cbd8f0,0x00000000c4300000)
 Metaspace       used 66083K, committed 67392K, reserved 1114112K
  class space    used 8069K, committed 8640K, reserved 1048576K
}
Event: 16.860 GC heap before
{Heap before GC invocations=52 (full 3):
 PSYoungGen      total 13312K, used 13261K [0x00000000eab00000, 0x00000000ebb80000, 0x0000000100000000)
  eden space 12800K, 100% used [0x00000000eab00000,0x00000000eb780000,0x00000000eb780000)
  from space 512K, 90% used [0x00000000ebb00000,0x00000000ebb73420,0x00000000ebb80000)
  to   space 1024K, 0% used [0x00000000eb980000,0x00000000eb980000,0x00000000eba80000)
 ParOldGen       total 68608K, used 45814K [0x00000000c0000000, 0x00000000c4300000, 0x00000000eab00000)
  object space 68608K, 66% used [0x00000000c0000000,0x00000000c2cbd8f0,0x00000000c4300000)
 Metaspace       used 66083K, committed 67392K, reserved 1114112K
  class space    used 8069K, committed 8640K, reserved 1048576K
}
Event: 16.861 GC heap after
{Heap after GC invocations=52 (full 3):
 PSYoungGen      total 13824K, used 1014K [0x00000000eab00000, 0x00000000ebb80000, 0x0000000100000000)
  eden space 12800K, 0% used [0x00000000eab00000,0x00000000eab00000,0x00000000eb780000)
  from space 1024K, 99% used [0x00000000eb980000,0x00000000eba7da80,0x00000000eba80000)
  to   space 1024K, 0% used [0x00000000eba80000,0x00000000eba80000,0x00000000ebb80000)
 ParOldGen       total 68608K, used 45999K [0x00000000c0000000, 0x00000000c4300000, 0x00000000eab00000)
  object space 68608K, 67% used [0x00000000c0000000,0x00000000c2cebd40,0x00000000c4300000)
 Metaspace       used 66083K, committed 67392K, reserved 1114112K
  class space    used 8069K, committed 8640K, reserved 1048576K
}
Event: 16.951 GC heap before
{Heap before GC invocations=53 (full 3):
 PSYoungGen      total 13824K, used 13814K [0x00000000eab00000, 0x00000000ebb80000, 0x0000000100000000)
  eden space 12800K, 100% used [0x00000000eab00000,0x00000000eb780000,0x00000000eb780000)
  from space 1024K, 99% used [0x00000000eb980000,0x00000000eba7da80,0x00000000eba80000)
  to   space 1024K, 0% used [0x00000000eba80000,0x00000000eba80000,0x00000000ebb80000)
 ParOldGen       total 68608K, used 45999K [0x00000000c0000000, 0x00000000c4300000, 0x00000000eab00000)
  object space 68608K, 67% used [0x00000000c0000000,0x00000000c2cebd40,0x00000000c4300000)
 Metaspace       used 66083K, committed 67392K, reserved 1114112K
  class space    used 8069K, committed 8640K, reserved 1048576K
}
Event: 16.952 GC heap after
{Heap after GC invocations=53 (full 3):
 PSYoungGen      total 13312K, used 463K [0x00000000eab00000, 0x00000000ebb00000, 0x0000000100000000)
  eden space 12800K, 0% used [0x00000000eab00000,0x00000000eab00000,0x00000000eb780000)
  from space 512K, 90% used [0x00000000eba80000,0x00000000ebaf3cd8,0x00000000ebb00000)
  to   space 1024K, 0% used [0x00000000eb900000,0x00000000eb900000,0x00000000eba00000)
 ParOldGen       total 68608K, used 46071K [0x00000000c0000000, 0x00000000c4300000, 0x00000000eab00000)
  object space 68608K, 67% used [0x00000000c0000000,0x00000000c2cfdd40,0x00000000c4300000)
 Metaspace       used 66083K, committed 67392K, reserved 1114112K
  class space    used 8069K, committed 8640K, reserved 1048576K
}
Event: 17.006 GC heap before
{Heap before GC invocations=54 (full 3):
 PSYoungGen      total 13312K, used 13263K [0x00000000eab00000, 0x00000000ebb00000, 0x0000000100000000)
  eden space 12800K, 100% used [0x00000000eab00000,0x00000000eb780000,0x00000000eb780000)
  from space 512K, 90% used [0x00000000eba80000,0x00000000ebaf3cd8,0x00000000ebb00000)
  to   space 1024K, 0% used [0x00000000eb900000,0x00000000eb900000,0x00000000eba00000)
 ParOldGen       total 68608K, used 46071K [0x00000000c0000000, 0x00000000c4300000, 0x00000000eab00000)
  object space 68608K, 67% used [0x00000000c0000000,0x00000000c2cfdd40,0x00000000c4300000)
 Metaspace       used 66083K, committed 67392K, reserved 1114112K
  class space    used 8069K, committed 8640K, reserved 1048576K
}
Event: 17.007 GC heap after
{Heap after GC invocations=54 (full 3):
 PSYoungGen      total 13824K, used 824K [0x00000000eab00000, 0x00000000ebb00000, 0x0000000100000000)
  eden space 12800K, 0% used [0x00000000eab00000,0x00000000eab00000,0x00000000eb780000)
  from space 1024K, 80% used [0x00000000eb900000,0x00000000eb9ce0c8,0x00000000eba00000)
  to   space 1024K, 0% used [0x00000000eba00000,0x00000000eba00000,0x00000000ebb00000)
 ParOldGen       total 68608K, used 46435K [0x00000000c0000000, 0x00000000c4300000, 0x00000000eab00000)
  object space 68608K, 67% used [0x00000000c0000000,0x00000000c2d58c90,0x00000000c4300000)
 Metaspace       used 66083K, committed 67392K, reserved 1114112K
  class space    used 8069K, committed 8640K, reserved 1048576K
}
Event: 17.082 GC heap before
{Heap before GC invocations=55 (full 3):
 PSYoungGen      total 13824K, used 13624K [0x00000000eab00000, 0x00000000ebb00000, 0x0000000100000000)
  eden space 12800K, 100% used [0x00000000eab00000,0x00000000eb780000,0x00000000eb780000)
  from space 1024K, 80% used [0x00000000eb900000,0x00000000eb9ce0c8,0x00000000eba00000)
  to   space 1024K, 0% used [0x00000000eba00000,0x00000000eba00000,0x00000000ebb00000)
 ParOldGen       total 68608K, used 46435K [0x00000000c0000000, 0x00000000c4300000, 0x00000000eab00000)
  object space 68608K, 67% used [0x00000000c0000000,0x00000000c2d58c90,0x00000000c4300000)
 Metaspace       used 66083K, committed 67392K, reserved 1114112K
  class space    used 8069K, committed 8640K, reserved 1048576K
}
Event: 17.083 GC heap after
{Heap after GC invocations=55 (full 3):
 PSYoungGen      total 13824K, used 862K [0x00000000eab00000, 0x00000000ebb00000, 0x0000000100000000)
  eden space 12800K, 0% used [0x00000000eab00000,0x00000000eab00000,0x00000000eb780000)
  from space 1024K, 84% used [0x00000000eba00000,0x00000000ebad7ac0,0x00000000ebb00000)
  to   space 1024K, 0% used [0x00000000eb900000,0x00000000eb900000,0x00000000eba00000)
 ParOldGen       total 68608K, used 46491K [0x00000000c0000000, 0x00000000c4300000, 0x00000000eab00000)
  object space 68608K, 67% used [0x00000000c0000000,0x00000000c2d66ca0,0x00000000c4300000)
 Metaspace       used 66083K, committed 67392K, reserved 1114112K
  class space    used 8069K, committed 8640K, reserved 1048576K
}
Event: 17.155 GC heap before
{Heap before GC invocations=56 (full 3):
 PSYoungGen      total 13824K, used 13662K [0x00000000eab00000, 0x00000000ebb00000, 0x0000000100000000)
  eden space 12800K, 100% used [0x00000000eab00000,0x00000000eb780000,0x00000000eb780000)
  from space 1024K, 84% used [0x00000000eba00000,0x00000000ebad7ac0,0x00000000ebb00000)
  to   space 1024K, 0% used [0x00000000eb900000,0x00000000eb900000,0x00000000eba00000)
 ParOldGen       total 68608K, used 46491K [0x00000000c0000000, 0x00000000c4300000, 0x00000000eab00000)
  object space 68608K, 67% used [0x00000000c0000000,0x00000000c2d66ca0,0x00000000c4300000)
 Metaspace       used 66083K, committed 67392K, reserved 1114112K
  class space    used 8069K, committed 8640K, reserved 1048576K
}
Event: 17.156 GC heap after
{Heap after GC invocations=56 (full 3):
 PSYoungGen      total 13824K, used 224K [0x00000000eab00000, 0x00000000eba80000, 0x0000000100000000)
  eden space 12800K, 0% used [0x00000000eab00000,0x00000000eab00000,0x00000000eb780000)
  from space 1024K, 21% used [0x00000000eb900000,0x00000000eb938000,0x00000000eba00000)
  to   space 512K, 0% used [0x00000000eba00000,0x00000000eba00000,0x00000000eba80000)
 ParOldGen       total 68608K, used 47087K [0x00000000c0000000, 0x00000000c4300000, 0x00000000eab00000)
  object space 68608K, 68% used [0x00000000c0000000,0x00000000c2dfbdd8,0x00000000c4300000)
 Metaspace       used 66083K, committed 67392K, reserved 1114112K
  class space    used 8069K, committed 8640K, reserved 1048576K
}
Event: 19.191 GC heap before
{Heap before GC invocations=57 (full 3):
 PSYoungGen      total 13824K, used 13024K [0x00000000eab00000, 0x00000000eba80000, 0x0000000100000000)
  eden space 12800K, 100% used [0x00000000eab00000,0x00000000eb780000,0x00000000eb780000)
  from space 1024K, 21% used [0x00000000eb900000,0x00000000eb938000,0x00000000eba00000)
  to   space 512K, 0% used [0x00000000eba00000,0x00000000eba00000,0x00000000eba80000)
 ParOldGen       total 68608K, used 47087K [0x00000000c0000000, 0x00000000c4300000, 0x00000000eab00000)
  object space 68608K, 68% used [0x00000000c0000000,0x00000000c2dfbdd8,0x00000000c4300000)
 Metaspace       used 66900K, committed 68160K, reserved 1114112K
  class space    used 8189K, committed 8704K, reserved 1048576K
}
Event: 19.192 GC heap after
{Heap after GC invocations=57 (full 3):
 PSYoungGen      total 13312K, used 480K [0x00000000eab00000, 0x00000000eba80000, 0x0000000100000000)
  eden space 12800K, 0% used [0x00000000eab00000,0x00000000eab00000,0x00000000eb780000)
  from space 512K, 93% used [0x00000000eba00000,0x00000000eba78010,0x00000000eba80000)
  to   space 1024K, 0% used [0x00000000eb880000,0x00000000eb880000,0x00000000eb980000)
 ParOldGen       total 68608K, used 47159K [0x00000000c0000000, 0x00000000c4300000, 0x00000000eab00000)
  object space 68608K, 68% used [0x00000000c0000000,0x00000000c2e0dde8,0x00000000c4300000)
 Metaspace       used 66900K, committed 68160K, reserved 1114112K
  class space    used 8189K, committed 8704K, reserved 1048576K
}
Event: 40.043 GC heap before
{Heap before GC invocations=58 (full 3):
 PSYoungGen      total 13312K, used 13280K [0x00000000eab00000, 0x00000000eba80000, 0x0000000100000000)
  eden space 12800K, 100% used [0x00000000eab00000,0x00000000eb780000,0x00000000eb780000)
  from space 512K, 93% used [0x00000000eba00000,0x00000000eba78010,0x00000000eba80000)
  to   space 1024K, 0% used [0x00000000eb880000,0x00000000eb880000,0x00000000eb980000)
 ParOldGen       total 68608K, used 47159K [0x00000000c0000000, 0x00000000c4300000, 0x00000000eab00000)
  object space 68608K, 68% used [0x00000000c0000000,0x00000000c2e0dde8,0x00000000c4300000)
 Metaspace       used 67927K, committed 69248K, reserved 1114112K
  class space    used 8309K, committed 8896K, reserved 1048576K
}
Event: 40.047 GC heap after
{Heap after GC invocations=58 (full 3):
 PSYoungGen      total 13824K, used 608K [0x00000000eab00000, 0x00000000eba80000, 0x0000000100000000)
  eden space 12800K, 0% used [0x00000000eab00000,0x00000000eab00000,0x00000000eb780000)
  from space 1024K, 59% used [0x00000000eb880000,0x00000000eb918000,0x00000000eb980000)
  to   space 1024K, 0% used [0x00000000eb980000,0x00000000eb980000,0x00000000eba80000)
 ParOldGen       total 68608K, used 47423K [0x00000000c0000000, 0x00000000c4300000, 0x00000000eab00000)
  object space 68608K, 69% used [0x00000000c0000000,0x00000000c2e4fe08,0x00000000c4300000)
 Metaspace       used 67927K, committed 69248K, reserved 1114112K
  class space    used 8309K, committed 8896K, reserved 1048576K
}
Event: 53.472 GC heap before
{Heap before GC invocations=59 (full 3):
 PSYoungGen      total 13824K, used 13408K [0x00000000eab00000, 0x00000000eba80000, 0x0000000100000000)
  eden space 12800K, 100% used [0x00000000eab00000,0x00000000eb780000,0x00000000eb780000)
  from space 1024K, 59% used [0x00000000eb880000,0x00000000eb918000,0x00000000eb980000)
  to   space 1024K, 0% used [0x00000000eb980000,0x00000000eb980000,0x00000000eba80000)
 ParOldGen       total 68608K, used 47423K [0x00000000c0000000, 0x00000000c4300000, 0x00000000eab00000)
  object space 68608K, 69% used [0x00000000c0000000,0x00000000c2e4fe08,0x00000000c4300000)
 Metaspace       used 68170K, committed 69504K, reserved 1114112K
  class space    used 8321K, committed 8896K, reserved 1048576K
}
Event: 53.475 GC heap after
{Heap after GC invocations=59 (full 3):
 PSYoungGen      total 13312K, used 416K [0x00000000eab00000, 0x00000000eba00000, 0x0000000100000000)
  eden space 12800K, 0% used [0x00000000eab00000,0x00000000eab00000,0x00000000eb780000)
  from space 512K, 81% used [0x00000000eb980000,0x00000000eb9e8000,0x00000000eba00000)
  to   space 512K, 0% used [0x00000000eb900000,0x00000000eb900000,0x00000000eb980000)
 ParOldGen       total 68608K, used 47895K [0x00000000c0000000, 0x00000000c4300000, 0x00000000eab00000)
  object space 68608K, 69% used [0x00000000c0000000,0x00000000c2ec5e90,0x00000000c4300000)
 Metaspace       used 68170K, committed 69504K, reserved 1114112K
  class space    used 8321K, committed 8896K, reserved 1048576K
}

Dll operation events (15 events):
Event: 0.021 Loaded shared library c:\Users\eray_\.cursor\extensions\redhat.java-1.41.1-win32-x64\jre\21.0.6-win32-x86_64\bin\java.dll
Event: 0.065 Loaded shared library c:\Users\eray_\.cursor\extensions\redhat.java-1.41.1-win32-x64\jre\21.0.6-win32-x86_64\bin\zip.dll
Event: 0.171 Loaded shared library C:\Users\eray_\.cursor\extensions\redhat.java-1.41.1-win32-x64\jre\21.0.6-win32-x86_64\bin\instrument.dll
Event: 0.182 Loaded shared library C:\Users\eray_\.cursor\extensions\redhat.java-1.41.1-win32-x64\jre\21.0.6-win32-x86_64\bin\net.dll
Event: 0.187 Loaded shared library C:\Users\eray_\.cursor\extensions\redhat.java-1.41.1-win32-x64\jre\21.0.6-win32-x86_64\bin\nio.dll
Event: 0.192 Loaded shared library C:\Users\eray_\.cursor\extensions\redhat.java-1.41.1-win32-x64\jre\21.0.6-win32-x86_64\bin\zip.dll
Event: 0.224 Loaded shared library C:\Users\eray_\.cursor\extensions\redhat.java-1.41.1-win32-x64\jre\21.0.6-win32-x86_64\bin\jimage.dll
Event: 0.328 Loaded shared library c:\Users\eray_\.cursor\extensions\redhat.java-1.41.1-win32-x64\jre\21.0.6-win32-x86_64\bin\verify.dll
Event: 2.070 Loaded shared library C:\Users\eray_\AppData\Roaming\Cursor\User\globalStorage\redhat.java\1.41.1\config_win\org.eclipse.equinox.launcher\org.eclipse.equinox.launcher.win32.win32.x86_64_1.2.1300.v20250331-1702\eclipse_11911.dll
Event: 4.472 Loaded shared library C:\Users\eray_\.cursor\extensions\redhat.java-1.41.1-win32-x64\jre\21.0.6-win32-x86_64\bin\management.dll
Event: 4.478 Loaded shared library C:\Users\eray_\.cursor\extensions\redhat.java-1.41.1-win32-x64\jre\21.0.6-win32-x86_64\bin\management_ext.dll
Event: 6.584 Loaded shared library C:\Users\eray_\AppData\Local\Temp\jna-96768858\jna1322683260490953302.dll
Event: 6.778 Loaded shared library C:\Users\eray_\.cursor\extensions\redhat.java-1.41.1-win32-x64\jre\21.0.6-win32-x86_64\bin\sunmscapi.dll
Event: 7.186 Loaded shared library C:\Users\eray_\.cursor\extensions\redhat.java-1.41.1-win32-x64\jre\21.0.6-win32-x86_64\bin\extnet.dll
Event: 10.674 Loaded shared library C:\Users\eray_\.gradle\native\c067742578af261105cb4f569cf0c3c89f3d7b1fecec35dd04571415982c5e48\windows-amd64\native-platform.dll

Deoptimization events (20 events):
Event: 40.170 Thread 0x0000014ae435c3b0 Uncommon trap: trap_request=0xffffffde fr.pc=0x0000014ad23815ec relative=0x000000000000032c
Event: 40.171 Thread 0x0000014ae435c3b0 Uncommon trap: reason=class_check action=maybe_recompile pc=0x0000014ad23815ec method=java.io.DataOutputStream.writeByte(I)V @ 5 c2
Event: 40.171 Thread 0x0000014ae435c3b0 DEOPT PACKING pc=0x0000014ad23815ec sp=0x0000002dcc8fe420
Event: 40.171 Thread 0x0000014ae435c3b0 DEOPT UNPACKING pc=0x0000014ad1983aa2 sp=0x0000002dcc8fe3d8 mode 2
Event: 40.175 Thread 0x0000014ae435c3b0 Uncommon trap: trap_request=0xffffffde fr.pc=0x0000014ad23815ec relative=0x000000000000032c
Event: 40.175 Thread 0x0000014ae435c3b0 Uncommon trap: reason=class_check action=maybe_recompile pc=0x0000014ad23815ec method=java.io.DataOutputStream.writeByte(I)V @ 5 c2
Event: 40.175 Thread 0x0000014ae435c3b0 DEOPT PACKING pc=0x0000014ad23815ec sp=0x0000002dcc8fe420
Event: 40.175 Thread 0x0000014ae435c3b0 DEOPT UNPACKING pc=0x0000014ad1983aa2 sp=0x0000002dcc8fe3d8 mode 2
Event: 40.318 Thread 0x0000014ae435d0d0 Uncommon trap: trap_request=0xffffffc6 fr.pc=0x0000014ad227b1fc relative=0x000000000000071c
Event: 40.318 Thread 0x0000014ae435d0d0 Uncommon trap: reason=bimorphic_or_optimized_type_check action=maybe_recompile pc=0x0000014ad227b1fc method=java.util.regex.Matcher.getTextLength()I @ 4 c2
Event: 40.318 Thread 0x0000014ae435d0d0 DEOPT PACKING pc=0x0000014ad227b1fc sp=0x0000002dccafee50
Event: 40.318 Thread 0x0000014ae435d0d0 DEOPT UNPACKING pc=0x0000014ad1983aa2 sp=0x0000002dccafecc0 mode 2
Event: 43.721 Thread 0x0000014ae435d0d0 Uncommon trap: trap_request=0xffffffbe fr.pc=0x0000014ad2366a2c relative=0x000000000000088c
Event: 43.721 Thread 0x0000014ae435d0d0 Uncommon trap: reason=profile_predicate action=maybe_recompile pc=0x0000014ad2366a2c method=java.util.regex.Pattern$CharPropertyGreedy.match(Ljava/util/regex/Matcher;ILjava/lang/CharSequence;)Z @ 103 c2
Event: 43.721 Thread 0x0000014ae435d0d0 DEOPT PACKING pc=0x0000014ad2366a2c sp=0x0000002dccafec60
Event: 43.721 Thread 0x0000014ae435d0d0 DEOPT UNPACKING pc=0x0000014ad1983aa2 sp=0x0000002dccafebe0 mode 2
Event: 43.721 Thread 0x0000014ae435d0d0 Uncommon trap: trap_request=0xffffffbe fr.pc=0x0000014ad227805c relative=0x000000000000029c
Event: 43.721 Thread 0x0000014ae435d0d0 Uncommon trap: reason=profile_predicate action=maybe_recompile pc=0x0000014ad227805c method=java.util.regex.Pattern$Slice.match(Ljava/util/regex/Matcher;ILjava/lang/CharSequence;)Z @ 18 c2
Event: 43.721 Thread 0x0000014ae435d0d0 DEOPT PACKING pc=0x0000014ad227805c sp=0x0000002dccafeae0
Event: 43.721 Thread 0x0000014ae435d0d0 DEOPT UNPACKING pc=0x0000014ad1983aa2 sp=0x0000002dccafea70 mode 2

Classes loaded (20 events):
Event: 24.687 Loading class java/io/ObjectInputFilter$Config$BuiltinFilterFactory
Event: 24.688 Loading class java/io/ObjectInputFilter$Config$BuiltinFilterFactory done
Event: 24.688 Loading class jdk/internal/access/JavaObjectInputFilterAccess
Event: 24.688 Loading class jdk/internal/access/JavaObjectInputFilterAccess done
Event: 24.690 Loading class jdk/internal/event/DeserializationEvent
Event: 24.691 Loading class jdk/internal/event/DeserializationEvent done
Event: 24.695 Loading class java/io/ObjectInputStream$FieldValues
Event: 24.696 Loading class java/io/ObjectInputStream$GetField
Event: 24.696 Loading class java/io/ObjectInputStream$GetField done
Event: 24.696 Loading class java/io/ObjectInputStream$FieldValues done
Event: 39.920 Loading class sun/net/ConnectionResetException
Event: 39.921 Loading class sun/net/ConnectionResetException done
Event: 39.972 Loading class sun/misc/SharedSecrets
Event: 39.972 Loading class sun/misc/SharedSecrets done
Event: 39.972 Loading class java/lang/Throwable$WrappedPrintWriter
Event: 39.973 Loading class java/lang/Throwable$PrintStreamOrWriter
Event: 39.974 Loading class java/lang/Throwable$PrintStreamOrWriter done
Event: 39.974 Loading class java/lang/Throwable$WrappedPrintWriter done
Event: 40.133 Loading class java/security/DigestInputStream
Event: 40.133 Loading class java/security/DigestInputStream done

Classes unloaded (12 events):
Event: 5.678 Thread 0x0000014adb5e4810 Unloading class 0x0000014a8119a800 'java/lang/invoke/LambdaForm$MH+0x0000014a8119a800'
Event: 5.678 Thread 0x0000014adb5e4810 Unloading class 0x0000014a8119a400 'java/lang/invoke/LambdaForm$MH+0x0000014a8119a400'
Event: 5.678 Thread 0x0000014adb5e4810 Unloading class 0x0000014a8119a000 'java/lang/invoke/LambdaForm$MH+0x0000014a8119a000'
Event: 5.678 Thread 0x0000014adb5e4810 Unloading class 0x0000014a81199c00 'java/lang/invoke/LambdaForm$MH+0x0000014a81199c00'
Event: 5.678 Thread 0x0000014adb5e4810 Unloading class 0x0000014a81199800 'java/lang/invoke/LambdaForm$BMH+0x0000014a81199800'
Event: 5.678 Thread 0x0000014adb5e4810 Unloading class 0x0000014a81199400 'java/lang/invoke/LambdaForm$DMH+0x0000014a81199400'
Event: 5.678 Thread 0x0000014adb5e4810 Unloading class 0x0000014a81198400 'java/lang/invoke/LambdaForm$DMH+0x0000014a81198400'
Event: 7.038 Thread 0x0000014adb5e4810 Unloading class 0x0000014a8131a400 'java/lang/invoke/LambdaForm$MH+0x0000014a8131a400'
Event: 7.038 Thread 0x0000014adb5e4810 Unloading class 0x0000014a81319800 'java/lang/invoke/LambdaForm$MH+0x0000014a81319800'
Event: 7.038 Thread 0x0000014adb5e4810 Unloading class 0x0000014a81319000 'java/lang/invoke/LambdaForm$MH+0x0000014a81319000'
Event: 7.038 Thread 0x0000014adb5e4810 Unloading class 0x0000014a81318800 'java/lang/invoke/LambdaForm$DMH+0x0000014a81318800'
Event: 7.038 Thread 0x0000014adb5e4810 Unloading class 0x0000014a81317c00 'java/lang/invoke/LambdaForm$MH+0x0000014a81317c00'

Classes redefined (0 events):
No events

Internal exceptions (20 events):
Event: 21.357 Thread 0x0000014ae435a970 Exception <a 'java/lang/NoSuchMethodError'{0x00000000ead55dc8}: static Lorg/gradle/tooling/internal/provider/serialization/ClassLoaderDetails;.<clinit>()V> (0x00000000ead55dc8) 
thrown [s\src\hotspot\share\prims\jni.cpp, line 1111]
Event: 21.360 Thread 0x0000014ae435a970 Exception <a 'java/lang/NoSuchMethodError'{0x00000000ead78f38}: static Lorg/gradle/tooling/internal/provider/serialization/WellKnownClassLoaderRegistry$KnownClassLoaderSpec;.<clinit>()V> (0x00000000ead78f38) 
thrown [s\src\hotspot\share\prims\jni.cpp, line 1111]
Event: 21.361 Thread 0x0000014ae435a970 Exception <a 'java/lang/NoSuchMethodError'{0x00000000ead7a7e0}: static Lorg/gradle/internal/classloader/ClassLoaderSpec;.<clinit>()V> (0x00000000ead7a7e0) 
thrown [s\src\hotspot\share\prims\jni.cpp, line 1111]
Event: 21.364 Thread 0x0000014ae435a970 Exception <a 'java/lang/NoSuchMethodError'{0x00000000ead97580}: static Lorg/gradle/tooling/internal/provider/serialization/ClientOwnedClassLoaderSpec;.<clinit>()V> (0x00000000ead97580) 
thrown [s\src\hotspot\share\prims\jni.cpp, line 1111]
Event: 21.370 Thread 0x0000014ae435a970 Exception <a 'java/lang/NoSuchMethodError'{0x00000000eadd4ca0}: static [Ljava/lang/Object;.<clinit>()V> (0x00000000eadd4ca0) 
thrown [s\src\hotspot\share\prims\jni.cpp, line 1111]
Event: 24.693 Thread 0x0000014ae435a970 Exception <a 'java/lang/NoSuchMethodError'{0x00000000eaeba4f8}: static Lorg/gradle/internal/build/event/types/AbstractProgressEvent;.<clinit>()V> (0x00000000eaeba4f8) 
thrown [s\src\hotspot\share\prims\jni.cpp, line 1111]
Event: 24.695 Thread 0x0000014ae435a970 Exception <a 'java/lang/NoSuchMethodError'{0x00000000eaec80b0}: static Lorg/gradle/internal/build/event/types/DefaultOperationStartedProgressEvent;.<clinit>()V> (0x00000000eaec80b0) 
thrown [s\src\hotspot\share\prims\jni.cpp, line 1111]
Event: 24.697 Thread 0x0000014ae435a970 Exception <a 'java/lang/NoSuchMethodError'{0x00000000eaee5a30}: static Lorg/gradle/internal/build/event/types/DefaultOperationDescriptor;.<clinit>()V> (0x00000000eaee5a30) 
thrown [s\src\hotspot\share\prims\jni.cpp, line 1111]
Event: 24.699 Thread 0x0000014ae435a970 Exception <a 'java/lang/NoSuchMethodError'{0x00000000eaef4ea8}: static Lorg/gradle/internal/operations/OperationIdentifier;.<clinit>()V> (0x00000000eaef4ea8) 
thrown [s\src\hotspot\share\prims\jni.cpp, line 1111]
Event: 26.450 Thread 0x0000014ae435a970 Exception <a 'java/lang/NoSuchMethodError'{0x00000000eaf571f8}: static Lorg/gradle/internal/build/event/types/DefaultOperationFinishedProgressEvent;.<clinit>()V> (0x00000000eaf571f8) 
thrown [s\src\hotspot\share\prims\jni.cpp, line 1111]
Event: 26.452 Thread 0x0000014ae435a970 Exception <a 'java/lang/NoSuchMethodError'{0x00000000eaf6d8a8}: static Lorg/gradle/internal/build/event/types/AbstractResult;.<clinit>()V> (0x00000000eaf6d8a8) 
thrown [s\src\hotspot\share\prims\jni.cpp, line 1111]
Event: 26.453 Thread 0x0000014ae435a970 Exception <a 'java/lang/NoSuchMethodError'{0x00000000eaf7b200}: static Lorg/gradle/internal/build/event/types/AbstractOperationResult;.<clinit>()V> (0x00000000eaf7b200) 
thrown [s\src\hotspot\share\prims\jni.cpp, line 1111]
Event: 26.454 Thread 0x0000014ae435a970 Exception <a 'java/lang/NoSuchMethodError'{0x00000000eaf89120}: static Lorg/gradle/internal/build/event/types/DefaultSuccessResult;.<clinit>()V> (0x00000000eaf89120) 
thrown [s\src\hotspot\share\prims\jni.cpp, line 1111]
Event: 34.665 Thread 0x0000014ae435a970 Exception <a 'java/lang/NoSuchMethodError'{0x00000000eb069b10}: static Lorg/gradle/internal/build/event/types/DefaultBuildPhaseDescriptor;.<clinit>()V> (0x00000000eb069b10) 
thrown [s\src\hotspot\share\prims\jni.cpp, line 1111]
Event: 37.590 Thread 0x0000014ae435a970 Exception <a 'java/lang/NoSuchMethodError'{0x00000000eb419388}: static Lorg/gradle/internal/build/event/types/DefaultProjectConfigurationDescriptor;.<clinit>()V> (0x00000000eb419388) 
thrown [s\src\hotspot\share\prims\jni.cpp, line 1111]
Event: 39.921 Thread 0x0000014ae435a970 Exception <a 'sun/net/ConnectionResetException'{0x00000000eb4a4e38}: Connection reset> (0x00000000eb4a4e38) 
thrown [s\src\hotspot\share\prims\jni.cpp, line 539]
Event: 39.940 Thread 0x0000014ae435a970 Exception <a 'java/io/IOException'{0x00000000eb52fc60}: Connection reset by peer> (0x00000000eb52fc60) 
thrown [s\src\hotspot\share\prims\jni.cpp, line 539]
Event: 39.972 Thread 0x0000014ae2c162d0 Exception <a 'java/lang/ClassNotFoundException'{0x00000000eb5e6580}: sun/misc/SharedSecrets> (0x00000000eb5e6580) 
thrown [s\src\hotspot\share\classfile\systemDictionary.cpp, line 312]
Event: 39.975 Thread 0x0000014ae2c162d0 Exception <a 'java/lang/NoSuchMethodError'{0x00000000eb602800}: 'void java.lang.invoke.DirectMethodHandle$Holder.invokeStatic(java.lang.Object, int, java.lang.Object)'> (0x00000000eb602800) 
thrown [s\src\hotspot\share\interpreter\linkResolver.cpp, line 773]
Event: 39.977 Thread 0x0000014ae2c162d0 Exception <a 'java/lang/NoSuchMethodError'{0x00000000eb6100e8}: 'void java.lang.invoke.DirectMethodHandle$Holder.invokeSpecialIFC(java.lang.Object, java.lang.Object, java.lang.Object, java.lang.Object)'> (0x00000000eb6100e8) 
thrown [s\src\hotspot\share\interpreter\linkResolver.cpp, line 773]

ZGC Phase Switch (0 events):
No events

VM Operations (20 events):
Event: 40.043 Executing VM operation: ParallelGCFailedAllocation (Allocation Failure)
Event: 40.047 Executing VM operation: ParallelGCFailedAllocation (Allocation Failure) done
Event: 41.048 Executing VM operation: Cleanup
Event: 41.048 Executing VM operation: Cleanup done
Event: 42.048 Executing VM operation: Cleanup
Event: 42.048 Executing VM operation: Cleanup done
Event: 43.049 Executing VM operation: Cleanup
Event: 43.049 Executing VM operation: Cleanup done
Event: 44.050 Executing VM operation: Cleanup
Event: 44.050 Executing VM operation: Cleanup done
Event: 49.052 Executing VM operation: Cleanup
Event: 49.052 Executing VM operation: Cleanup done
Event: 51.053 Executing VM operation: Cleanup
Event: 51.053 Executing VM operation: Cleanup done
Event: 52.053 Executing VM operation: Cleanup
Event: 52.053 Executing VM operation: Cleanup done
Event: 53.054 Executing VM operation: Cleanup
Event: 53.054 Executing VM operation: Cleanup done
Event: 53.472 Executing VM operation: ParallelGCFailedAllocation (Allocation Failure)
Event: 53.475 Executing VM operation: ParallelGCFailedAllocation (Allocation Failure) done

Memory protections (0 events):
No events

Nmethod flushes (20 events):
Event: 12.713 Thread 0x0000014adb5e4810 flushing  nmethod 0x0000014acac75910
Event: 12.713 Thread 0x0000014adb5e4810 flushing  nmethod 0x0000014acac7dd10
Event: 12.713 Thread 0x0000014adb5e4810 flushing  nmethod 0x0000014acac8d290
Event: 12.713 Thread 0x0000014adb5e4810 flushing  nmethod 0x0000014acaca2b90
Event: 12.713 Thread 0x0000014adb5e4810 flushing  nmethod 0x0000014acaca7490
Event: 12.713 Thread 0x0000014adb5e4810 flushing  nmethod 0x0000014acacabd90
Event: 12.713 Thread 0x0000014adb5e4810 flushing  nmethod 0x0000014acacac490
Event: 12.713 Thread 0x0000014adb5e4810 flushing  nmethod 0x0000014acacacc10
Event: 12.713 Thread 0x0000014adb5e4810 flushing  nmethod 0x0000014acacad210
Event: 12.713 Thread 0x0000014adb5e4810 flushing  nmethod 0x0000014acacada90
Event: 12.713 Thread 0x0000014adb5e4810 flushing  nmethod 0x0000014acacaf210
Event: 12.713 Thread 0x0000014adb5e4810 flushing  nmethod 0x0000014acacb1590
Event: 12.713 Thread 0x0000014adb5e4810 flushing  nmethod 0x0000014acacb9890
Event: 12.713 Thread 0x0000014adb5e4810 flushing  nmethod 0x0000014acacbd610
Event: 12.713 Thread 0x0000014adb5e4810 flushing  nmethod 0x0000014acacd3790
Event: 12.713 Thread 0x0000014adb5e4810 flushing  nmethod 0x0000014acacf5710
Event: 12.713 Thread 0x0000014adb5e4810 flushing  nmethod 0x0000014acad15190
Event: 12.713 Thread 0x0000014adb5e4810 flushing  nmethod 0x0000014acad5e390
Event: 12.713 Thread 0x0000014adb5e4810 flushing  nmethod 0x0000014acad99b90
Event: 12.713 Thread 0x0000014adb5e4810 flushing  nmethod 0x0000014acad9b510

Events (20 events):
Event: 31.836 Thread 0x0000014add64fd80 Thread added: 0x0000014ae2f83d60
Event: 31.878 Thread 0x0000014add64fd80 Thread added: 0x0000014ae8151100
Event: 32.678 Thread 0x0000014ae8151100 Thread exited: 0x0000014ae8151100
Event: 33.814 Thread 0x0000014ae2f83d60 Thread exited: 0x0000014ae2f83d60
Event: 39.944 Thread 0x0000014ae435c3b0 Thread exited: 0x0000014ae435c3b0
Event: 39.947 Thread 0x0000014ae435a970 Thread exited: 0x0000014ae435a970
Event: 40.006 Thread 0x0000014ae2c162d0 Thread added: 0x0000014ae435a970
Event: 40.009 Thread 0x0000014ae2c162d0 Thread added: 0x0000014ae435bd20
Event: 40.041 Thread 0x0000014ae435bd20 Thread exited: 0x0000014ae435bd20
Event: 40.115 Thread 0x0000014add6640b0 Thread added: 0x0000014ae214c8a0
Event: 40.117 Thread 0x0000014ae2c162d0 Thread added: 0x0000014ae435bd20
Event: 40.119 Thread 0x0000014ae2c162d0 Thread added: 0x0000014ae435c3b0
Event: 40.161 Thread 0x0000014ae435c3b0 Thread added: 0x0000014ae43595c0
Event: 40.310 Thread 0x0000014ae435c3b0 Thread added: 0x0000014ae435d0d0
Event: 40.317 Thread 0x0000014ae435d0d0 Thread added: 0x0000014ae4359c50
Event: 40.318 Thread 0x0000014ae435d0d0 Thread added: 0x0000014ae435e480
Event: 40.319 Thread 0x0000014ae4359c50 Thread exited: 0x0000014ae4359c50
Event: 40.761 Thread 0x0000014ae214c8a0 Thread exited: 0x0000014ae214c8a0
Event: 43.722 Thread 0x0000014ae435e480 Thread exited: 0x0000014ae435e480
Event: 43.722 Thread 0x0000014ae435d0d0 Thread exited: 0x0000014ae435d0d0


Dynamic libraries:
0x00007ff721f00000 - 0x00007ff721f0e000 	c:\Users\eray_\.cursor\extensions\redhat.java-1.41.1-win32-x64\jre\21.0.6-win32-x86_64\bin\java.exe
0x00007ffd0d480000 - 0x00007ffd0d6e3000 	C:\WINDOWS\SYSTEM32\ntdll.dll
0x00007ffd0b300000 - 0x00007ffd0b3c7000 	C:\WINDOWS\System32\KERNEL32.DLL
0x00007ffd0ab90000 - 0x00007ffd0af59000 	C:\WINDOWS\System32\KERNELBASE.dll
0x00007ffd0a720000 - 0x00007ffd0a86c000 	C:\WINDOWS\System32\ucrtbase.dll
0x00007ffcd11e0000 - 0x00007ffcd11fe000 	c:\Users\eray_\.cursor\extensions\redhat.java-1.41.1-win32-x64\jre\21.0.6-win32-x86_64\bin\VCRUNTIME140.dll
0x00007ffccf0d0000 - 0x00007ffccf0e8000 	c:\Users\eray_\.cursor\extensions\redhat.java-1.41.1-win32-x64\jre\21.0.6-win32-x86_64\bin\jli.dll
0x00007ffd0c730000 - 0x00007ffd0c8fa000 	C:\WINDOWS\System32\USER32.dll
0x00007ffcf8650000 - 0x00007ffcf88e0000 	C:\WINDOWS\WinSxS\amd64_microsoft.windows.common-controls_6595b64144ccf1df_6.0.26100.3323_none_3e088096e3344490\COMCTL32.dll
0x00007ffd0cae0000 - 0x00007ffd0cb89000 	C:\WINDOWS\System32\msvcrt.dll
0x00007ffd0a920000 - 0x00007ffd0a947000 	C:\WINDOWS\System32\win32u.dll
0x00007ffd0d240000 - 0x00007ffd0d26a000 	C:\WINDOWS\System32\GDI32.dll
0x00007ffd0b160000 - 0x00007ffd0b291000 	C:\WINDOWS\System32\gdi32full.dll
0x00007ffd0a870000 - 0x00007ffd0a913000 	C:\WINDOWS\System32\msvcp_win.dll
0x00007ffd0bcd0000 - 0x00007ffd0bcff000 	C:\WINDOWS\System32\IMM32.DLL
0x00007ffd02340000 - 0x00007ffd0234c000 	c:\Users\eray_\.cursor\extensions\redhat.java-1.41.1-win32-x64\jre\21.0.6-win32-x86_64\bin\vcruntime140_1.dll
0x00007ffca4190000 - 0x00007ffca421d000 	c:\Users\eray_\.cursor\extensions\redhat.java-1.41.1-win32-x64\jre\21.0.6-win32-x86_64\bin\msvcp140.dll
0x00007ffc50c00000 - 0x00007ffc51990000 	c:\Users\eray_\.cursor\extensions\redhat.java-1.41.1-win32-x64\jre\21.0.6-win32-x86_64\bin\server\jvm.dll
0x00007ffd0c4b0000 - 0x00007ffd0c562000 	C:\WINDOWS\System32\ADVAPI32.dll
0x00007ffd0c380000 - 0x00007ffd0c426000 	C:\WINDOWS\System32\sechost.dll
0x00007ffd0cb90000 - 0x00007ffd0cca6000 	C:\WINDOWS\System32\RPCRT4.dll
0x00007ffd0c900000 - 0x00007ffd0c974000 	C:\WINDOWS\System32\WS2_32.dll
0x00007ffd092d0000 - 0x00007ffd0931e000 	C:\WINDOWS\SYSTEM32\POWRPROF.dll
0x00007ffd02930000 - 0x00007ffd02966000 	C:\WINDOWS\SYSTEM32\WINMM.dll
0x00007ffd029d0000 - 0x00007ffd029db000 	C:\WINDOWS\SYSTEM32\VERSION.dll
0x00007ffd092b0000 - 0x00007ffd092c4000 	C:\WINDOWS\SYSTEM32\UMPDC.dll
0x00007ffd09570000 - 0x00007ffd0958a000 	C:\WINDOWS\SYSTEM32\kernel.appcore.dll
0x00007ffcd5870000 - 0x00007ffcd587a000 	c:\Users\eray_\.cursor\extensions\redhat.java-1.41.1-win32-x64\jre\21.0.6-win32-x86_64\bin\jimage.dll
0x00007ffcfcfd0000 - 0x00007ffcfd211000 	C:\WINDOWS\SYSTEM32\DBGHELP.DLL
0x00007ffd0ccc0000 - 0x00007ffd0d042000 	C:\WINDOWS\System32\combase.dll
0x00007ffd0d050000 - 0x00007ffd0d126000 	C:\WINDOWS\System32\OLEAUT32.dll
0x00007ffceb150000 - 0x00007ffceb189000 	C:\WINDOWS\SYSTEM32\dbgcore.DLL
0x00007ffd0a680000 - 0x00007ffd0a719000 	C:\WINDOWS\System32\bcryptPrimitives.dll
0x00007ffccbdc0000 - 0x00007ffccbdcf000 	c:\Users\eray_\.cursor\extensions\redhat.java-1.41.1-win32-x64\jre\21.0.6-win32-x86_64\bin\instrument.dll
0x00007ffcb0c90000 - 0x00007ffcb0caf000 	c:\Users\eray_\.cursor\extensions\redhat.java-1.41.1-win32-x64\jre\21.0.6-win32-x86_64\bin\java.dll
0x00007ffd0b5b0000 - 0x00007ffd0bcc5000 	C:\WINDOWS\System32\SHELL32.dll
0x00007ffd0aff0000 - 0x00007ffd0b158000 	C:\WINDOWS\System32\wintypes.dll
0x00007ffd08340000 - 0x00007ffd08b85000 	C:\WINDOWS\SYSTEM32\windows.storage.dll
0x00007ffd0bd10000 - 0x00007ffd0bdfb000 	C:\WINDOWS\System32\SHCORE.dll
0x00007ffd0b2a0000 - 0x00007ffd0b2fd000 	C:\WINDOWS\System32\shlwapi.dll
0x00007ffd0a590000 - 0x00007ffd0a5bf000 	C:\WINDOWS\SYSTEM32\profapi.dll
0x00007ffcae850000 - 0x00007ffcae868000 	c:\Users\eray_\.cursor\extensions\redhat.java-1.41.1-win32-x64\jre\21.0.6-win32-x86_64\bin\zip.dll
0x00007ffcd55e0000 - 0x00007ffcd55f0000 	C:\Users\eray_\.cursor\extensions\redhat.java-1.41.1-win32-x64\jre\21.0.6-win32-x86_64\bin\net.dll
0x00007ffd041a0000 - 0x00007ffd042be000 	C:\WINDOWS\SYSTEM32\WINHTTP.dll
0x00007ffd09a70000 - 0x00007ffd09ada000 	C:\WINDOWS\system32\mswsock.dll
0x00007ffca51c0000 - 0x00007ffca51d6000 	C:\Users\eray_\.cursor\extensions\redhat.java-1.41.1-win32-x64\jre\21.0.6-win32-x86_64\bin\nio.dll
0x00007ffccbe80000 - 0x00007ffccbe90000 	c:\Users\eray_\.cursor\extensions\redhat.java-1.41.1-win32-x64\jre\21.0.6-win32-x86_64\bin\verify.dll
0x00007ffc756e0000 - 0x00007ffc75725000 	C:\Users\eray_\AppData\Roaming\Cursor\User\globalStorage\redhat.java\1.41.1\config_win\org.eclipse.equinox.launcher\org.eclipse.equinox.launcher.win32.win32.x86_64_1.2.1300.v20250331-1702\eclipse_11911.dll
0x00007ffd0c590000 - 0x00007ffd0c725000 	C:\WINDOWS\System32\ole32.dll
0x00007ffcd4df0000 - 0x00007ffcd4dfa000 	C:\Users\eray_\.cursor\extensions\redhat.java-1.41.1-win32-x64\jre\21.0.6-win32-x86_64\bin\management.dll
0x00007ffcd41f0000 - 0x00007ffcd41fb000 	C:\Users\eray_\.cursor\extensions\redhat.java-1.41.1-win32-x64\jre\21.0.6-win32-x86_64\bin\management_ext.dll
0x00007ffd0ccb0000 - 0x00007ffd0ccb8000 	C:\WINDOWS\System32\PSAPI.DLL
0x00007ffd09e20000 - 0x00007ffd09e3c000 	C:\WINDOWS\SYSTEM32\CRYPTSP.dll
0x00007ffd094d0000 - 0x00007ffd0950a000 	C:\WINDOWS\system32\rsaenh.dll
0x00007ffd09b10000 - 0x00007ffd09b3b000 	C:\WINDOWS\SYSTEM32\USERENV.dll
0x00007ffd09fb0000 - 0x00007ffd09fd6000 	C:\WINDOWS\SYSTEM32\bcrypt.dll
0x00007ffd09ca0000 - 0x00007ffd09cac000 	C:\WINDOWS\SYSTEM32\CRYPTBASE.dll
0x00007ffd08f10000 - 0x00007ffd08f43000 	C:\WINDOWS\SYSTEM32\IPHLPAPI.DLL
0x00007ffd0d330000 - 0x00007ffd0d33a000 	C:\WINDOWS\System32\NSI.dll
0x00007ffc5f1f0000 - 0x00007ffc5f239000 	C:\Users\eray_\AppData\Local\Temp\jna-96768858\jna1322683260490953302.dll
0x00007ffd04370000 - 0x00007ffd0438f000 	C:\WINDOWS\SYSTEM32\dhcpcsvc6.DLL
0x00007ffd04340000 - 0x00007ffd04365000 	C:\WINDOWS\SYSTEM32\dhcpcsvc.DLL
0x00007ffcd3780000 - 0x00007ffcd378e000 	C:\Users\eray_\.cursor\extensions\redhat.java-1.41.1-win32-x64\jre\21.0.6-win32-x86_64\bin\sunmscapi.dll
0x00007ffd0a950000 - 0x00007ffd0aac7000 	C:\WINDOWS\System32\CRYPT32.dll
0x00007ffd09f70000 - 0x00007ffd09fa0000 	C:\WINDOWS\SYSTEM32\ncrypt.dll
0x00007ffd09f20000 - 0x00007ffd09f5f000 	C:\WINDOWS\SYSTEM32\NTASN1.dll
0x00007ffd08f50000 - 0x00007ffd09075000 	C:\WINDOWS\SYSTEM32\DNSAPI.dll
0x00007ffd03630000 - 0x00007ffd0363b000 	C:\Windows\System32\rasadhlp.dll
0x00007ffd044e0000 - 0x00007ffd04565000 	C:\WINDOWS\System32\fwpuclnt.dll
0x00007ffcd22b0000 - 0x00007ffcd22b9000 	C:\Users\eray_\.cursor\extensions\redhat.java-1.41.1-win32-x64\jre\21.0.6-win32-x86_64\bin\extnet.dll
0x00007ffcd6050000 - 0x00007ffcd6077000 	C:\Users\eray_\.gradle\native\c067742578af261105cb4f569cf0c3c89f3d7b1fecec35dd04571415982c5e48\windows-amd64\native-platform.dll
0x00007ffcd7a40000 - 0x00007ffcd7a48000 	C:\WINDOWS\system32\wshunix.dll

dbghelp: loaded successfully - version: 4.0.5 - missing functions: none
symbol engine: initialized successfully - sym options: 0x614 - pdb path: .;c:\Users\eray_\.cursor\extensions\redhat.java-1.41.1-win32-x64\jre\21.0.6-win32-x86_64\bin;C:\WINDOWS\SYSTEM32;C:\WINDOWS\WinSxS\amd64_microsoft.windows.common-controls_6595b64144ccf1df_6.0.26100.3323_none_3e088096e3344490;c:\Users\eray_\.cursor\extensions\redhat.java-1.41.1-win32-x64\jre\21.0.6-win32-x86_64\bin\server;C:\Users\eray_\AppData\Roaming\Cursor\User\globalStorage\redhat.java\1.41.1\config_win\org.eclipse.equinox.launcher\org.eclipse.equinox.launcher.win32.win32.x86_64_1.2.1300.v20250331-1702;C:\Users\eray_\AppData\Local\Temp\jna-96768858;C:\Users\eray_\.gradle\native\c067742578af261105cb4f569cf0c3c89f3d7b1fecec35dd04571415982c5e48\windows-amd64

VM Arguments:
jvm_args: --add-modules=ALL-SYSTEM --add-opens=java.base/java.util=ALL-UNNAMED --add-opens=java.base/java.lang=ALL-UNNAMED --add-opens=java.base/sun.nio.fs=ALL-UNNAMED -Declipse.application=org.eclipse.jdt.ls.core.id1 -Dosgi.bundles.defaultStartLevel=4 -Declipse.product=org.eclipse.jdt.ls.core.product -Djava.import.generatesMetadataFilesAtProjectRoot=false -DDetectVMInstallationsJob.disabled=true -Dfile.encoding=utf8 -XX:+UseParallelGC -XX:GCTimeRatio=4 -XX:AdaptiveSizePolicyWeight=90 -Dsun.zip.disableMemoryMapping=true -Xmx1G -Xms100m -Xlog:disable -javaagent:c:\Users\eray_\.cursor\extensions\redhat.java-1.41.1-win32-x64\lombok\lombok-1.18.36.jar -XX:+HeapDumpOnOutOfMemoryError -XX:HeapDumpPath=c:\Users\eray_\AppData\Roaming\Cursor\User\workspaceStorage\a0323e11517aca798884cffd2dc08409\redhat.java -Daether.dependencyCollector.impl=bf 
java_command: c:\Users\eray_\.cursor\extensions\redhat.java-1.41.1-win32-x64\server\plugins\org.eclipse.equinox.launcher_1.7.0.v20250331-1702.jar -configuration c:\Users\eray_\AppData\Roaming\Cursor\User\globalStorage\redhat.java\1.41.1\config_win -data c:\Users\eray_\AppData\Roaming\Cursor\User\workspaceStorage\a0323e11517aca798884cffd2dc08409\redhat.java\jdt_ws --pipe=\\.\pipe\lsp-f433e80a381eab12880455f35514214e-sock
java_class_path (initial): c:\Users\eray_\.cursor\extensions\redhat.java-1.41.1-win32-x64\server\plugins\org.eclipse.equinox.launcher_1.7.0.v20250331-1702.jar
Launcher Type: SUN_STANDARD

[Global flags]
    uintx AdaptiveSizePolicyWeight                 = 90                                        {product} {command line}
     intx CICompilerCount                          = 4                                         {product} {ergonomic}
    uintx GCTimeRatio                              = 4                                         {product} {command line}
     bool HeapDumpOnOutOfMemoryError               = true                                   {manageable} {command line}
    ccstr HeapDumpPath                             = c:\Users\eray_\AppData\Roaming\Cursor\User\workspaceStorage\a0323e11517aca798884cffd2dc08409\redhat.java         {manageable} {command line}
   size_t InitialHeapSize                          = 104857600                                 {product} {command line}
   size_t MaxHeapSize                              = 1073741824                                {product} {command line}
   size_t MaxNewSize                               = 357564416                                 {product} {ergonomic}
   size_t MinHeapDeltaBytes                        = 524288                                    {product} {ergonomic}
   size_t MinHeapSize                              = 104857600                                 {product} {command line}
   size_t NewSize                                  = 34603008                                  {product} {ergonomic}
    uintx NonNMethodCodeHeapSize                   = 5839372                                {pd product} {ergonomic}
    uintx NonProfiledCodeHeapSize                  = 122909434                              {pd product} {ergonomic}
   size_t OldSize                                  = 70254592                                  {product} {ergonomic}
    uintx ProfiledCodeHeapSize                     = 122909434                              {pd product} {ergonomic}
    uintx ReservedCodeCacheSize                    = 251658240                              {pd product} {ergonomic}
     bool SegmentedCodeCache                       = true                                      {product} {ergonomic}
   size_t SoftMaxHeapSize                          = 1073741824                             {manageable} {ergonomic}
     bool UseCompressedOops                        = true                           {product lp64_product} {ergonomic}
     bool UseLargePagesIndividualAllocation        = false                                  {pd product} {ergonomic}
     bool UseParallelGC                            = true                                      {product} {command line}

Logging:
Log output configuration:
 #0: stdout all=off uptime,level,tags foldmultilines=false
 #1: stderr all=off uptime,level,tags foldmultilines=false

Environment Variables:
JAVA_HOME=C:\Program Files\Eclipse Adoptium\jdk-21.0.6.7-hotspot
PATH=C:\Program Files\Eclipse Adoptium\jdk-21.0.6.7-hotspot\bin;c:\Users\eray_\AppData\Local\Programs\cursor\resources\app\bin;C:\Program Files\Common Files\Oracle\Java\javapath;C:\WINDOWS\system32;C:\WINDOWS;C:\WINDOWS\System32\Wbem;C:\WINDOWS\System32\WindowsPowerShell\v1.0\;C:\WINDOWS\System32\OpenSSH\;C:\Program Files\Microsoft SQL Server\150\Tools\Binn\;C:\Program Files\Microsoft SQL Server\Client SDK\ODBC\170\Tools\Binn\;C:\Program Files\dotnet\;C:\Program Files\NVIDIA Corporation\NVIDIA app\NvDLISR;C:\Users\eray_\AppData\Local\Programs\Python\Python313\Scripts\;C:\Users\eray_\AppData\Local\Programs\Python\Python313\;C:\Users\eray_\AppData\Local\Microsoft\WindowsApps;C:\Users\eray_\.dotnet\tools;c:\Users\eray_\AppData\Local\Programs\cursor\resources\app\bin;c:\Users\eray_\AppData\Local\Programs\cursor\resources\app\bin;C:\Program Files (x86)\NVIDIA Corporation\PhysX\Common;C:\Program Files\Git\cmd;C:\Program Files\nodejs\;C:\Users\eray_\AppData\Local\Android\Sdk\platform-tools;C:\Program Files\MySQL\MySQL Shell 8.0\bin\;C:\Users\eray_\AppData\Local\Programs\Python\Python313\Scripts\;C:\Users\eray_\AppData\Local\Programs\Python\Python313\;C:\Users\eray_\AppData\Local\Microsoft\WindowsApps;C:\Users\eray_\.dotnet\tools;C:\Users\eray_\AppData\Local\Programs\Microsoft VS Code\bin;C:\Users\eray_\AppData\Local\gitkraken\bin;C:\Users\eray_\AppData\Local\Programs\Windsurf\bin;C:\Users\eray_\AppData\Local\GitHubDesktop\bin;C:\apache-maven-3.9.9\bin;C:\Program Files\Eclipse Adoptium\jdk-21.0.6.7-hotspot\bin;C:\Users\eray_\AppData\Roaming\npm;C:\Users\eray_\AppData\Local\Programs\Microsoft VS Code Insiders\bin;C:\Users\eray_\AppData\Local\JetBrains\Toolbox\scripts;C:\Users\eray_\AppData\Local\Programs\cursor\resources\app\bin
USERNAME=eray_
OS=Windows_NT
PROCESSOR_IDENTIFIER=AMD64 Family 25 Model 68 Stepping 1, AuthenticAMD
TMP=C:\Users\eray_\AppData\Local\Temp
TEMP=C:\Users\eray_\AppData\Local\Temp




Periodic native trim disabled

---------------  S Y S T E M  ---------------

OS:
 Windows 11 , 64 bit Build 26100 (10.0.26100.3323)
OS uptime: 0 days 16:19 hours
Hyper-V role detected

CPU: total 12 (initial active 12) (12 cores per cpu, 2 threads per core) family 25 model 68 stepping 1 microcode 0xa404102, cx8, cmov, fxsr, ht, mmx, 3dnowpref, sse, sse2, sse3, ssse3, sse4a, sse4.1, sse4.2, popcnt, lzcnt, tsc, tscinvbit, avx, avx2, aes, erms, clmul, bmi1, bmi2, adx, sha, fma, vzeroupper, clflush, clflushopt, hv, rdtscp, rdpid, fsrm, f16c, cet_ss
Processor Information for processor 0
  Max Mhz: 3301, Current Mhz: 3301, Mhz Limit: 3301
Processor Information for processor 1
  Max Mhz: 3301, Current Mhz: 2635, Mhz Limit: 3301
Processor Information for processor 2
  Max Mhz: 3301, Current Mhz: 3301, Mhz Limit: 3301
Processor Information for processor 3
  Max Mhz: 3301, Current Mhz: 3301, Mhz Limit: 3301
Processor Information for processor 4
  Max Mhz: 3301, Current Mhz: 3301, Mhz Limit: 3301
Processor Information for processor 5
  Max Mhz: 3301, Current Mhz: 3301, Mhz Limit: 3301
Processor Information for processor 6
  Max Mhz: 3301, Current Mhz: 3301, Mhz Limit: 3301
Processor Information for processor 7
  Max Mhz: 3301, Current Mhz: 3301, Mhz Limit: 3301
Processor Information for processor 8
  Max Mhz: 3301, Current Mhz: 3301, Mhz Limit: 3301
Processor Information for processor 9
  Max Mhz: 3301, Current Mhz: 3301, Mhz Limit: 3301
Processor Information for processor 10
  Max Mhz: 3301, Current Mhz: 3301, Mhz Limit: 3301
Processor Information for processor 11
  Max Mhz: 3301, Current Mhz: 3301, Mhz Limit: 3301

Memory: 4k page, system-wide physical 7365M (829M free)
TotalPageFile size 29893M (AvailPageFile size 41M)
current process WorkingSet (physical memory assigned to process): 145M, peak: 263M
current process commit charge ("private bytes"): 343M, peak: 349M

vm_info: OpenJDK 64-Bit Server VM (21.0.6+7-LTS) for windows-amd64 JRE (21.0.6+7-LTS), built on 2025-01-21T00:00:00Z by "admin" with MS VC++ 17.7 (VS2022)

END.
