#
# There is insufficient memory for the Java Runtime Environment to continue.
# Native memory allocation (mmap) failed to map 121634816 bytes. Error detail: G1 virtual space
# Possible reasons:
#   The system is out of physical RAM or swap space
#   This process is running with CompressedOops enabled, and the Java Heap may be blocking the growth of the native heap
# Possible solutions:
#   Reduce memory load on the system
#   Increase physical memory or swap space
#   Check if swap backing store is full
#   Decrease Java heap size (-Xmx/-Xms)
#   Decrease number of Java threads
#   Decrease Java thread stack sizes (-Xss)
#   Set larger code cache with -XX:ReservedCodeCacheSize=
#   JVM is running with Unscaled Compressed Oops mode in which the Java heap is
#     placed in the first 4GB address space. The Java Heap base address is the
#     maximum limit for the native heap growth. Please use -XX:HeapBaseMinAddress
#     to set the Java Heap base and to place the Java Heap above 4GB virtual address.
# This output file may be truncated or incomplete.
#
#  Out of Memory Error (os_windows.cpp:3686), pid=37212, tid=36424
#
# JRE version:  (21.0.6+7) (build )
# Java VM: OpenJDK 64-Bit Server VM (21.0.6+7-LTS, mixed mode, sharing, tiered, compressed oops, compressed class ptrs, g1 gc, windows-amd64)
# No core dump will be written. Minidumps are not enabled by default on client versions of Windows
#

---------------  S U M M A R Y ------------

Command Line: -Dfile.encoding=utf8 c:\Users\eray_\.windsurf\extensions\vscjava.vscode-gradle-3.15.0-universal\lib\gradle-language-server.jar

Host: AMD Ryzen 5 7535HS with Radeon Graphics        , 12 cores, 7G,  Windows 11 , 64 bit Build 26100 (10.0.26100.3323)
Time: Tue Apr  8 20:04:17 2025 Türkiye Standart Saati elapsed time: 1.142144 seconds (0d 0h 0m 1s)

---------------  T H R E A D  ---------------

Current thread (0x000002004bf47c80):  JavaThread "Unknown thread" [_thread_in_vm, id=36424, stack(0x000000ce47d00000,0x000000ce47e00000) (1024K)]

Stack: [0x000000ce47d00000,0x000000ce47e00000]
Native frames: (J=compiled Java code, j=interpreted, Vv=VM code, C=native code)
V  [jvm.dll+0x6cdee9]
V  [jvm.dll+0x8a83d1]
V  [jvm.dll+0x8aa8fe]
V  [jvm.dll+0x8aafe3]
V  [jvm.dll+0x27f706]
V  [jvm.dll+0x6ca755]
V  [jvm.dll+0x6bea3a]
V  [jvm.dll+0x355d6a]
V  [jvm.dll+0x35d936]
V  [jvm.dll+0x3af58e]
V  [jvm.dll+0x3af838]
V  [jvm.dll+0x329efc]
V  [jvm.dll+0x32aa5b]
V  [jvm.dll+0x871639]
V  [jvm.dll+0x3bc361]
V  [jvm.dll+0x85a763]
V  [jvm.dll+0x45066e]
V  [jvm.dll+0x4522b1]
C  [jli.dll+0x5278]
C  [ucrtbase.dll+0x37b0]
C  [KERNEL32.DLL+0x2e8d7]
C  [ntdll.dll+0xbbf6c]


---------------  P R O C E S S  ---------------

Threads class SMR info:
_java_thread_list=0x00007ffc4e55a0c8, length=0, elements={
}

Java Threads: ( => current thread )
Total: 0

Other Threads:
  0x000002004e2cb2b0 WorkerThread "GC Thread#0"                     [id=40136, stack(0x000000ce47e00000,0x000000ce47f00000) (1024K)]
  0x000002004e2dc700 ConcurrentGCThread "G1 Main Marker"            [id=40228, stack(0x000000ce47f00000,0x000000ce48000000) (1024K)]
  0x000002004e2dd200 WorkerThread "G1 Conc#0"                       [id=40208, stack(0x000000ce48000000,0x000000ce48100000) (1024K)]

[error occurred during error reporting (printing all threads), id 0xc0000005, EXCEPTION_ACCESS_VIOLATION (0xc0000005) at pc=0x00007ffc4dc5c827]
VM state: not at safepoint (not fully initialized)

VM Mutex/Monitor currently owned by a thread:  ([mutex/lock_event])
[0x00007ffc4e5ce480] Heap_lock - owner thread: 0x000002004bf47c80

Heap address: 0x000000008ce00000, size: 1842 MB, Compressed Oops mode: 32-bit

CDS archive(s) mapped at: [0x0000000000000000-0x0000000000000000-0x0000000000000000), size 0, SharedBaseAddress: 0x0000000800000000, ArchiveRelocationMode: 1.
Narrow klass base: 0x0000000000000000, Narrow klass shift: 0, Narrow klass range: 0x0

GC Precious Log:
 CardTable entry size: 512
 Card Set container configuration: InlinePtr #cards 5 size 8 Array Of Cards #cards 12 size 40 Howl #buckets 4 coarsen threshold 1843 Howl Bitmap #cards 512 size 80 coarsen threshold 460 Card regions per heap region 1 cards per card region 2048

Heap:
 garbage-first heap   total 0K, used 0K [0x000000008ce00000, 0x0000000100000000)
  region size 1024K, 0 young (0K), 0 survivors (0K)

[error occurred during error reporting (printing heap information), id 0xc0000005, EXCEPTION_ACCESS_VIOLATION (0xc0000005) at pc=0x00007ffc4e0479b9]
GC Heap History (0 events):
No events

Dll operation events (1 events):
Event: 0.047 Loaded shared library C:\Program Files\Eclipse Adoptium\jdk-21.0.6.7-hotspot\bin\java.dll

Deoptimization events (0 events):
No events

Classes loaded (0 events):
No events

Classes unloaded (0 events):
No events

Classes redefined (0 events):
No events

Internal exceptions (0 events):
No events

ZGC Phase Switch (0 events):
No events

VM Operations (0 events):
No events

Memory protections (0 events):
No events

Nmethod flushes (0 events):
No events

Events (0 events):
No events


Dynamic libraries:
0x00007ff689a50000 - 0x00007ff689a5e000 	C:\Program Files\Eclipse Adoptium\jdk-21.0.6.7-hotspot\bin\java.exe
0x00007ffd0d480000 - 0x00007ffd0d6e3000 	C:\WINDOWS\SYSTEM32\ntdll.dll
0x00007ffd0b300000 - 0x00007ffd0b3c7000 	C:\WINDOWS\System32\KERNEL32.DLL
0x00007ffd0ab90000 - 0x00007ffd0af59000 	C:\WINDOWS\System32\KERNELBASE.dll
0x00007ffd0a720000 - 0x00007ffd0a86c000 	C:\WINDOWS\System32\ucrtbase.dll
0x00007ffcb0240000 - 0x00007ffcb025e000 	C:\Program Files\Eclipse Adoptium\jdk-21.0.6.7-hotspot\bin\VCRUNTIME140.dll
0x00007ffcb0220000 - 0x00007ffcb0238000 	C:\Program Files\Eclipse Adoptium\jdk-21.0.6.7-hotspot\bin\jli.dll
0x00007ffd0c730000 - 0x00007ffd0c8fa000 	C:\WINDOWS\System32\USER32.dll
0x00007ffcf8650000 - 0x00007ffcf88e0000 	C:\WINDOWS\WinSxS\amd64_microsoft.windows.common-controls_6595b64144ccf1df_6.0.26100.3323_none_3e088096e3344490\COMCTL32.dll
0x00007ffd0a920000 - 0x00007ffd0a947000 	C:\WINDOWS\System32\win32u.dll
0x00007ffd0cae0000 - 0x00007ffd0cb89000 	C:\WINDOWS\System32\msvcrt.dll
0x00007ffd0d240000 - 0x00007ffd0d26a000 	C:\WINDOWS\System32\GDI32.dll
0x00007ffd0b160000 - 0x00007ffd0b291000 	C:\WINDOWS\System32\gdi32full.dll
0x00007ffd0a870000 - 0x00007ffd0a913000 	C:\WINDOWS\System32\msvcp_win.dll
0x00007ffd0bcd0000 - 0x00007ffd0bcff000 	C:\WINDOWS\System32\IMM32.DLL
0x00007ffcd7890000 - 0x00007ffcd789c000 	C:\Program Files\Eclipse Adoptium\jdk-21.0.6.7-hotspot\bin\vcruntime140_1.dll
0x00007ffc82590000 - 0x00007ffc8261d000 	C:\Program Files\Eclipse Adoptium\jdk-21.0.6.7-hotspot\bin\msvcp140.dll
0x00007ffc4d920000 - 0x00007ffc4e6b0000 	C:\Program Files\Eclipse Adoptium\jdk-21.0.6.7-hotspot\bin\server\jvm.dll
0x00007ffd0c4b0000 - 0x00007ffd0c562000 	C:\WINDOWS\System32\ADVAPI32.dll
0x00007ffd0c380000 - 0x00007ffd0c426000 	C:\WINDOWS\System32\sechost.dll
0x00007ffd0cb90000 - 0x00007ffd0cca6000 	C:\WINDOWS\System32\RPCRT4.dll
0x00007ffd0c900000 - 0x00007ffd0c974000 	C:\WINDOWS\System32\WS2_32.dll
0x00007ffd092d0000 - 0x00007ffd0931e000 	C:\WINDOWS\SYSTEM32\POWRPROF.dll
0x00007ffd02930000 - 0x00007ffd02966000 	C:\WINDOWS\SYSTEM32\WINMM.dll
0x00007ffd029d0000 - 0x00007ffd029db000 	C:\WINDOWS\SYSTEM32\VERSION.dll
0x00007ffd092b0000 - 0x00007ffd092c4000 	C:\WINDOWS\SYSTEM32\UMPDC.dll
0x00007ffd09570000 - 0x00007ffd0958a000 	C:\WINDOWS\SYSTEM32\kernel.appcore.dll
0x00007ffcd60a0000 - 0x00007ffcd60aa000 	C:\Program Files\Eclipse Adoptium\jdk-21.0.6.7-hotspot\bin\jimage.dll
0x00007ffcfcfd0000 - 0x00007ffcfd211000 	C:\WINDOWS\SYSTEM32\DBGHELP.DLL
0x00007ffd0ccc0000 - 0x00007ffd0d042000 	C:\WINDOWS\System32\combase.dll
0x00007ffd0d050000 - 0x00007ffd0d126000 	C:\WINDOWS\System32\OLEAUT32.dll
0x00007ffceb150000 - 0x00007ffceb189000 	C:\WINDOWS\SYSTEM32\dbgcore.DLL
0x00007ffd0a680000 - 0x00007ffd0a719000 	C:\WINDOWS\System32\bcryptPrimitives.dll
0x00007ffcaf170000 - 0x00007ffcaf18f000 	C:\Program Files\Eclipse Adoptium\jdk-21.0.6.7-hotspot\bin\java.dll

dbghelp: loaded successfully - version: 4.0.5 - missing functions: none
symbol engine: initialized successfully - sym options: 0x614 - pdb path: .;C:\Program Files\Eclipse Adoptium\jdk-21.0.6.7-hotspot\bin;C:\WINDOWS\SYSTEM32;C:\WINDOWS\WinSxS\amd64_microsoft.windows.common-controls_6595b64144ccf1df_6.0.26100.3323_none_3e088096e3344490;C:\Program Files\Eclipse Adoptium\jdk-21.0.6.7-hotspot\bin\server

VM Arguments:
jvm_args: -Dfile.encoding=utf8 
java_command: c:\Users\eray_\.windsurf\extensions\vscjava.vscode-gradle-3.15.0-universal\lib\gradle-language-server.jar
java_class_path (initial): c:\Users\eray_\.windsurf\extensions\vscjava.vscode-gradle-3.15.0-universal\lib\gradle-language-server.jar
Launcher Type: SUN_STANDARD

[Global flags]
     intx CICompilerCount                          = 4                                         {product} {ergonomic}
     uint ConcGCThreads                            = 3                                         {product} {ergonomic}
     uint G1ConcRefinementThreads                  = 10                                        {product} {ergonomic}
   size_t G1HeapRegionSize                         = 1048576                                   {product} {ergonomic}
    uintx GCDrainStackTargetSize                   = 64                                        {product} {ergonomic}
   size_t InitialHeapSize                          = 121634816                                 {product} {ergonomic}
   size_t MarkStackSize                            = 4194304                                   {product} {ergonomic}
   size_t MaxHeapSize                              = 1931476992                                {product} {ergonomic}
   size_t MinHeapDeltaBytes                        = 1048576                                   {product} {ergonomic}
   size_t MinHeapSize                              = 8388608                                   {product} {ergonomic}
    uintx NonNMethodCodeHeapSize                   = 5839372                                {pd product} {ergonomic}
    uintx NonProfiledCodeHeapSize                  = 122909434                              {pd product} {ergonomic}
    uintx ProfiledCodeHeapSize                     = 122909434                              {pd product} {ergonomic}
    uintx ReservedCodeCacheSize                    = 251658240                              {pd product} {ergonomic}
     bool SegmentedCodeCache                       = true                                      {product} {ergonomic}
   size_t SoftMaxHeapSize                          = 1931476992                             {manageable} {ergonomic}
     bool UseCompressedOops                        = true                           {product lp64_product} {ergonomic}
     bool UseG1GC                                  = true                                      {product} {ergonomic}
     bool UseLargePagesIndividualAllocation        = false                                  {pd product} {ergonomic}

Logging:
Log output configuration:
 #0: stdout all=warning uptime,level,tags foldmultilines=false
 #1: stderr all=off uptime,level,tags foldmultilines=false

Environment Variables:
JAVA_HOME=C:\Program Files\Eclipse Adoptium\jdk-21.0.6.7-hotspot
PATH=C:\Program Files\Eclipse Adoptium\jdk-21.0.6.7-hotspot\bin;c:\Users\eray_\AppData\Local\Programs\cursor\resources\app\bin;C:\Program Files\Common Files\Oracle\Java\javapath;C:\WINDOWS\system32;C:\WINDOWS;C:\WINDOWS\System32\Wbem;C:\WINDOWS\System32\WindowsPowerShell\v1.0\;C:\WINDOWS\System32\OpenSSH\;C:\Program Files\Microsoft SQL Server\150\Tools\Binn\;C:\Program Files\Microsoft SQL Server\Client SDK\ODBC\170\Tools\Binn\;C:\Program Files\dotnet\;C:\Program Files\NVIDIA Corporation\NVIDIA app\NvDLISR;C:\Users\eray_\AppData\Local\Programs\Python\Python313\Scripts\;C:\Users\eray_\AppData\Local\Programs\Python\Python313\;C:\Users\eray_\AppData\Local\Microsoft\WindowsApps;C:\Users\eray_\.dotnet\tools;c:\Users\eray_\AppData\Local\Programs\cursor\resources\app\bin;c:\Users\eray_\AppData\Local\Programs\cursor\resources\app\bin;C:\Program Files (x86)\NVIDIA Corporation\PhysX\Common;C:\Program Files\Git\cmd;C:\Program Files\nodejs\;C:\Users\eray_\AppData\Local\Android\Sdk\platform-tools;C:\Program Files\MySQL\MySQL Shell 8.0\bin\;C:\Users\eray_\AppData\Local\Programs\Python\Python313\Scripts\;C:\Users\eray_\AppData\Local\Programs\Python\Python313\;C:\Users\eray_\AppData\Local\Microsoft\WindowsApps;C:\Users\eray_\.dotnet\tools;C:\Users\eray_\AppData\Local\Programs\Microsoft VS Code\bin;C:\Users\eray_\AppData\Local\gitkraken\bin;C:\Users\eray_\AppData\Local\Programs\Windsurf\bin;C:\Users\eray_\AppData\Local\GitHubDesktop\bin;C:\apache-maven-3.9.9\bin;C:\Program Files\Eclipse Adoptium\jdk-21.0.6.7-hotspot\bin;C:\Users\eray_\AppData\Roaming\npm;C:\Users\eray_\AppData\Local\Programs\Microsoft VS Code Insiders\bin;C:\Users\eray_\AppData\Local\JetBrains\Toolbox\scripts;C:\Users\eray_\AppData\Local\Programs\cursor\resources\app\bin
USERNAME=eray_
OS=Windows_NT
PROCESSOR_IDENTIFIER=AMD64 Family 25 Model 68 Stepping 1, AuthenticAMD
TMP=C:\Users\eray_\AppData\Local\Temp
TEMP=C:\Users\eray_\AppData\Local\Temp




Periodic native trim disabled

---------------  S Y S T E M  ---------------

OS:
 Windows 11 , 64 bit Build 26100 (10.0.26100.3323)
OS uptime: 0 days 21:58 hours
Hyper-V role detected

CPU: total 12 (initial active 12) (12 cores per cpu, 2 threads per core) family 25 model 68 stepping 1 microcode 0xa404102, cx8, cmov, fxsr, ht, mmx, 3dnowpref, sse, sse2, sse3, ssse3, sse4a, sse4.1, sse4.2, popcnt, lzcnt, tsc, tscinvbit, avx, avx2, aes, erms, clmul, bmi1, bmi2, adx, sha, fma, vzeroupper, clflush, clflushopt, hv, rdtscp, rdpid, fsrm, f16c, cet_ss
Processor Information for processor 0
  Max Mhz: 3301, Current Mhz: 2635, Mhz Limit: 3301
Processor Information for processor 1
  Max Mhz: 3301, Current Mhz: 3301, Mhz Limit: 3301
Processor Information for processor 2
  Max Mhz: 3301, Current Mhz: 2635, Mhz Limit: 3301
Processor Information for processor 3
  Max Mhz: 3301, Current Mhz: 3301, Mhz Limit: 3301
Processor Information for processor 4
  Max Mhz: 3301, Current Mhz: 2635, Mhz Limit: 3301
Processor Information for processor 5
  Max Mhz: 3301, Current Mhz: 2635, Mhz Limit: 3301
Processor Information for processor 6
  Max Mhz: 3301, Current Mhz: 3301, Mhz Limit: 3301
Processor Information for processor 7
  Max Mhz: 3301, Current Mhz: 3301, Mhz Limit: 3301
Processor Information for processor 8
  Max Mhz: 3301, Current Mhz: 2635, Mhz Limit: 3301
Processor Information for processor 9
  Max Mhz: 3301, Current Mhz: 2635, Mhz Limit: 3301
Processor Information for processor 10
  Max Mhz: 3301, Current Mhz: 2635, Mhz Limit: 3301
Processor Information for processor 11
  Max Mhz: 3301, Current Mhz: 2635, Mhz Limit: 3301

Memory: 4k page, system-wide physical 7365M (398M free)
TotalPageFile size 29893M (AvailPageFile size 184M)
current process WorkingSet (physical memory assigned to process): 12M, peak: 12M
current process commit charge ("private bytes"): 64M, peak: 180M

vm_info: OpenJDK 64-Bit Server VM (21.0.6+7-LTS) for windows-amd64 JRE (21.0.6+7-LTS), built on 2025-01-21T00:00:00Z by "admin" with MS VC++ 17.7 (VS2022)

END.
