#
# There is insufficient memory for the Java Runtime Environment to continue.
# Native memory allocation (malloc) failed to allocate 141936 bytes. Error detail: Chunk::new
# Possible reasons:
#   The system is out of physical RAM or swap space
#   This process is running with CompressedOops enabled, and the Java Heap may be blocking the growth of the native heap
# Possible solutions:
#   Reduce memory load on the system
#   Increase physical memory or swap space
#   Check if swap backing store is full
#   Decrease Java heap size (-Xmx/-Xms)
#   Decrease number of Java threads
#   Decrease Java thread stack sizes (-Xss)
#   Set larger code cache with -XX:ReservedCodeCacheSize=
#   JVM is running with Unscaled Compressed Oops mode in which the Java heap is
#     placed in the first 4GB address space. The Java Heap base address is the
#     maximum limit for the native heap growth. Please use -XX:HeapBaseMinAddress
#     to set the Java Heap base and to place the Java Heap above 4GB virtual address.
# This output file may be truncated or incomplete.
#
#  Out of Memory Error (arena.cpp:168), pid=40064, tid=38532
#
# JRE version: OpenJDK Runtime Environment Temurin-21.0.6+7 (21.0.6+7) (build 21.0.6+7-LTS)
# Java VM: OpenJDK 64-Bit Server VM Temurin-21.0.6+7 (21.0.6+7-LTS, mixed mode, tiered, compressed oops, compressed class ptrs, g1 gc, windows-amd64)
# No core dump will be written. Minidumps are not enabled by default on client versions of Windows
#

---------------  S U M M A R Y ------------

Command Line: -Dfile.encoding=utf8 c:\Users\eray_\.windsurf\extensions\vscjava.vscode-gradle-3.15.0-universal\lib\gradle-language-server.jar

Host: AMD Ryzen 5 7535HS with Radeon Graphics        , 12 cores, 7G,  Windows 11 , 64 bit Build 26100 (10.0.26100.3323)
Time: Tue Apr  8 20:04:16 2025 Türkiye Standart Saati elapsed time: 8.980521 seconds (0d 0h 0m 8s)

---------------  T H R E A D  ---------------

Current thread (0x00000116aa0b5d70):  JavaThread "C2 CompilerThread0" daemon [_thread_in_native, id=38532, stack(0x00000015c2700000,0x00000015c2800000) (1024K)]


Current CompileTask:
C2:8980  643       4       java.util.stream.ReferencePipeline$3$1::accept (23 bytes)

Stack: [0x00000015c2700000,0x00000015c2800000]
Native frames: (J=compiled Java code, j=interpreted, Vv=VM code, C=native code)
V  [jvm.dll+0x6cdee9]
V  [jvm.dll+0x8a83d1]
V  [jvm.dll+0x8aa8fe]
V  [jvm.dll+0x8aafe3]
V  [jvm.dll+0x27f706]
V  [jvm.dll+0xc500d]
V  [jvm.dll+0xc5543]
V  [jvm.dll+0x3b6752]
V  [jvm.dll+0x1dfa8b]
V  [jvm.dll+0x247b42]
V  [jvm.dll+0x246fcf]
V  [jvm.dll+0x1c75ee]
V  [jvm.dll+0x25685a]
V  [jvm.dll+0x254dfa]
V  [jvm.dll+0x3f0256]
V  [jvm.dll+0x851f8b]
V  [jvm.dll+0x6cc5ed]
C  [ucrtbase.dll+0x37b0]
C  [KERNEL32.DLL+0x2e8d7]
C  [ntdll.dll+0xbbf6c]


---------------  P R O C E S S  ---------------

Threads class SMR info:
_java_thread_list=0x00000116aa237b30, length=11, elements={
0x0000011686d42680, 0x00000116aa079270, 0x00000116aa07a9e0, 0x00000116aa064c60,
0x00000116aa0656b0, 0x00000116aa067b40, 0x00000116aa069ad0, 0x00000116aa0b5d70,
0x00000116aa0b6410, 0x00000116aa26b3b0, 0x00000116aa26a000
}

Java Threads: ( => current thread )
  0x0000011686d42680 JavaThread "main"                              [_thread_in_native, id=40440, stack(0x00000015c1900000,0x00000015c1a00000) (1024K)]
  0x00000116aa079270 JavaThread "Reference Handler"          daemon [_thread_blocked, id=40436, stack(0x00000015c2100000,0x00000015c2200000) (1024K)]
  0x00000116aa07a9e0 JavaThread "Finalizer"                  daemon [_thread_blocked, id=38548, stack(0x00000015c2200000,0x00000015c2300000) (1024K)]
  0x00000116aa064c60 JavaThread "Signal Dispatcher"          daemon [_thread_blocked, id=38544, stack(0x00000015c2300000,0x00000015c2400000) (1024K)]
  0x00000116aa0656b0 JavaThread "Attach Listener"            daemon [_thread_blocked, id=38392, stack(0x00000015c2400000,0x00000015c2500000) (1024K)]
  0x00000116aa067b40 JavaThread "Service Thread"             daemon [_thread_blocked, id=38372, stack(0x00000015c2500000,0x00000015c2600000) (1024K)]
  0x00000116aa069ad0 JavaThread "Monitor Deflation Thread"   daemon [_thread_blocked, id=38476, stack(0x00000015c2600000,0x00000015c2700000) (1024K)]
=>0x00000116aa0b5d70 JavaThread "C2 CompilerThread0"         daemon [_thread_in_native, id=38532, stack(0x00000015c2700000,0x00000015c2800000) (1024K)]
  0x00000116aa0b6410 JavaThread "C1 CompilerThread0"         daemon [_thread_blocked, id=38536, stack(0x00000015c2800000,0x00000015c2900000) (1024K)]
  0x00000116aa26b3b0 JavaThread "Notification Thread"        daemon [_thread_blocked, id=38556, stack(0x00000015c2900000,0x00000015c2a00000) (1024K)]
  0x00000116aa26a000 JavaThread "Common-Cleaner"             daemon [_thread_blocked, id=38560, stack(0x00000015c2a00000,0x00000015c2b00000) (1024K)]
Total: 11

Other Threads:
  0x00000116aa018810 VMThread "VM Thread"                           [id=40444, stack(0x00000015c2000000,0x00000015c2100000) (1024K)]
  0x00000116a5d65e10 WatcherThread "VM Periodic Task Thread"        [id=40448, stack(0x00000015c1f00000,0x00000015c2000000) (1024K)]
  0x0000011689158fc0 WorkerThread "GC Thread#0"                     [id=40720, stack(0x00000015c1a00000,0x00000015c1b00000) (1024K)]
  0x000001168916a410 ConcurrentGCThread "G1 Main Marker"            [id=40724, stack(0x00000015c1b00000,0x00000015c1c00000) (1024K)]
  0x000001168916af10 WorkerThread "G1 Conc#0"                       [id=40728, stack(0x00000015c1c00000,0x00000015c1d00000) (1024K)]
  0x00000116891cea20 ConcurrentGCThread "G1 Refine#0"               [id=39436, stack(0x00000015c1d00000,0x00000015c1e00000) (1024K)]
  0x00000116a5c36760 ConcurrentGCThread "G1 Service"                [id=14276, stack(0x00000015c1e00000,0x00000015c1f00000) (1024K)]
Total: 7

Threads with active compile tasks:
C2 CompilerThread0  8996  643       4       java.util.stream.ReferencePipeline$3$1::accept (23 bytes)
Total: 1

VM state: not at safepoint (normal execution)

VM Mutex/Monitor currently owned by a thread: None

Heap address: 0x000000008ce00000, size: 1842 MB, Compressed Oops mode: 32-bit

CDS archive(s) not mapped
Compressed class space mapped at: 0x0000000100000000-0x0000000140000000, reserved size: 1073741824
Narrow klass base: 0x0000000000000000, Narrow klass shift: 3, Narrow klass range: 0x140000000

GC Precious Log:
 CardTable entry size: 512
 Card Set container configuration: InlinePtr #cards 5 size 8 Array Of Cards #cards 12 size 40 Howl #buckets 4 coarsen threshold 1843 Howl Bitmap #cards 512 size 80 coarsen threshold 460 Card regions per heap region 1 cards per card region 2048
 CPUs: 12 total, 12 available
 Memory: 7365M
 Large Page Support: Disabled
 NUMA Support: Disabled
 Compressed Oops: Enabled (32-bit)
 Heap Region Size: 1M
 Heap Min Capacity: 8M
 Heap Initial Capacity: 116M
 Heap Max Capacity: 1842M
 Pre-touch: Disabled
 Parallel Workers: 10
 Concurrent Workers: 3
 Concurrent Refinement Workers: 10
 Periodic GC: Disabled

Heap:
 garbage-first heap   total 118784K, used 13312K [0x000000008ce00000, 0x0000000100000000)
  region size 1024K, 13 young (13312K), 0 survivors (0K)
 Metaspace       used 10983K, committed 11136K, reserved 1114112K
  class space    used 932K, committed 1024K, reserved 1048576K

Heap Regions: E=young(eden), S=young(survivor), O=old, HS=humongous(starts), HC=humongous(continues), CS=collection set, F=free, TAMS=top-at-mark-start, PB=parsable bottom
|   0|0x000000008ce00000, 0x000000008cf00000, 0x000000008cf00000|100%|HS|  |TAMS 0x000000008ce00000| PB 0x000000008ce00000| Complete 
|   1|0x000000008cf00000, 0x000000008cf00000, 0x000000008d000000|  0%| F|  |TAMS 0x000000008cf00000| PB 0x000000008cf00000| Untracked 
|   2|0x000000008d000000, 0x000000008d000000, 0x000000008d100000|  0%| F|  |TAMS 0x000000008d000000| PB 0x000000008d000000| Untracked 
|   3|0x000000008d100000, 0x000000008d100000, 0x000000008d200000|  0%| F|  |TAMS 0x000000008d100000| PB 0x000000008d100000| Untracked 
|   4|0x000000008d200000, 0x000000008d200000, 0x000000008d300000|  0%| F|  |TAMS 0x000000008d200000| PB 0x000000008d200000| Untracked 
|   5|0x000000008d300000, 0x000000008d300000, 0x000000008d400000|  0%| F|  |TAMS 0x000000008d300000| PB 0x000000008d300000| Untracked 
|   6|0x000000008d400000, 0x000000008d400000, 0x000000008d500000|  0%| F|  |TAMS 0x000000008d400000| PB 0x000000008d400000| Untracked 
|   7|0x000000008d500000, 0x000000008d500000, 0x000000008d600000|  0%| F|  |TAMS 0x000000008d500000| PB 0x000000008d500000| Untracked 
|   8|0x000000008d600000, 0x000000008d600000, 0x000000008d700000|  0%| F|  |TAMS 0x000000008d600000| PB 0x000000008d600000| Untracked 
|   9|0x000000008d700000, 0x000000008d700000, 0x000000008d800000|  0%| F|  |TAMS 0x000000008d700000| PB 0x000000008d700000| Untracked 
|  10|0x000000008d800000, 0x000000008d800000, 0x000000008d900000|  0%| F|  |TAMS 0x000000008d800000| PB 0x000000008d800000| Untracked 
|  11|0x000000008d900000, 0x000000008d900000, 0x000000008da00000|  0%| F|  |TAMS 0x000000008d900000| PB 0x000000008d900000| Untracked 
|  12|0x000000008da00000, 0x000000008da00000, 0x000000008db00000|  0%| F|  |TAMS 0x000000008da00000| PB 0x000000008da00000| Untracked 
|  13|0x000000008db00000, 0x000000008db00000, 0x000000008dc00000|  0%| F|  |TAMS 0x000000008db00000| PB 0x000000008db00000| Untracked 
|  14|0x000000008dc00000, 0x000000008dc00000, 0x000000008dd00000|  0%| F|  |TAMS 0x000000008dc00000| PB 0x000000008dc00000| Untracked 
|  15|0x000000008dd00000, 0x000000008dd00000, 0x000000008de00000|  0%| F|  |TAMS 0x000000008dd00000| PB 0x000000008dd00000| Untracked 
|  16|0x000000008de00000, 0x000000008de00000, 0x000000008df00000|  0%| F|  |TAMS 0x000000008de00000| PB 0x000000008de00000| Untracked 
|  17|0x000000008df00000, 0x000000008df00000, 0x000000008e000000|  0%| F|  |TAMS 0x000000008df00000| PB 0x000000008df00000| Untracked 
|  18|0x000000008e000000, 0x000000008e000000, 0x000000008e100000|  0%| F|  |TAMS 0x000000008e000000| PB 0x000000008e000000| Untracked 
|  19|0x000000008e100000, 0x000000008e100000, 0x000000008e200000|  0%| F|  |TAMS 0x000000008e100000| PB 0x000000008e100000| Untracked 
|  20|0x000000008e200000, 0x000000008e200000, 0x000000008e300000|  0%| F|  |TAMS 0x000000008e200000| PB 0x000000008e200000| Untracked 
|  21|0x000000008e300000, 0x000000008e300000, 0x000000008e400000|  0%| F|  |TAMS 0x000000008e300000| PB 0x000000008e300000| Untracked 
|  22|0x000000008e400000, 0x000000008e400000, 0x000000008e500000|  0%| F|  |TAMS 0x000000008e400000| PB 0x000000008e400000| Untracked 
|  23|0x000000008e500000, 0x000000008e500000, 0x000000008e600000|  0%| F|  |TAMS 0x000000008e500000| PB 0x000000008e500000| Untracked 
|  24|0x000000008e600000, 0x000000008e600000, 0x000000008e700000|  0%| F|  |TAMS 0x000000008e600000| PB 0x000000008e600000| Untracked 
|  25|0x000000008e700000, 0x000000008e700000, 0x000000008e800000|  0%| F|  |TAMS 0x000000008e700000| PB 0x000000008e700000| Untracked 
|  26|0x000000008e800000, 0x000000008e800000, 0x000000008e900000|  0%| F|  |TAMS 0x000000008e800000| PB 0x000000008e800000| Untracked 
|  27|0x000000008e900000, 0x000000008e900000, 0x000000008ea00000|  0%| F|  |TAMS 0x000000008e900000| PB 0x000000008e900000| Untracked 
|  28|0x000000008ea00000, 0x000000008ea00000, 0x000000008eb00000|  0%| F|  |TAMS 0x000000008ea00000| PB 0x000000008ea00000| Untracked 
|  29|0x000000008eb00000, 0x000000008eb00000, 0x000000008ec00000|  0%| F|  |TAMS 0x000000008eb00000| PB 0x000000008eb00000| Untracked 
|  30|0x000000008ec00000, 0x000000008ec00000, 0x000000008ed00000|  0%| F|  |TAMS 0x000000008ec00000| PB 0x000000008ec00000| Untracked 
|  31|0x000000008ed00000, 0x000000008ed00000, 0x000000008ee00000|  0%| F|  |TAMS 0x000000008ed00000| PB 0x000000008ed00000| Untracked 
|  32|0x000000008ee00000, 0x000000008ee00000, 0x000000008ef00000|  0%| F|  |TAMS 0x000000008ee00000| PB 0x000000008ee00000| Untracked 
|  33|0x000000008ef00000, 0x000000008ef00000, 0x000000008f000000|  0%| F|  |TAMS 0x000000008ef00000| PB 0x000000008ef00000| Untracked 
|  34|0x000000008f000000, 0x000000008f000000, 0x000000008f100000|  0%| F|  |TAMS 0x000000008f000000| PB 0x000000008f000000| Untracked 
|  35|0x000000008f100000, 0x000000008f100000, 0x000000008f200000|  0%| F|  |TAMS 0x000000008f100000| PB 0x000000008f100000| Untracked 
|  36|0x000000008f200000, 0x000000008f200000, 0x000000008f300000|  0%| F|  |TAMS 0x000000008f200000| PB 0x000000008f200000| Untracked 
|  37|0x000000008f300000, 0x000000008f300000, 0x000000008f400000|  0%| F|  |TAMS 0x000000008f300000| PB 0x000000008f300000| Untracked 
|  38|0x000000008f400000, 0x000000008f400000, 0x000000008f500000|  0%| F|  |TAMS 0x000000008f400000| PB 0x000000008f400000| Untracked 
|  39|0x000000008f500000, 0x000000008f500000, 0x000000008f600000|  0%| F|  |TAMS 0x000000008f500000| PB 0x000000008f500000| Untracked 
|  40|0x000000008f600000, 0x000000008f600000, 0x000000008f700000|  0%| F|  |TAMS 0x000000008f600000| PB 0x000000008f600000| Untracked 
|  41|0x000000008f700000, 0x000000008f700000, 0x000000008f800000|  0%| F|  |TAMS 0x000000008f700000| PB 0x000000008f700000| Untracked 
|  42|0x000000008f800000, 0x000000008f800000, 0x000000008f900000|  0%| F|  |TAMS 0x000000008f800000| PB 0x000000008f800000| Untracked 
|  43|0x000000008f900000, 0x000000008f900000, 0x000000008fa00000|  0%| F|  |TAMS 0x000000008f900000| PB 0x000000008f900000| Untracked 
|  44|0x000000008fa00000, 0x000000008fa00000, 0x000000008fb00000|  0%| F|  |TAMS 0x000000008fa00000| PB 0x000000008fa00000| Untracked 
|  45|0x000000008fb00000, 0x000000008fb00000, 0x000000008fc00000|  0%| F|  |TAMS 0x000000008fb00000| PB 0x000000008fb00000| Untracked 
|  46|0x000000008fc00000, 0x000000008fc00000, 0x000000008fd00000|  0%| F|  |TAMS 0x000000008fc00000| PB 0x000000008fc00000| Untracked 
|  47|0x000000008fd00000, 0x000000008fd00000, 0x000000008fe00000|  0%| F|  |TAMS 0x000000008fd00000| PB 0x000000008fd00000| Untracked 
|  48|0x000000008fe00000, 0x000000008fe00000, 0x000000008ff00000|  0%| F|  |TAMS 0x000000008fe00000| PB 0x000000008fe00000| Untracked 
|  49|0x000000008ff00000, 0x000000008ff00000, 0x0000000090000000|  0%| F|  |TAMS 0x000000008ff00000| PB 0x000000008ff00000| Untracked 
|  50|0x0000000090000000, 0x0000000090000000, 0x0000000090100000|  0%| F|  |TAMS 0x0000000090000000| PB 0x0000000090000000| Untracked 
|  51|0x0000000090100000, 0x0000000090100000, 0x0000000090200000|  0%| F|  |TAMS 0x0000000090100000| PB 0x0000000090100000| Untracked 
|  52|0x0000000090200000, 0x0000000090200000, 0x0000000090300000|  0%| F|  |TAMS 0x0000000090200000| PB 0x0000000090200000| Untracked 
|  53|0x0000000090300000, 0x0000000090300000, 0x0000000090400000|  0%| F|  |TAMS 0x0000000090300000| PB 0x0000000090300000| Untracked 
|  54|0x0000000090400000, 0x0000000090400000, 0x0000000090500000|  0%| F|  |TAMS 0x0000000090400000| PB 0x0000000090400000| Untracked 
|  55|0x0000000090500000, 0x0000000090500000, 0x0000000090600000|  0%| F|  |TAMS 0x0000000090500000| PB 0x0000000090500000| Untracked 
|  56|0x0000000090600000, 0x0000000090600000, 0x0000000090700000|  0%| F|  |TAMS 0x0000000090600000| PB 0x0000000090600000| Untracked 
|  57|0x0000000090700000, 0x0000000090700000, 0x0000000090800000|  0%| F|  |TAMS 0x0000000090700000| PB 0x0000000090700000| Untracked 
|  58|0x0000000090800000, 0x0000000090800000, 0x0000000090900000|  0%| F|  |TAMS 0x0000000090800000| PB 0x0000000090800000| Untracked 
|  59|0x0000000090900000, 0x0000000090900000, 0x0000000090a00000|  0%| F|  |TAMS 0x0000000090900000| PB 0x0000000090900000| Untracked 
|  60|0x0000000090a00000, 0x0000000090a00000, 0x0000000090b00000|  0%| F|  |TAMS 0x0000000090a00000| PB 0x0000000090a00000| Untracked 
|  61|0x0000000090b00000, 0x0000000090b00000, 0x0000000090c00000|  0%| F|  |TAMS 0x0000000090b00000| PB 0x0000000090b00000| Untracked 
|  62|0x0000000090c00000, 0x0000000090c00000, 0x0000000090d00000|  0%| F|  |TAMS 0x0000000090c00000| PB 0x0000000090c00000| Untracked 
|  63|0x0000000090d00000, 0x0000000090d00000, 0x0000000090e00000|  0%| F|  |TAMS 0x0000000090d00000| PB 0x0000000090d00000| Untracked 
|  64|0x0000000090e00000, 0x0000000090e00000, 0x0000000090f00000|  0%| F|  |TAMS 0x0000000090e00000| PB 0x0000000090e00000| Untracked 
|  65|0x0000000090f00000, 0x0000000090f00000, 0x0000000091000000|  0%| F|  |TAMS 0x0000000090f00000| PB 0x0000000090f00000| Untracked 
|  66|0x0000000091000000, 0x0000000091000000, 0x0000000091100000|  0%| F|  |TAMS 0x0000000091000000| PB 0x0000000091000000| Untracked 
|  67|0x0000000091100000, 0x0000000091100000, 0x0000000091200000|  0%| F|  |TAMS 0x0000000091100000| PB 0x0000000091100000| Untracked 
|  68|0x0000000091200000, 0x0000000091200000, 0x0000000091300000|  0%| F|  |TAMS 0x0000000091200000| PB 0x0000000091200000| Untracked 
|  69|0x0000000091300000, 0x0000000091300000, 0x0000000091400000|  0%| F|  |TAMS 0x0000000091300000| PB 0x0000000091300000| Untracked 
|  70|0x0000000091400000, 0x0000000091400000, 0x0000000091500000|  0%| F|  |TAMS 0x0000000091400000| PB 0x0000000091400000| Untracked 
|  71|0x0000000091500000, 0x0000000091500000, 0x0000000091600000|  0%| F|  |TAMS 0x0000000091500000| PB 0x0000000091500000| Untracked 
|  72|0x0000000091600000, 0x0000000091600000, 0x0000000091700000|  0%| F|  |TAMS 0x0000000091600000| PB 0x0000000091600000| Untracked 
|  73|0x0000000091700000, 0x0000000091700000, 0x0000000091800000|  0%| F|  |TAMS 0x0000000091700000| PB 0x0000000091700000| Untracked 
|  74|0x0000000091800000, 0x0000000091800000, 0x0000000091900000|  0%| F|  |TAMS 0x0000000091800000| PB 0x0000000091800000| Untracked 
|  75|0x0000000091900000, 0x0000000091900000, 0x0000000091a00000|  0%| F|  |TAMS 0x0000000091900000| PB 0x0000000091900000| Untracked 
|  76|0x0000000091a00000, 0x0000000091a00000, 0x0000000091b00000|  0%| F|  |TAMS 0x0000000091a00000| PB 0x0000000091a00000| Untracked 
|  77|0x0000000091b00000, 0x0000000091b00000, 0x0000000091c00000|  0%| F|  |TAMS 0x0000000091b00000| PB 0x0000000091b00000| Untracked 
|  78|0x0000000091c00000, 0x0000000091c00000, 0x0000000091d00000|  0%| F|  |TAMS 0x0000000091c00000| PB 0x0000000091c00000| Untracked 
|  79|0x0000000091d00000, 0x0000000091d00000, 0x0000000091e00000|  0%| F|  |TAMS 0x0000000091d00000| PB 0x0000000091d00000| Untracked 
|  80|0x0000000091e00000, 0x0000000091e00000, 0x0000000091f00000|  0%| F|  |TAMS 0x0000000091e00000| PB 0x0000000091e00000| Untracked 
|  81|0x0000000091f00000, 0x0000000091f00000, 0x0000000092000000|  0%| F|  |TAMS 0x0000000091f00000| PB 0x0000000091f00000| Untracked 
|  82|0x0000000092000000, 0x0000000092000000, 0x0000000092100000|  0%| F|  |TAMS 0x0000000092000000| PB 0x0000000092000000| Untracked 
|  83|0x0000000092100000, 0x0000000092100000, 0x0000000092200000|  0%| F|  |TAMS 0x0000000092100000| PB 0x0000000092100000| Untracked 
|  84|0x0000000092200000, 0x0000000092200000, 0x0000000092300000|  0%| F|  |TAMS 0x0000000092200000| PB 0x0000000092200000| Untracked 
|  85|0x0000000092300000, 0x0000000092300000, 0x0000000092400000|  0%| F|  |TAMS 0x0000000092300000| PB 0x0000000092300000| Untracked 
|  86|0x0000000092400000, 0x0000000092400000, 0x0000000092500000|  0%| F|  |TAMS 0x0000000092400000| PB 0x0000000092400000| Untracked 
|  87|0x0000000092500000, 0x0000000092500000, 0x0000000092600000|  0%| F|  |TAMS 0x0000000092500000| PB 0x0000000092500000| Untracked 
|  88|0x0000000092600000, 0x0000000092600000, 0x0000000092700000|  0%| F|  |TAMS 0x0000000092600000| PB 0x0000000092600000| Untracked 
|  89|0x0000000092700000, 0x0000000092700000, 0x0000000092800000|  0%| F|  |TAMS 0x0000000092700000| PB 0x0000000092700000| Untracked 
|  90|0x0000000092800000, 0x0000000092800000, 0x0000000092900000|  0%| F|  |TAMS 0x0000000092800000| PB 0x0000000092800000| Untracked 
|  91|0x0000000092900000, 0x0000000092900000, 0x0000000092a00000|  0%| F|  |TAMS 0x0000000092900000| PB 0x0000000092900000| Untracked 
|  92|0x0000000092a00000, 0x0000000092a00000, 0x0000000092b00000|  0%| F|  |TAMS 0x0000000092a00000| PB 0x0000000092a00000| Untracked 
|  93|0x0000000092b00000, 0x0000000092b00000, 0x0000000092c00000|  0%| F|  |TAMS 0x0000000092b00000| PB 0x0000000092b00000| Untracked 
|  94|0x0000000092c00000, 0x0000000092c00000, 0x0000000092d00000|  0%| F|  |TAMS 0x0000000092c00000| PB 0x0000000092c00000| Untracked 
|  95|0x0000000092d00000, 0x0000000092d00000, 0x0000000092e00000|  0%| F|  |TAMS 0x0000000092d00000| PB 0x0000000092d00000| Untracked 
|  96|0x0000000092e00000, 0x0000000092e00000, 0x0000000092f00000|  0%| F|  |TAMS 0x0000000092e00000| PB 0x0000000092e00000| Untracked 
|  97|0x0000000092f00000, 0x0000000092f00000, 0x0000000093000000|  0%| F|  |TAMS 0x0000000092f00000| PB 0x0000000092f00000| Untracked 
|  98|0x0000000093000000, 0x0000000093000000, 0x0000000093100000|  0%| F|  |TAMS 0x0000000093000000| PB 0x0000000093000000| Untracked 
|  99|0x0000000093100000, 0x0000000093100000, 0x0000000093200000|  0%| F|  |TAMS 0x0000000093100000| PB 0x0000000093100000| Untracked 
| 100|0x0000000093200000, 0x0000000093200000, 0x0000000093300000|  0%| F|  |TAMS 0x0000000093200000| PB 0x0000000093200000| Untracked 
| 101|0x0000000093300000, 0x0000000093300000, 0x0000000093400000|  0%| F|  |TAMS 0x0000000093300000| PB 0x0000000093300000| Untracked 
| 102|0x0000000093400000, 0x0000000093400000, 0x0000000093500000|  0%| F|  |TAMS 0x0000000093400000| PB 0x0000000093400000| Untracked 
| 103|0x0000000093500000, 0x0000000093575c40, 0x0000000093600000| 46%| E|  |TAMS 0x0000000093500000| PB 0x0000000093500000| Complete 
| 104|0x0000000093600000, 0x0000000093700000, 0x0000000093700000|100%| E|CS|TAMS 0x0000000093600000| PB 0x0000000093600000| Complete 
| 105|0x0000000093700000, 0x0000000093800000, 0x0000000093800000|100%| E|CS|TAMS 0x0000000093700000| PB 0x0000000093700000| Complete 
| 106|0x0000000093800000, 0x0000000093900000, 0x0000000093900000|100%| E|CS|TAMS 0x0000000093800000| PB 0x0000000093800000| Complete 
| 107|0x0000000093900000, 0x0000000093a00000, 0x0000000093a00000|100%| E|CS|TAMS 0x0000000093900000| PB 0x0000000093900000| Complete 
| 108|0x0000000093a00000, 0x0000000093b00000, 0x0000000093b00000|100%| E|CS|TAMS 0x0000000093a00000| PB 0x0000000093a00000| Complete 
| 109|0x0000000093b00000, 0x0000000093c00000, 0x0000000093c00000|100%| E|CS|TAMS 0x0000000093b00000| PB 0x0000000093b00000| Complete 
| 110|0x0000000093c00000, 0x0000000093d00000, 0x0000000093d00000|100%| E|CS|TAMS 0x0000000093c00000| PB 0x0000000093c00000| Complete 
| 111|0x0000000093d00000, 0x0000000093e00000, 0x0000000093e00000|100%| E|CS|TAMS 0x0000000093d00000| PB 0x0000000093d00000| Complete 
| 112|0x0000000093e00000, 0x0000000093f00000, 0x0000000093f00000|100%| E|CS|TAMS 0x0000000093e00000| PB 0x0000000093e00000| Complete 
| 113|0x0000000093f00000, 0x0000000094000000, 0x0000000094000000|100%| E|CS|TAMS 0x0000000093f00000| PB 0x0000000093f00000| Complete 
| 114|0x0000000094000000, 0x0000000094100000, 0x0000000094100000|100%| E|CS|TAMS 0x0000000094000000| PB 0x0000000094000000| Complete 
| 115|0x0000000094100000, 0x0000000094200000, 0x0000000094200000|100%| E|CS|TAMS 0x0000000094100000| PB 0x0000000094100000| Complete 

Card table byte_map: [0x00000116a10e0000,0x00000116a1480000] _byte_map_base: 0x00000116a0c79000

Marking Bits: (CMBitMap*) 0x00000116891596c0
 Bits: [0x00000116a1480000, 0x00000116a3148000)

Polling page: 0x0000011686f60000

Metaspace:

Usage:
  Non-class:      9.81 MB used.
      Class:    932.80 KB used.
       Both:     10.73 MB used.

Virtual space:
  Non-class space:       64.00 MB reserved,       9.88 MB ( 15%) committed,  1 nodes.
      Class space:        1.00 GB reserved,       1.00 MB ( <1%) committed,  1 nodes.
             Both:        1.06 GB reserved,      10.88 MB ( <1%) committed. 

Chunk freelists:
   Non-Class:  6.09 MB
       Class:  15.05 MB
        Both:  21.14 MB

MaxMetaspaceSize: unlimited
CompressedClassSpaceSize: 1.00 GB
Initial GC threshold: 21.00 MB
Current GC threshold: 21.00 MB
CDS: off
 - commit_granule_bytes: 65536.
 - commit_granule_words: 8192.
 - virtual_space_node_default_size: 8388608.
 - enlarge_chunks_in_place: 1.
 - use_allocation_guard: 0.


Internal statistics:

num_allocs_failed_limit: 0.
num_arena_births: 18.
num_arena_deaths: 0.
num_vsnodes_births: 2.
num_vsnodes_deaths: 0.
num_space_committed: 174.
num_space_uncommitted: 0.
num_chunks_returned_to_freelist: 0.
num_chunks_taken_from_freelist: 68.
num_chunk_merges: 0.
num_chunk_splits: 34.
num_chunks_enlarged: 23.
num_inconsistent_stats: 0.

CodeHeap 'non-profiled nmethods': size=120000Kb used=249Kb max_used=249Kb free=119750Kb
 bounds [0x00000116992c0000, 0x0000011699530000, 0x00000116a07f0000]
CodeHeap 'profiled nmethods': size=120000Kb used=1038Kb max_used=1038Kb free=118961Kb
 bounds [0x00000116917f0000, 0x0000011691a60000, 0x0000011698d20000]
CodeHeap 'non-nmethods': size=5760Kb used=1329Kb max_used=1358Kb free=4430Kb
 bounds [0x0000011698d20000, 0x0000011698f90000, 0x00000116992c0000]
 total_blobs=1081 nmethods=642 adapters=344
 compilation: enabled
              stopped_count=0, restarted_count=0
 full_count=0

Compilation events (20 events):
Event: 6.255 Thread 0x00000116aa0b5d70 nmethod 633 0x00000116992f4310 code [0x00000116992f44a0, 0x00000116992f4738]
Event: 6.255 Thread 0x00000116aa0b5d70  634       4       java.lang.String::startsWith (123 bytes)
Event: 6.257 Thread 0x00000116aa0b5d70 nmethod 634 0x00000116992f4910 code [0x00000116992f4ac0, 0x00000116992f4e10]
Event: 6.275 Thread 0x00000116aa0b5d70  635       4       sun.nio.fs.WindowsPath$WindowsPathWithAttributes::getFileSystem (5 bytes)
Event: 6.276 Thread 0x00000116aa0b5d70 nmethod 635 0x00000116992f5090 code [0x00000116992f5220, 0x00000116992f52b0]
Event: 6.280 Thread 0x00000116aa0b5d70  636       4       java.lang.AbstractStringBuilder::<init> (39 bytes)
Event: 6.281 Thread 0x00000116aa0b5d70 nmethod 636 0x00000116992f5390 code [0x00000116992f5520, 0x00000116992f5788]
Event: 6.281 Thread 0x00000116aa0b5d70  637       4       java.lang.String::<init> (99 bytes)
Event: 6.284 Thread 0x00000116aa0b5d70 nmethod 637 0x00000116992f5890 code [0x00000116992f5a60, 0x00000116992f6020]
Event: 6.330 Thread 0x00000116aa0b5d70  638       4       java.nio.file.FileTreeIterator::fetchNextIfNeeded (65 bytes)
Event: 6.393 Thread 0x00000116aa0b5d70 nmethod 638 0x00000116992f6290 code [0x00000116992f6740, 0x00000116992fa170]
Event: 6.393 Thread 0x00000116aa0b5d70  639       4       java.lang.StringLatin1::inflate (34 bytes)
Event: 6.396 Thread 0x00000116aa0b5d70 nmethod 639 0x00000116992fbc90 code [0x00000116992fbe20, 0x00000116992fc028]
Event: 6.396 Thread 0x00000116aa0b5d70  640       4       java.io.File::<init> (47 bytes)
Event: 6.401 Thread 0x00000116aa0b5d70 nmethod 640 0x00000116992fc110 code [0x00000116992fc320, 0x00000116992fcaf0]
Event: 6.402 Thread 0x00000116aa0b5d70  641       4       java.nio.file.Path::toFile (36 bytes)
Event: 6.409 Thread 0x00000116aa0b5d70 nmethod 641 0x00000116992fd190 code [0x00000116992fd3c0, 0x00000116992fdc78]
Event: 6.424 Thread 0x00000116aa0b6410  642       3       java.nio.file.Files::provider (10 bytes)
Event: 6.425 Thread 0x00000116aa0b6410 nmethod 642 0x00000116918f3710 code [0x00000116918f38c0, 0x00000116918f3a90]
Event: 6.938 Thread 0x00000116aa0b5d70  643       4       java.util.stream.ReferencePipeline$3$1::accept (23 bytes)

GC Heap History (0 events):
No events

Dll operation events (6 events):
Event: 0.045 Loaded shared library C:\Program Files\Eclipse Adoptium\jdk-21.0.6.7-hotspot\bin\java.dll
Event: 4.261 Loaded shared library C:\Program Files\Eclipse Adoptium\jdk-21.0.6.7-hotspot\bin\jsvml.dll
Event: 4.344 Loaded shared library C:\Program Files\Eclipse Adoptium\jdk-21.0.6.7-hotspot\bin\net.dll
Event: 4.347 Loaded shared library C:\Program Files\Eclipse Adoptium\jdk-21.0.6.7-hotspot\bin\nio.dll
Event: 4.369 Loaded shared library C:\Program Files\Eclipse Adoptium\jdk-21.0.6.7-hotspot\bin\zip.dll
Event: 5.593 Loaded shared library C:\Program Files\Eclipse Adoptium\jdk-21.0.6.7-hotspot\bin\jimage.dll

Deoptimization events (20 events):
Event: 5.462 Thread 0x0000011686d42680 Uncommon trap: trap_request=0xffffff45 fr.pc=0x00000116992c6574 relative=0x00000000000002b4
Event: 5.462 Thread 0x0000011686d42680 Uncommon trap: reason=unstable_if action=reinterpret pc=0x00000116992c6574 method=java.lang.StringLatin1.hashCode([B)I @ 2 c2
Event: 5.463 Thread 0x0000011686d42680 DEOPT PACKING pc=0x00000116992c6574 sp=0x00000015c19fadb0
Event: 5.463 Thread 0x0000011686d42680 DEOPT UNPACKING pc=0x0000011698d746a2 sp=0x00000015c19face8 mode 2
Event: 5.574 Thread 0x0000011686d42680 DEOPT PACKING pc=0x000001169181cf60 sp=0x00000015c19fc440
Event: 5.575 Thread 0x0000011686d42680 DEOPT UNPACKING pc=0x0000011698d74e42 sp=0x00000015c19fba18 mode 0
Event: 5.613 Thread 0x0000011686d42680 Uncommon trap: trap_request=0xffffff6e fr.pc=0x00000116992db78c relative=0x000000000000026c
Event: 5.613 Thread 0x0000011686d42680 Uncommon trap: reason=loop_limit_check action=maybe_recompile pc=0x00000116992db78c method=java.math.BigInteger.implMulAdd([I[IIII)I @ 26 c2
Event: 5.613 Thread 0x0000011686d42680 DEOPT PACKING pc=0x00000116992db78c sp=0x00000015c19fbef0
Event: 5.613 Thread 0x0000011686d42680 DEOPT UNPACKING pc=0x0000011698d746a2 sp=0x00000015c19fbe40 mode 2
Event: 5.662 Thread 0x0000011686d42680 DEOPT PACKING pc=0x0000011691864d07 sp=0x00000015c19fabc0
Event: 5.662 Thread 0x0000011686d42680 DEOPT UNPACKING pc=0x0000011698d74e42 sp=0x00000015c19fa058 mode 0
Event: 5.677 Thread 0x0000011686d42680 DEOPT PACKING pc=0x0000011691808acc sp=0x00000015c19fa620
Event: 5.677 Thread 0x0000011686d42680 DEOPT UNPACKING pc=0x0000011698d74e42 sp=0x00000015c19f9a40 mode 0
Event: 5.712 Thread 0x0000011686d42680 DEOPT PACKING pc=0x000001169180594c sp=0x00000015c19fed00
Event: 5.712 Thread 0x0000011686d42680 DEOPT UNPACKING pc=0x0000011698d74e42 sp=0x00000015c19fe168 mode 0
Event: 5.777 Thread 0x0000011686d42680 DEOPT PACKING pc=0x00000116918b9b9f sp=0x00000015c19fee30
Event: 5.777 Thread 0x0000011686d42680 DEOPT UNPACKING pc=0x0000011698d74e42 sp=0x00000015c19fe308 mode 0
Event: 6.342 Thread 0x0000011686d42680 DEOPT PACKING pc=0x00000116918ce9c3 sp=0x00000015c19feb40
Event: 6.342 Thread 0x0000011686d42680 DEOPT UNPACKING pc=0x0000011698d74e42 sp=0x00000015c19fdfb8 mode 0

Classes loaded (20 events):
Event: 5.698 Loading class java/util/stream/TerminalSink
Event: 5.698 Loading class java/util/stream/Sink
Event: 5.698 Loading class java/util/function/Consumer
Event: 5.698 Loading class java/util/function/Consumer done
Event: 5.698 Loading class java/util/stream/Sink done
Event: 5.698 Loading class java/util/stream/TerminalSink done
Event: 5.698 Loading class java/util/stream/ReduceOps$AccumulatingSink done
Event: 5.698 Loading class java/util/stream/ReduceOps$Box
Event: 5.698 Loading class java/util/stream/ReduceOps$Box done
Event: 5.698 Loading class java/util/stream/ReduceOps$3ReducingSink done
Event: 5.698 Loading class java/util/stream/ReferencePipeline$3$1
Event: 5.698 Loading class java/util/stream/Sink$ChainedReference
Event: 5.698 Loading class java/util/stream/Sink$ChainedReference done
Event: 5.698 Loading class java/util/stream/ReferencePipeline$3$1 done
Event: 5.698 Loading class java/util/stream/ReferencePipeline$2$1
Event: 5.698 Loading class java/util/stream/ReferencePipeline$2$1 done
Event: 5.698 Loading class sun/nio/fs/WindowsPath$WindowsPathWithAttributes
Event: 5.698 Loading class sun/nio/fs/BasicFileAttributesHolder
Event: 5.698 Loading class sun/nio/fs/BasicFileAttributesHolder done
Event: 5.698 Loading class sun/nio/fs/WindowsPath$WindowsPathWithAttributes done

Classes unloaded (0 events):
No events

Classes redefined (0 events):
No events

Internal exceptions (1 events):
Event: 5.528 Thread 0x0000011686d42680 Exception <a 'java/lang/NoSuchMethodError'{0x0000000093ececf8}: 'void java.lang.invoke.DirectMethodHandle$Holder.invokeVirtual(java.lang.Object, java.lang.Object)'> (0x0000000093ececf8) 
thrown [s\src\hotspot\share\interpreter\linkResolver.cpp, line 773]

ZGC Phase Switch (0 events):
No events

VM Operations (8 events):
Event: 4.380 Executing VM operation: HandshakeAllThreads (Deoptimize)
Event: 4.381 Executing VM operation: HandshakeAllThreads (Deoptimize) done
Event: 5.389 Executing VM operation: Cleanup
Event: 5.437 Executing VM operation: Cleanup done
Event: 5.513 Executing VM operation: HandshakeAllThreads (Deoptimize)
Event: 5.513 Executing VM operation: HandshakeAllThreads (Deoptimize) done
Event: 6.527 Executing VM operation: Cleanup
Event: 6.527 Executing VM operation: Cleanup done

Memory protections (0 events):
No events

Nmethod flushes (0 events):
No events

Events (11 events):
Event: 4.125 Thread 0x0000011686d42680 Thread added: 0x0000011686d42680
Event: 4.244 Thread 0x0000011686d42680 Thread added: 0x00000116aa079270
Event: 4.245 Thread 0x0000011686d42680 Thread added: 0x00000116aa07a9e0
Event: 4.248 Thread 0x0000011686d42680 Thread added: 0x00000116aa064c60
Event: 4.248 Thread 0x0000011686d42680 Thread added: 0x00000116aa0656b0
Event: 4.248 Thread 0x0000011686d42680 Thread added: 0x00000116aa067b40
Event: 4.248 Thread 0x0000011686d42680 Thread added: 0x00000116aa069ad0
Event: 4.248 Thread 0x0000011686d42680 Thread added: 0x00000116aa0b5d70
Event: 4.248 Thread 0x0000011686d42680 Thread added: 0x00000116aa0b6410
Event: 4.318 Thread 0x0000011686d42680 Thread added: 0x00000116aa26b3b0
Event: 4.325 Thread 0x0000011686d42680 Thread added: 0x00000116aa26a000


Dynamic libraries:
0x00007ff69c440000 - 0x00007ff69c44e000 	C:\Program Files\Eclipse Adoptium\jdk-21.0.6.7-hotspot\bin\java.exe
0x00007ffd0d480000 - 0x00007ffd0d6e3000 	C:\WINDOWS\SYSTEM32\ntdll.dll
0x00007ffd0b300000 - 0x00007ffd0b3c7000 	C:\WINDOWS\System32\KERNEL32.DLL
0x00007ffd0ab90000 - 0x00007ffd0af59000 	C:\WINDOWS\System32\KERNELBASE.dll
0x00007ffd0a720000 - 0x00007ffd0a86c000 	C:\WINDOWS\System32\ucrtbase.dll
0x00007ffce1ae0000 - 0x00007ffce1af8000 	C:\Program Files\Eclipse Adoptium\jdk-21.0.6.7-hotspot\bin\jli.dll
0x00007ffd0c730000 - 0x00007ffd0c8fa000 	C:\WINDOWS\System32\USER32.dll
0x00007ffd0a920000 - 0x00007ffd0a947000 	C:\WINDOWS\System32\win32u.dll
0x00007ffd0d240000 - 0x00007ffd0d26a000 	C:\WINDOWS\System32\GDI32.dll
0x00007ffd0b160000 - 0x00007ffd0b291000 	C:\WINDOWS\System32\gdi32full.dll
0x00007ffd0a870000 - 0x00007ffd0a913000 	C:\WINDOWS\System32\msvcp_win.dll
0x00007ffcf8650000 - 0x00007ffcf88e0000 	C:\WINDOWS\WinSxS\amd64_microsoft.windows.common-controls_6595b64144ccf1df_6.0.26100.3323_none_3e088096e3344490\COMCTL32.dll
0x00007ffd0cae0000 - 0x00007ffd0cb89000 	C:\WINDOWS\System32\msvcrt.dll
0x00007ffcb0290000 - 0x00007ffcb02ae000 	C:\Program Files\Eclipse Adoptium\jdk-21.0.6.7-hotspot\bin\VCRUNTIME140.dll
0x00007ffd0bcd0000 - 0x00007ffd0bcff000 	C:\WINDOWS\System32\IMM32.DLL
0x00007ffcf7030000 - 0x00007ffcf703c000 	C:\Program Files\Eclipse Adoptium\jdk-21.0.6.7-hotspot\bin\vcruntime140_1.dll
0x00007ffc82e50000 - 0x00007ffc82edd000 	C:\Program Files\Eclipse Adoptium\jdk-21.0.6.7-hotspot\bin\msvcp140.dll
0x00007ffc4eef0000 - 0x00007ffc4fc80000 	C:\Program Files\Eclipse Adoptium\jdk-21.0.6.7-hotspot\bin\server\jvm.dll
0x00007ffd0c4b0000 - 0x00007ffd0c562000 	C:\WINDOWS\System32\ADVAPI32.dll
0x00007ffd0c380000 - 0x00007ffd0c426000 	C:\WINDOWS\System32\sechost.dll
0x00007ffd0cb90000 - 0x00007ffd0cca6000 	C:\WINDOWS\System32\RPCRT4.dll
0x00007ffd0c900000 - 0x00007ffd0c974000 	C:\WINDOWS\System32\WS2_32.dll
0x00007ffd092d0000 - 0x00007ffd0931e000 	C:\WINDOWS\SYSTEM32\POWRPROF.dll
0x00007ffd029d0000 - 0x00007ffd029db000 	C:\WINDOWS\SYSTEM32\VERSION.dll
0x00007ffd02930000 - 0x00007ffd02966000 	C:\WINDOWS\SYSTEM32\WINMM.dll
0x00007ffd092b0000 - 0x00007ffd092c4000 	C:\WINDOWS\SYSTEM32\UMPDC.dll
0x00007ffd09570000 - 0x00007ffd0958a000 	C:\WINDOWS\SYSTEM32\kernel.appcore.dll
0x00007ffce2530000 - 0x00007ffce253a000 	C:\Program Files\Eclipse Adoptium\jdk-21.0.6.7-hotspot\bin\jimage.dll
0x00007ffcfcfd0000 - 0x00007ffcfd211000 	C:\WINDOWS\SYSTEM32\DBGHELP.DLL
0x00007ffd0ccc0000 - 0x00007ffd0d042000 	C:\WINDOWS\System32\combase.dll
0x00007ffd0d050000 - 0x00007ffd0d126000 	C:\WINDOWS\System32\OLEAUT32.dll
0x00007ffceb150000 - 0x00007ffceb189000 	C:\WINDOWS\SYSTEM32\dbgcore.DLL
0x00007ffd0a680000 - 0x00007ffd0a719000 	C:\WINDOWS\System32\bcryptPrimitives.dll
0x00007ffcb0240000 - 0x00007ffcb025f000 	C:\Program Files\Eclipse Adoptium\jdk-21.0.6.7-hotspot\bin\java.dll
0x00007ffd0b5b0000 - 0x00007ffd0bcc5000 	C:\WINDOWS\System32\SHELL32.dll
0x00007ffd0aff0000 - 0x00007ffd0b158000 	C:\WINDOWS\System32\wintypes.dll
0x00007ffd08340000 - 0x00007ffd08b85000 	C:\WINDOWS\SYSTEM32\windows.storage.dll
0x00007ffd0bd10000 - 0x00007ffd0bdfb000 	C:\WINDOWS\System32\SHCORE.dll
0x00007ffd0b2a0000 - 0x00007ffd0b2fd000 	C:\WINDOWS\System32\shlwapi.dll
0x00007ffd0a590000 - 0x00007ffd0a5bf000 	C:\WINDOWS\SYSTEM32\profapi.dll
0x00007ffc825b0000 - 0x00007ffc82687000 	C:\Program Files\Eclipse Adoptium\jdk-21.0.6.7-hotspot\bin\jsvml.dll
0x00007ffcd4bc0000 - 0x00007ffcd4bd0000 	C:\Program Files\Eclipse Adoptium\jdk-21.0.6.7-hotspot\bin\net.dll
0x00007ffd041a0000 - 0x00007ffd042be000 	C:\WINDOWS\SYSTEM32\WINHTTP.dll
0x00007ffd09a70000 - 0x00007ffd09ada000 	C:\WINDOWS\system32\mswsock.dll
0x00007ffcaff10000 - 0x00007ffcaff26000 	C:\Program Files\Eclipse Adoptium\jdk-21.0.6.7-hotspot\bin\nio.dll
0x00007ffcaf170000 - 0x00007ffcaf188000 	C:\Program Files\Eclipse Adoptium\jdk-21.0.6.7-hotspot\bin\zip.dll

dbghelp: loaded successfully - version: 4.0.5 - missing functions: none
symbol engine: initialized successfully - sym options: 0x614 - pdb path: .;C:\Program Files\Eclipse Adoptium\jdk-21.0.6.7-hotspot\bin;C:\WINDOWS\SYSTEM32;C:\WINDOWS\WinSxS\amd64_microsoft.windows.common-controls_6595b64144ccf1df_6.0.26100.3323_none_3e088096e3344490;C:\Program Files\Eclipse Adoptium\jdk-21.0.6.7-hotspot\bin\server

VM Arguments:
jvm_args: -Dfile.encoding=utf8 
java_command: c:\Users\eray_\.windsurf\extensions\vscjava.vscode-gradle-3.15.0-universal\lib\gradle-language-server.jar
java_class_path (initial): c:\Users\eray_\.windsurf\extensions\vscjava.vscode-gradle-3.15.0-universal\lib\gradle-language-server.jar
Launcher Type: SUN_STANDARD

[Global flags]
     intx CICompilerCount                          = 4                                         {product} {ergonomic}
     uint ConcGCThreads                            = 3                                         {product} {ergonomic}
     uint G1ConcRefinementThreads                  = 10                                        {product} {ergonomic}
   size_t G1HeapRegionSize                         = 1048576                                   {product} {ergonomic}
    uintx GCDrainStackTargetSize                   = 64                                        {product} {ergonomic}
   size_t InitialHeapSize                          = 121634816                                 {product} {ergonomic}
   size_t MarkStackSize                            = 4194304                                   {product} {ergonomic}
   size_t MaxHeapSize                              = 1931476992                                {product} {ergonomic}
   size_t MaxNewSize                               = 1158676480                                {product} {ergonomic}
   size_t MinHeapDeltaBytes                        = 1048576                                   {product} {ergonomic}
   size_t MinHeapSize                              = 8388608                                   {product} {ergonomic}
    uintx NonNMethodCodeHeapSize                   = 5839372                                {pd product} {ergonomic}
    uintx NonProfiledCodeHeapSize                  = 122909434                              {pd product} {ergonomic}
    uintx ProfiledCodeHeapSize                     = 122909434                              {pd product} {ergonomic}
    uintx ReservedCodeCacheSize                    = 251658240                              {pd product} {ergonomic}
     bool SegmentedCodeCache                       = true                                      {product} {ergonomic}
   size_t SoftMaxHeapSize                          = 1931476992                             {manageable} {ergonomic}
     bool UseCompressedOops                        = true                           {product lp64_product} {ergonomic}
     bool UseG1GC                                  = true                                      {product} {ergonomic}
     bool UseLargePagesIndividualAllocation        = false                                  {pd product} {ergonomic}

Logging:
Log output configuration:
 #0: stdout all=warning uptime,level,tags foldmultilines=false
 #1: stderr all=off uptime,level,tags foldmultilines=false

Environment Variables:
JAVA_HOME=C:\Program Files\Eclipse Adoptium\jdk-21.0.6.7-hotspot
PATH=C:\Program Files\Eclipse Adoptium\jdk-21.0.6.7-hotspot\bin;c:\Users\eray_\AppData\Local\Programs\cursor\resources\app\bin;C:\Program Files\Common Files\Oracle\Java\javapath;C:\WINDOWS\system32;C:\WINDOWS;C:\WINDOWS\System32\Wbem;C:\WINDOWS\System32\WindowsPowerShell\v1.0\;C:\WINDOWS\System32\OpenSSH\;C:\Program Files\Microsoft SQL Server\150\Tools\Binn\;C:\Program Files\Microsoft SQL Server\Client SDK\ODBC\170\Tools\Binn\;C:\Program Files\dotnet\;C:\Program Files\NVIDIA Corporation\NVIDIA app\NvDLISR;C:\Users\eray_\AppData\Local\Programs\Python\Python313\Scripts\;C:\Users\eray_\AppData\Local\Programs\Python\Python313\;C:\Users\eray_\AppData\Local\Microsoft\WindowsApps;C:\Users\eray_\.dotnet\tools;c:\Users\eray_\AppData\Local\Programs\cursor\resources\app\bin;c:\Users\eray_\AppData\Local\Programs\cursor\resources\app\bin;C:\Program Files (x86)\NVIDIA Corporation\PhysX\Common;C:\Program Files\Git\cmd;C:\Program Files\nodejs\;C:\Users\eray_\AppData\Local\Android\Sdk\platform-tools;C:\Program Files\MySQL\MySQL Shell 8.0\bin\;C:\Users\eray_\AppData\Local\Programs\Python\Python313\Scripts\;C:\Users\eray_\AppData\Local\Programs\Python\Python313\;C:\Users\eray_\AppData\Local\Microsoft\WindowsApps;C:\Users\eray_\.dotnet\tools;C:\Users\eray_\AppData\Local\Programs\Microsoft VS Code\bin;C:\Users\eray_\AppData\Local\gitkraken\bin;C:\Users\eray_\AppData\Local\Programs\Windsurf\bin;C:\Users\eray_\AppData\Local\GitHubDesktop\bin;C:\apache-maven-3.9.9\bin;C:\Program Files\Eclipse Adoptium\jdk-21.0.6.7-hotspot\bin;C:\Users\eray_\AppData\Roaming\npm;C:\Users\eray_\AppData\Local\Programs\Microsoft VS Code Insiders\bin;C:\Users\eray_\AppData\Local\JetBrains\Toolbox\scripts;C:\Users\eray_\AppData\Local\Programs\cursor\resources\app\bin
USERNAME=eray_
OS=Windows_NT
PROCESSOR_IDENTIFIER=AMD64 Family 25 Model 68 Stepping 1, AuthenticAMD
TMP=C:\Users\eray_\AppData\Local\Temp
TEMP=C:\Users\eray_\AppData\Local\Temp




Periodic native trim disabled

---------------  S Y S T E M  ---------------

OS:
 Windows 11 , 64 bit Build 26100 (10.0.26100.3323)
OS uptime: 0 days 21:57 hours
Hyper-V role detected

CPU: total 12 (initial active 12) (12 cores per cpu, 2 threads per core) family 25 model 68 stepping 1 microcode 0xa404102, cx8, cmov, fxsr, ht, mmx, 3dnowpref, sse, sse2, sse3, ssse3, sse4a, sse4.1, sse4.2, popcnt, lzcnt, tsc, tscinvbit, avx, avx2, aes, erms, clmul, bmi1, bmi2, adx, sha, fma, vzeroupper, clflush, clflushopt, hv, rdtscp, rdpid, fsrm, f16c, cet_ss
Processor Information for processor 0
  Max Mhz: 3301, Current Mhz: 3301, Mhz Limit: 3301
Processor Information for processor 1
  Max Mhz: 3301, Current Mhz: 3301, Mhz Limit: 3301
Processor Information for processor 2
  Max Mhz: 3301, Current Mhz: 3301, Mhz Limit: 3301
Processor Information for processor 3
  Max Mhz: 3301, Current Mhz: 3301, Mhz Limit: 3301
Processor Information for processor 4
  Max Mhz: 3301, Current Mhz: 3301, Mhz Limit: 3301
Processor Information for processor 5
  Max Mhz: 3301, Current Mhz: 2635, Mhz Limit: 3301
Processor Information for processor 6
  Max Mhz: 3301, Current Mhz: 3301, Mhz Limit: 3301
Processor Information for processor 7
  Max Mhz: 3301, Current Mhz: 3301, Mhz Limit: 3301
Processor Information for processor 8
  Max Mhz: 3301, Current Mhz: 2635, Mhz Limit: 3301
Processor Information for processor 9
  Max Mhz: 3301, Current Mhz: 3301, Mhz Limit: 3301
Processor Information for processor 10
  Max Mhz: 3301, Current Mhz: 3301, Mhz Limit: 3301
Processor Information for processor 11
  Max Mhz: 3301, Current Mhz: 3301, Mhz Limit: 3301

Memory: 4k page, system-wide physical 7365M (284M free)
TotalPageFile size 29893M (AvailPageFile size 33M)
current process WorkingSet (physical memory assigned to process): 58M, peak: 59M
current process commit charge ("private bytes"): 209M, peak: 210M

vm_info: OpenJDK 64-Bit Server VM (21.0.6+7-LTS) for windows-amd64 JRE (21.0.6+7-LTS), built on 2025-01-21T00:00:00Z by "admin" with MS VC++ 17.7 (VS2022)

END.
